\BOOKMARK [0][]{chapter*.1}{Acknowledgements}{}% 1
\BOOKMARK [0][]{chapter*.2}{Abstract}{}% 2
\BOOKMARK [0][]{chapter.1}{1 Introduction}{}% 3
\BOOKMARK [1][-]{section.1.1}{1.1 Background}{chapter.1}% 4
\BOOKMARK [2][-]{subsection.1.1.1}{1.1.1 Bitcoin}{section.1.1}% 5
\BOOKMARK [2][-]{subsection.1.1.2}{1.1.2 Micropayment channels}{section.1.1}% 6
\BOOKMARK [2][-]{subsection.1.1.3}{1.1.3 Hashed Time-Lock Contracts \(HTLCs\)}{section.1.1}% 7
\BOOKMARK [1][-]{section.1.2}{1.2 Related work}{chapter.1}% 8
\BOOKMARK [0][]{chapter.2}{2 Design}{}% 9
\BOOKMARK [1][-]{section.2.1}{2.1 Requirements}{chapter.2}% 10
\BOOKMARK [1][-]{section.2.2}{2.2 System Overview}{chapter.2}% 11
\BOOKMARK [1][-]{section.2.3}{2.3 System components}{chapter.2}% 12
\BOOKMARK [2][-]{subsection.2.3.1}{2.3.1 Sensor nodes}{section.2.3}% 13
\BOOKMARK [2][-]{subsection.2.3.2}{2.3.2 Buyers}{section.2.3}% 14
\BOOKMARK [2][-]{subsection.2.3.3}{2.3.3 Central Hub}{section.2.3}% 15
\BOOKMARK [1][-]{section.2.4}{2.4 Achieving the requirements}{chapter.2}% 16
\BOOKMARK [2][-]{subsection.2.4.1}{2.4.1 Achieving Scalability and Efficiency}{section.2.4}% 17
\BOOKMARK [2][-]{subsection.2.4.2}{2.4.2 Achieving Security}{section.2.4}% 18
\BOOKMARK [2][-]{subsection.2.4.3}{2.4.3 Achieving Anonymity}{section.2.4}% 19
\BOOKMARK [0][]{chapter.3}{3 Implementation}{}% 20
\BOOKMARK [1][-]{section.3.1}{3.1 API design}{chapter.3}% 21
\BOOKMARK [2][-]{subsection.3.1.1}{3.1.1 Client}{section.3.1}% 22
\BOOKMARK [2][-]{subsection.3.1.2}{3.1.2 Server}{section.3.1}% 23
\BOOKMARK [2][-]{subsection.3.1.3}{3.1.3 Cross-component communication}{section.3.1}% 24
\BOOKMARK [2][-]{subsection.3.1.4}{3.1.4 Establishing a micropayment channel}{section.3.1}% 25
\BOOKMARK [2][-]{subsection.3.1.5}{3.1.5 Making an HTLC payment}{section.3.1}% 26
\BOOKMARK [1][-]{section.3.2}{3.2 Application implementation}{chapter.3}% 27
\BOOKMARK [2][-]{subsection.3.2.1}{3.2.1 Buyer application}{section.3.2}% 28
\BOOKMARK [2][-]{subsection.3.2.2}{3.2.2 Hub application}{section.3.2}% 29
\BOOKMARK [2][-]{subsection.3.2.3}{3.2.3 Android application}{section.3.2}% 30
\BOOKMARK [2][-]{subsection.3.2.4}{3.2.4 Running the full-system protocol}{section.3.2}% 31
\BOOKMARK [0][]{chapter.4}{4 Evaluation}{}% 32
\BOOKMARK [0][]{chapter.5}{5 Conclusion}{}% 33
\BOOKMARK [0][]{chapter.6}{6 References}{}% 34
\BOOKMARK [0][]{chapter*.33}{Bibliography}{}% 35
\BOOKMARK [0][]{appendix.U}{A Appendix Chapter}{}% 36
