#
# There is insufficient memory for the Java Runtime Environment to continue.
# Native memory allocation (malloc) failed to allocate 130547712 bytes for committing reserved memory.
# Possible reasons:
#   The system is out of physical RAM or swap space
#   In 32 bit mode, the process size limit was hit
# Possible solutions:
#   Reduce memory load on the system
#   Increase physical memory or swap space
#   Check if swap backing store is full
#   Use 64 bit Java on a 64 bit OS
#   Decrease Java heap size (-Xmx/-Xms)
#   Decrease number of Java threads
#   Decrease Java thread stack sizes (-Xss)
#   Set larger code cache with -XX:ReservedCodeCacheSize=
# This output file may be truncated or incomplete.
#
#  Out of Memory Error (os_linux.cpp:2809), pid=20652, tid=139625367426816
#
# JRE version: OpenJDK Runtime Environment (7.0_79-b14) (build 1.7.0_79-b14)
# Java VM: OpenJDK 64-Bit Server VM (24.79-b02 mixed mode linux-amd64 compressed oops)
# Derivative: IcedTea 2.5.5
# Distribution: Ubuntu 14.04 LTS, package 7u79-2.5.5-0ubuntu0.14.04.2
# Failed to write core dump. Core dumps have been disabled. To enable core dumping, try "ulimit -c unlimited" before starting Java again
#

---------------  T H R E A D  ---------------

Current thread (0x00007efd14076000):  VMThread [stack: 0x00007efd105d5000,0x00007efd106d6000] [id=20662]

Stack: [0x00007efd105d5000,0x00007efd106d6000],  sp=0x00007efd106d4490,  free space=1021k
Native frames: (J=compiled Java code, j=interpreted, Vv=VM code, C=native code)
V  [libjvm.so+0x94aec5]  VMError::report_and_die()+0x175
V  [libjvm.so+0x48b9c4]  report_vm_out_of_memory(char const*, int, unsigned long, char const*)+0x74
V  [libjvm.so+0x7c806b]  os::pd_commit_memory(char*, unsigned long, unsigned long, bool)+0xeb
V  [libjvm.so+0x7c2b0f]  os::commit_memory(char*, unsigned long, unsigned long, bool)+0x1f
V  [libjvm.so+0x83500b]  PSVirtualSpace::expand_by(unsigned long)+0x5b
V  [libjvm.so+0x835e60]  PSYoungGen::resize_generation(unsigned long, unsigned long)+0xb0
V  [libjvm.so+0x83654b]  PSYoungGen::resize(unsigned long, unsigned long)+0x1b
V  [libjvm.so+0x832830]  PSScavenge::invoke_no_policy()+0xde0
V  [libjvm.so+0x833008]  PSScavenge::invoke()+0x38
V  [libjvm.so+0x7e96f3]  ParallelScavengeHeap::failed_mem_allocate(unsigned long)+0x63
V  [libjvm.so+0x94c8c4]  VM_ParallelGCFailedAllocation::doit()+0x84
V  [libjvm.so+0x950dc7]  VM_Operation::evaluate()+0x47
V  [libjvm.so+0x94f738]  VMThread::evaluate_operation(VM_Operation*)+0x318
V  [libjvm.so+0x94fb99]  VMThread::loop()+0x219
V  [libjvm.so+0x94ffe2]  VMThread::run()+0x72
V  [libjvm.so+0x7c4f32]  java_start(Thread*)+0xf2

VM_Operation (0x00007efd1d8efcb0): ParallelGCFailedAllocation, mode: safepoint, requested by thread 0x00007efd1400a800


---------------  P R O C E S S  ---------------

Java Threads: ( => current thread )
  0x00007efd140af800 JavaThread "Service Thread" daemon [_thread_blocked, id=20668, stack(0x00007efd0b6ad000,0x00007efd0b7ae000)]
  0x00007efd140ad800 JavaThread "C2 CompilerThread1" daemon [_thread_blocked, id=20667, stack(0x00007efd100d0000,0x00007efd101d1000)]
  0x00007efd140aa800 JavaThread "C2 CompilerThread0" daemon [_thread_blocked, id=20666, stack(0x00007efd101d1000,0x00007efd102d2000)]
  0x00007efd140a8000 JavaThread "Signal Dispatcher" daemon [_thread_blocked, id=20665, stack(0x00007efd102d2000,0x00007efd103d3000)]
  0x00007efd1407c000 JavaThread "Finalizer" daemon [_thread_blocked, id=20664, stack(0x00007efd103d3000,0x00007efd104d4000)]
  0x00007efd1407a000 JavaThread "Reference Handler" daemon [_thread_blocked, id=20663, stack(0x00007efd104d4000,0x00007efd105d5000)]
  0x00007efd1400a800 JavaThread "main" [_thread_blocked, id=20657, stack(0x00007efd1d7f1000,0x00007efd1d8f2000)]

Other Threads:
=>0x00007efd14076000 VMThread [stack: 0x00007efd105d5000,0x00007efd106d6000] [id=20662]
  0x00007efd140ba800 WatcherThread [stack: 0x00007efd0b5ac000,0x00007efd0b6ad000] [id=20669]

VM state:at safepoint (normal execution)

VM Mutex/Monitor currently owned by a thread:  ([mutex/lock_event])
[0x00007efd14006990] Threads_lock - owner thread: 0x00007efd14076000
[0x00007efd14006e90] Heap_lock - owner thread: 0x00007efd1400a800

Heap
 PSYoungGen      total 946688K, used 232952K [0x00000007aaa80000, 0x00000007f7c80000, 0x0000000800000000)
  eden space 713728K, 0% used [0x00000007aaa80000,0x00000007aaa80000,0x00000007d6380000)
  from space 232960K, 99% used [0x00000007e9900000,0x00000007f7c7e298,0x00000007f7c80000)
  to   space 206848K, 0% used [0x00000007d6380000,0x00000007d6380000,0x00000007e2d80000)
 ParOldGen       total 705536K, used 593838K [0x0000000700000000, 0x000000072b100000, 0x00000007aaa80000)
  object space 705536K, 84% used [0x0000000700000000,0x00000007243eb948,0x000000072b100000)
 PSPermGen       total 21504K, used 6948K [0x00000006f5a00000, 0x00000006f6f00000, 0x0000000700000000)
  object space 21504K, 32% used [0x00000006f5a00000,0x00000006f60c9158,0x00000006f6f00000)

Card table byte_map: [0x00007efd19bea000,0x00007efd1a43e000] byte_map_base: 0x00007efd1643d000

Polling page: 0x00007efd1d91b000

Code Cache  [0x00007efd11000000, 0x00007efd114f0000, 0x00007efd14000000)
 total_blobs=1821 nmethods=1588 adapters=186 free_code_cache=44182Kb largest_free_block=45161088

Compilation events (10 events):
Event: 42,230 Thread 0x00007efd140ad800 nmethod 1698 0x00007efd114d6350 code [0x00007efd114d64a0, 0x00007efd114d6528]
Event: 42,515 Thread 0x00007efd140aa800 1699             java.util.Date::getCalendarSystem (15 bytes)
Event: 42,515 Thread 0x00007efd140ad800 1700             java.util.Date::getTimeImpl (27 bytes)
Event: 42,516 Thread 0x00007efd140aa800 nmethod 1699 0x00007efd114e3990 code [0x00007efd114e3ae0, 0x00007efd114e3b48]
Event: 42,522 Thread 0x00007efd140ad800 nmethod 1700 0x00007efd114d2c10 code [0x00007efd114d2dc0, 0x00007efd114d3220]
Event: 43,066 Thread 0x00007efd140aa800 1701             com.android.dx.cf.code.BytecodeArray::parseTableswitch (205 bytes)
Event: 43,123 Thread 0x00007efd140aa800 nmethod 1701 0x00007efd114eb790 code [0x00007efd114eba00, 0x00007efd114ecf10]
Event: 43,271 Thread 0x00007efd140ad800 1702             com.android.dx.cf.direct.DirectClassFile::getThisClass (9 bytes)
Event: 43,272 Thread 0x00007efd140ad800 nmethod 1702 0x00007efd11469690 code [0x00007efd114697e0, 0x00007efd11469888]
Event: 43,761 Thread 0x00007efd140aa800 1703 %           com.android.dx.cf.direct.ClassPathOpener::processArchive @ 75 (214 bytes)

GC Heap History (10 events):
Event: 24,167 GC heap after
Heap after GC invocations=17 (full 3):
 PSYoungGen      total 742400K, used 113588K [0x00000007aaa80000, 0x00000007e3980000, 0x0000000800000000)
  eden space 598528K, 0% used [0x00000007aaa80000,0x00000007aaa80000,0x00000007cf300000)
  from space 143872K, 78% used [0x00000007d8c00000,0x00000007dfaed078,0x00000007e1880000)
  to   space 156672K, 0% used [0x00000007cf300000,0x00000007cf300000,0x00000007d8c00000)
 ParOldGen       total 458240K, used 387462K [0x0000000700000000, 0x000000071bf80000, 0x00000007aaa80000)
  object space 458240K, 84% used [0x0000000700000000,0x0000000717a61840,0x000000071bf80000)
 PSPermGen       total 21504K, used 6190K [0x00000006f5a00000, 0x00000006f6f00000, 0x0000000700000000)
  object space 21504K, 28% used [0x00000006f5a00000,0x00000006f600bb30,0x00000006f6f00000)
}
Event: 26,222 GC heap before
{Heap before GC invocations=18 (full 3):
 PSYoungGen      total 742400K, used 712116K [0x00000007aaa80000, 0x00000007e3980000, 0x0000000800000000)
  eden space 598528K, 100% used [0x00000007aaa80000,0x00000007cf300000,0x00000007cf300000)
  from space 143872K, 78% used [0x00000007d8c00000,0x00000007dfaed078,0x00000007e1880000)
  to   space 156672K, 0% used [0x00000007cf300000,0x00000007cf300000,0x00000007d8c00000)
 ParOldGen       total 458240K, used 387462K [0x0000000700000000, 0x000000071bf80000, 0x00000007aaa80000)
  object space 458240K, 84% used [0x0000000700000000,0x0000000717a61840,0x000000071bf80000)
 PSPermGen       total 21504K, used 6222K [0x00000006f5a00000, 0x00000006f6f00000, 0x0000000700000000)
  object space 21504K, 28% used [0x00000006f5a00000,0x00000006f6013800,0x00000006f6f00000)
Event: 26,466 GC heap after
Heap after GC invocations=18 (full 3):
 PSYoungGen      total 755200K, used 156670K [0x00000007aaa80000, 0x00000007ef100000, 0x0000000800000000)
  eden space 598528K, 0% used [0x00000007aaa80000,0x00000007aaa80000,0x00000007cf300000)
  from space 156672K, 99% used [0x00000007cf300000,0x00000007d8bff960,0x00000007d8c00000)
  to   space 197120K, 0% used [0x00000007e3080000,0x00000007e3080000,0x00000007ef100000)
 ParOldGen       total 458240K, used 427275K [0x0000000700000000, 0x000000071bf80000, 0x00000007aaa80000)
  object space 458240K, 93% used [0x0000000700000000,0x000000071a142d88,0x000000071bf80000)
 PSPermGen       total 21504K, used 6222K [0x00000006f5a00000, 0x00000006f6f00000, 0x0000000700000000)
  object space 21504K, 28% used [0x00000006f5a00000,0x00000006f6013800,0x00000006f6f00000)
}
Event: 26,466 GC heap before
{Heap before GC invocations=19 (full 4):
 PSYoungGen      total 755200K, used 156670K [0x00000007aaa80000, 0x00000007ef100000, 0x0000000800000000)
  eden space 598528K, 0% used [0x00000007aaa80000,0x00000007aaa80000,0x00000007cf300000)
  from space 156672K, 99% used [0x00000007cf300000,0x00000007d8bff960,0x00000007d8c00000)
  to   space 197120K, 0% used [0x00000007e3080000,0x00000007e3080000,0x00000007ef100000)
 ParOldGen       total 458240K, used 427275K [0x0000000700000000, 0x000000071bf80000, 0x00000007aaa80000)
  object space 458240K, 93% used [0x0000000700000000,0x000000071a142d88,0x000000071bf80000)
 PSPermGen       total 21504K, used 6222K [0x00000006f5a00000, 0x00000006f6f00000, 0x0000000700000000)
  object space 21504K, 28% used [0x00000006f5a00000,0x00000006f6013800,0x00000006f6f00000)
Event: 29,695 GC heap after
Heap after GC invocations=19 (full 4):
 PSYoungGen      total 755200K, used 120756K [0x00000007aaa80000, 0x00000007ef100000, 0x0000000800000000)
  eden space 598528K, 0% used [0x00000007aaa80000,0x00000007aaa80000,0x00000007cf300000)
  from space 156672K, 77% used [0x00000007cf300000,0x00000007d68ed248,0x00000007d8c00000)
  to   space 197120K, 0% used [0x00000007e3080000,0x00000007e3080000,0x00000007ef100000)
 ParOldGen       total 705536K, used 458020K [0x0000000700000000, 0x000000072b100000, 0x00000007aaa80000)
  object space 705536K, 64% used [0x0000000700000000,0x000000071bf49388,0x000000072b100000)
 PSPermGen       total 21504K, used 6221K [0x00000006f5a00000, 0x00000006f6f00000, 0x0000000700000000)
  object space 21504K, 28% used [0x00000006f5a00000,0x00000006f6013760,0x00000006f6f00000)
}
Event: 31,484 GC heap before
{Heap before GC invocations=20 (full 4):
 PSYoungGen      total 755200K, used 719284K [0x00000007aaa80000, 0x00000007ef100000, 0x0000000800000000)
  eden space 598528K, 100% used [0x00000007aaa80000,0x00000007cf300000,0x00000007cf300000)
  from space 156672K, 77% used [0x00000007cf300000,0x00000007d68ed248,0x00000007d8c00000)
  to   space 197120K, 0% used [0x00000007e3080000,0x00000007e3080000,0x00000007ef100000)
 ParOldGen       total 705536K, used 458020K [0x0000000700000000, 0x000000072b100000, 0x00000007aaa80000)
  object space 705536K, 64% used [0x0000000700000000,0x000000071bf49388,0x000000072b100000)
 PSPermGen       total 21504K, used 6229K [0x00000006f5a00000, 0x00000006f6f00000, 0x0000000700000000)
  object space 21504K, 28% used [0x00000006f5a00000,0x00000006f6015768,0x00000006f6f00000)
Event: 31,986 GC heap after
Heap after GC invocations=20 (full 4):
 PSYoungGen      total 910848K, used 133383K [0x00000007aaa80000, 0x00000007ef780000, 0x0000000800000000)
  eden space 713728K, 0% used [0x00000007aaa80000,0x00000007aaa80000,0x00000007d6380000)
  from space 197120K, 67% used [0x00000007e3080000,0x00000007eb2c1e70,0x00000007ef100000)
  to   space 206848K, 0% used [0x00000007d6380000,0x00000007d6380000,0x00000007e2d80000)
 ParOldGen       total 705536K, used 542344K [0x0000000700000000, 0x000000072b100000, 0x00000007aaa80000)
  object space 705536K, 76% used [0x0000000700000000,0x00000007211a2150,0x000000072b100000)
 PSPermGen       total 21504K, used 6229K [0x00000006f5a00000, 0x00000006f6f00000, 0x0000000700000000)
  object space 21504K, 28% used [0x00000006f5a00000,0x00000006f6015768,0x00000006f6f00000)
}
Event: 38,894 GC heap before
{Heap before GC invocations=21 (full 4):
 PSYoungGen      total 910848K, used 847111K [0x00000007aaa80000, 0x00000007ef780000, 0x0000000800000000)
  eden space 713728K, 100% used [0x00000007aaa80000,0x00000007d6380000,0x00000007d6380000)
  from space 197120K, 67% used [0x00000007e3080000,0x00000007eb2c1e70,0x00000007ef100000)
  to   space 206848K, 0% used [0x00000007d6380000,0x00000007d6380000,0x00000007e2d80000)
 ParOldGen       total 705536K, used 542344K [0x0000000700000000, 0x000000072b100000, 0x00000007aaa80000)
  object space 705536K, 76% used [0x0000000700000000,0x00000007211a2150,0x000000072b100000)
 PSPermGen       total 21504K, used 6529K [0x00000006f5a00000, 0x00000006f6f00000, 0x0000000700000000)
  object space 21504K, 30% used [0x00000006f5a00000,0x00000006f6060428,0x00000006f6f00000)
Event: 39,271 GC heap after
Heap after GC invocations=21 (full 4):
 PSYoungGen      total 920576K, used 185559K [0x00000007aaa80000, 0x00000007f7c80000, 0x0000000800000000)
  eden space 713728K, 0% used [0x00000007aaa80000,0x00000007aaa80000,0x00000007d6380000)
  from space 206848K, 89% used [0x00000007d6380000,0x00000007e18b5c10,0x00000007e2d80000)
  to   space 232960K, 0% used [0x00000007e9900000,0x00000007e9900000,0x00000007f7c80000)
 ParOldGen       total 705536K, used 542344K [0x0000000700000000, 0x000000072b100000, 0x00000007aaa80000)
  object space 705536K, 76% used [0x0000000700000000,0x00000007211a2150,0x000000072b100000)
 PSPermGen       total 21504K, used 6529K [0x00000006f5a00000, 0x00000006f6f00000, 0x0000000700000000)
  object space 21504K, 30% used [0x00000006f5a00000,0x00000006f6060428,0x00000006f6f00000)
}
Event: 43,800 GC heap before
{Heap before GC invocations=22 (full 4):
 PSYoungGen      total 920576K, used 899287K [0x00000007aaa80000, 0x00000007f7c80000, 0x0000000800000000)
  eden space 713728K, 100% used [0x00000007aaa80000,0x00000007d6380000,0x00000007d6380000)
  from space 206848K, 89% used [0x00000007d6380000,0x00000007e18b5c10,0x00000007e2d80000)
  to   space 232960K, 0% used [0x00000007e9900000,0x00000007e9900000,0x00000007f7c80000)
 ParOldGen       total 705536K, used 542344K [0x0000000700000000, 0x000000072b100000, 0x00000007aaa80000)
  object space 705536K, 76% used [0x0000000700000000,0x00000007211a2150,0x000000072b100000)
 PSPermGen       total 21504K, used 6948K [0x00000006f5a00000, 0x00000006f6f00000, 0x0000000700000000)
  object space 21504K, 32% used [0x00000006f5a00000,0x00000006f60c9158,0x00000006f6f00000)

Deoptimization events (10 events):
Event: 41,956 Thread 0x00007efd1400a800 Uncommon trap: reason=class_check action=maybe_recompile pc=0x00007efd110e2ef4 method=java.util.HashMap.<init>(IF)V @ 115
Event: 41,956 Thread 0x00007efd1400a800 Uncommon trap: reason=class_check action=maybe_recompile pc=0x00007efd11208a98 method=java.util.HashMap.put(Ljava/lang/Object;Ljava/lang/Object;)Ljava/lang/Object; @ 137
Event: 41,956 Thread 0x00007efd1400a800 Uncommon trap: reason=class_check action=maybe_recompile pc=0x00007efd1121ce2c method=java.util.HashMap.addEntry(ILjava/lang/Object;Ljava/lang/Object;I)V @ 65
Event: 41,956 Thread 0x00007efd1400a800 Uncommon trap: reason=class_check action=maybe_recompile pc=0x00007efd11208a98 method=java.util.HashMap.put(Ljava/lang/Object;Ljava/lang/Object;)Ljava/lang/Object; @ 137
Event: 41,956 Thread 0x00007efd1400a800 Uncommon trap: reason=class_check action=maybe_recompile pc=0x00007efd1121ce2c method=java.util.HashMap.addEntry(ILjava/lang/Object;Ljava/lang/Object;I)V @ 65
Event: 41,956 Thread 0x00007efd1400a800 Uncommon trap: reason=class_check action=maybe_recompile pc=0x00007efd11208a98 method=java.util.HashMap.put(Ljava/lang/Object;Ljava/lang/Object;)Ljava/lang/Object; @ 137
Event: 41,956 Thread 0x00007efd1400a800 Uncommon trap: reason=class_check action=maybe_recompile pc=0x00007efd1121ce2c method=java.util.HashMap.addEntry(ILjava/lang/Object;Ljava/lang/Object;I)V @ 65
Event: 41,956 Thread 0x00007efd1400a800 Uncommon trap: reason=class_check action=maybe_recompile pc=0x00007efd11208a98 method=java.util.HashMap.put(Ljava/lang/Object;Ljava/lang/Object;)Ljava/lang/Object; @ 137
Event: 41,956 Thread 0x00007efd1400a800 Uncommon trap: reason=class_check action=maybe_recompile pc=0x00007efd1121ce2c method=java.util.HashMap.addEntry(ILjava/lang/Object;Ljava/lang/Object;I)V @ 65
Event: 41,957 Thread 0x00007efd1400a800 Uncommon trap: reason=class_check action=maybe_recompile pc=0x00007efd110e2ef4 method=java.util.HashMap.<init>(IF)V @ 115

Internal exceptions (10 events):
Event: 36,018 Thread 0x00007efd1400a800 Implicit null exception at 0x00007efd11351e68 to 0x00007efd113526e1
Event: 36,566 Thread 0x00007efd1400a800 Implicit null exception at 0x00007efd1136f5d7 to 0x00007efd1136f7e6
Event: 37,136 Thread 0x00007efd1400a800 Threw 0x00000007cfafe5f8 at /build/buildd/openjdk-7-7u79-2.5.5/build/openjdk/hotspot/src/share/vm/prims/jvm.cpp:1284
Event: 39,506 Thread 0x00007efd1400a800 Threw 0x00000007ab7d0108 at /build/buildd/openjdk-7-7u79-2.5.5/build/openjdk/hotspot/src/share/vm/prims/jvm.cpp:1284
Event: 39,511 Thread 0x00007efd1400a800 Threw 0x00000007ab7dc530 at /build/buildd/openjdk-7-7u79-2.5.5/build/openjdk/hotspot/src/share/vm/prims/jvm.cpp:1284
Event: 39,512 Thread 0x00007efd1400a800 Threw 0x00000007ab7df950 at /build/buildd/openjdk-7-7u79-2.5.5/build/openjdk/hotspot/src/share/vm/prims/jvm.cpp:1284
Event: 40,200 Thread 0x00007efd1400a800 Threw 0x00000007b02785b8 at /build/buildd/openjdk-7-7u79-2.5.5/build/openjdk/hotspot/src/share/vm/prims/jvm.cpp:1284
Event: 40,534 Thread 0x00007efd1400a800 Threw 0x00000007b11480d8 at /build/buildd/openjdk-7-7u79-2.5.5/build/openjdk/hotspot/src/share/vm/prims/jvm.cpp:1284
Event: 40,617 Thread 0x00007efd1400a800 Threw 0x00000007b195b220 at /build/buildd/openjdk-7-7u79-2.5.5/build/openjdk/hotspot/src/share/vm/prims/jvm.cpp:1284
Event: 41,904 Thread 0x00007efd1400a800 Threw 0x00000007b19d1e60 at /build/buildd/openjdk-7-7u79-2.5.5/build/openjdk/hotspot/src/share/vm/prims/jvm.cpp:1284

Events (10 events):
Event: 41,966 loading class 0x00007efce020cd80 done
Event: 42,063 loading class 0x00007efd18958fc0
Event: 42,064 loading class 0x00007efce020d430
Event: 42,064 loading class 0x00007efce020d430 done
Event: 42,064 loading class 0x00007efd18958fc0 done
Event: 42,064 loading class 0x00007efce020d400
Event: 42,065 loading class 0x00007efce020d4d0
Event: 42,065 loading class 0x00007efce020d4d0 done
Event: 42,065 loading class 0x00007efce020d400 done
Event: 43,800 Executing VM operation: ParallelGCFailedAllocation


Dynamic libraries:
00400000-00401000 r-xp 00000000 08:01 1701417                            /usr/lib/jvm/java-7-openjdk-amd64/jre/bin/java
00600000-00601000 r--p 00000000 08:01 1701417                            /usr/lib/jvm/java-7-openjdk-amd64/jre/bin/java
00601000-00602000 rw-p 00001000 08:01 1701417                            /usr/lib/jvm/java-7-openjdk-amd64/jre/bin/java
0142e000-0144f000 rw-p 00000000 00:00 0                                  [heap]
6f5a00000-6f6f00000 rw-p 00000000 00:00 0 
6f6f00000-700000000 rw-p 00000000 00:00 0 
700000000-72b100000 rw-p 00000000 00:00 0 
72b100000-7aaa80000 rw-p 00000000 00:00 0 
7aaa80000-7f7c80000 rw-p 00000000 00:00 0 
7ff900000-800000000 rw-p 00000000 00:00 0 
7efccc000000-7efccc021000 rw-p 00000000 00:00 0 
7efccc021000-7efcd0000000 ---p 00000000 00:00 0 
7efcd4000000-7efcd5c3f000 rw-p 00000000 00:00 0 
7efcd5c3f000-7efcd8000000 ---p 00000000 00:00 0 
7efcd8000000-7efcd8021000 rw-p 00000000 00:00 0 
7efcd8021000-7efcdc000000 ---p 00000000 00:00 0 
7efcdc000000-7efcdc021000 rw-p 00000000 00:00 0 
7efcdc021000-7efce0000000 ---p 00000000 00:00 0 
7efce0000000-7efce1af3000 rw-p 00000000 00:00 0 
7efce1af3000-7efce4000000 ---p 00000000 00:00 0 
7efce4000000-7efce4021000 rw-p 00000000 00:00 0 
7efce4021000-7efce8000000 ---p 00000000 00:00 0 
7efce8000000-7efce8021000 rw-p 00000000 00:00 0 
7efce8021000-7efcec000000 ---p 00000000 00:00 0 
7efcec000000-7efcec241000 rw-p 00000000 00:00 0 
7efcec241000-7efcf0000000 ---p 00000000 00:00 0 
7efcf3ad0000-7efcfc000000 rw-p 00000000 00:00 0 
7efcfc000000-7efcfc021000 rw-p 00000000 00:00 0 
7efcfc021000-7efd00000000 ---p 00000000 00:00 0 
7efd00000000-7efd00021000 rw-p 00000000 00:00 0 
7efd00021000-7efd04000000 ---p 00000000 00:00 0 
7efd04000000-7efd04021000 rw-p 00000000 00:00 0 
7efd04021000-7efd08000000 ---p 00000000 00:00 0 
7efd09dd8000-7efd09e09000 rw-p 00000000 00:00 0 
7efd09e09000-7efd09e46000 r-xp 00000000 08:01 527559                     /lib/x86_64-linux-gnu/libpcre.so.3.13.1
7efd09e46000-7efd0a045000 ---p 0003d000 08:01 527559                     /lib/x86_64-linux-gnu/libpcre.so.3.13.1
7efd0a045000-7efd0a046000 r--p 0003c000 08:01 527559                     /lib/x86_64-linux-gnu/libpcre.so.3.13.1
7efd0a046000-7efd0a047000 rw-p 0003d000 08:01 527559                     /lib/x86_64-linux-gnu/libpcre.so.3.13.1
7efd0a047000-7efd0a04e000 r-xp 00000000 08:01 794882                     /usr/lib/x86_64-linux-gnu/libffi.so.6.0.1
7efd0a04e000-7efd0a24d000 ---p 00007000 08:01 794882                     /usr/lib/x86_64-linux-gnu/libffi.so.6.0.1
7efd0a24d000-7efd0a24e000 r--p 00006000 08:01 794882                     /usr/lib/x86_64-linux-gnu/libffi.so.6.0.1
7efd0a24e000-7efd0a24f000 rw-p 00007000 08:01 794882                     /usr/lib/x86_64-linux-gnu/libffi.so.6.0.1
7efd0a24f000-7efd0a266000 r-xp 00000000 08:01 527335                     /lib/x86_64-linux-gnu/libresolv-2.19.so
7efd0a266000-7efd0a466000 ---p 00017000 08:01 527335                     /lib/x86_64-linux-gnu/libresolv-2.19.so
7efd0a466000-7efd0a467000 r--p 00017000 08:01 527335                     /lib/x86_64-linux-gnu/libresolv-2.19.so
7efd0a467000-7efd0a468000 rw-p 00018000 08:01 527335                     /lib/x86_64-linux-gnu/libresolv-2.19.so
7efd0a468000-7efd0a46a000 rw-p 00000000 00:00 0 
7efd0a46a000-7efd0a48a000 r-xp 00000000 08:01 527586                     /lib/x86_64-linux-gnu/libselinux.so.1
7efd0a48a000-7efd0a689000 ---p 00020000 08:01 527586                     /lib/x86_64-linux-gnu/libselinux.so.1
7efd0a689000-7efd0a68a000 r--p 0001f000 08:01 527586                     /lib/x86_64-linux-gnu/libselinux.so.1
7efd0a68a000-7efd0a68b000 rw-p 00020000 08:01 527586                     /lib/x86_64-linux-gnu/libselinux.so.1
7efd0a68b000-7efd0a68d000 rw-p 00000000 00:00 0 
7efd0a68d000-7efd0a690000 r-xp 00000000 08:01 787578                     /usr/lib/x86_64-linux-gnu/libgmodule-2.0.so.0.4002.0
7efd0a690000-7efd0a88f000 ---p 00003000 08:01 787578                     /usr/lib/x86_64-linux-gnu/libgmodule-2.0.so.0.4002.0
7efd0a88f000-7efd0a890000 r--p 00002000 08:01 787578                     /usr/lib/x86_64-linux-gnu/libgmodule-2.0.so.0.4002.0
7efd0a890000-7efd0a891000 rw-p 00003000 08:01 787578                     /usr/lib/x86_64-linux-gnu/libgmodule-2.0.so.0.4002.0
7efd0a891000-7efd0a997000 r-xp 00000000 08:01 527396                     /lib/x86_64-linux-gnu/libglib-2.0.so.0.4002.0
7efd0a997000-7efd0ab96000 ---p 00106000 08:01 527396                     /lib/x86_64-linux-gnu/libglib-2.0.so.0.4002.0
7efd0ab96000-7efd0ab97000 r--p 00105000 08:01 527396                     /lib/x86_64-linux-gnu/libglib-2.0.so.0.4002.0
7efd0ab97000-7efd0ab98000 rw-p 00106000 08:01 527396                     /lib/x86_64-linux-gnu/libglib-2.0.so.0.4002.0
7efd0ab98000-7efd0ab99000 rw-p 00000000 00:00 0 
7efd0ab99000-7efd0abe8000 r-xp 00000000 08:01 787580                     /usr/lib/x86_64-linux-gnu/libgobject-2.0.so.0.4002.0
7efd0abe8000-7efd0ade8000 ---p 0004f000 08:01 787580                     /usr/lib/x86_64-linux-gnu/libgobject-2.0.so.0.4002.0
7efd0ade8000-7efd0ade9000 r--p 0004f000 08:01 787580                     /usr/lib/x86_64-linux-gnu/libgobject-2.0.so.0.4002.0
7efd0ade9000-7efd0adea000 rw-p 00050000 08:01 787580                     /usr/lib/x86_64-linux-gnu/libgobject-2.0.so.0.4002.0
7efd0adea000-7efd0af56000 r-xp 00000000 08:01 787582                     /usr/lib/x86_64-linux-gnu/libgio-2.0.so.0.4002.0
7efd0af56000-7efd0b155000 ---p 0016c000 08:01 787582                     /usr/lib/x86_64-linux-gnu/libgio-2.0.so.0.4002.0
7efd0b155000-7efd0b159000 r--p 0016b000 08:01 787582                     /usr/lib/x86_64-linux-gnu/libgio-2.0.so.0.4002.0
7efd0b159000-7efd0b15b000 rw-p 0016f000 08:01 787582                     /usr/lib/x86_64-linux-gnu/libgio-2.0.so.0.4002.0
7efd0b15b000-7efd0b15d000 rw-p 00000000 00:00 0 
7efd0b182000-7efd0b199000 r-xp 00000000 08:01 1701521                    /usr/lib/jvm/java-7-openjdk-amd64/jre/lib/amd64/libnet.so
7efd0b199000-7efd0b398000 ---p 00017000 08:01 1701521                    /usr/lib/jvm/java-7-openjdk-amd64/jre/lib/amd64/libnet.so
7efd0b398000-7efd0b399000 r--p 00016000 08:01 1701521                    /usr/lib/jvm/java-7-openjdk-amd64/jre/lib/amd64/libnet.so
7efd0b399000-7efd0b39a000 rw-p 00017000 08:01 1701521                    /usr/lib/jvm/java-7-openjdk-amd64/jre/lib/amd64/libnet.so
7efd0b39a000-7efd0b3aa000 r-xp 00000000 08:01 1701495                    /usr/lib/jvm/java-7-openjdk-amd64/jre/lib/amd64/libnio.so
7efd0b3aa000-7efd0b5aa000 ---p 00010000 08:01 1701495                    /usr/lib/jvm/java-7-openjdk-amd64/jre/lib/amd64/libnio.so
7efd0b5aa000-7efd0b5ab000 r--p 00010000 08:01 1701495                    /usr/lib/jvm/java-7-openjdk-amd64/jre/lib/amd64/libnio.so
7efd0b5ab000-7efd0b5ac000 rw-p 00011000 08:01 1701495                    /usr/lib/jvm/java-7-openjdk-amd64/jre/lib/amd64/libnio.so
7efd0b5ac000-7efd0b5ad000 ---p 00000000 00:00 0 
7efd0b5ad000-7efd0b6ad000 rw-p 00000000 00:00 0                          [stack:20669]
7efd0b6ad000-7efd0b6b0000 ---p 00000000 00:00 0 
7efd0b6b0000-7efd0b7ae000 rw-p 00000000 00:00 0                          [stack:20668]
7efd0b7ae000-7efd0c000000 r--p 00000000 08:01 793106                     /usr/lib/locale/locale-archive
7efd0c000000-7efd0c021000 rw-p 00000000 00:00 0 
7efd0c021000-7efd10000000 ---p 00000000 00:00 0 
7efd10005000-7efd100d0000 r--s 00c42000 00:1b 2901073                    /home/frabu/AndroidStudioProjects/DataMarketClean/app/build/intermediates/multi-dex/debug/allclasses.jar
7efd100d0000-7efd100d3000 ---p 00000000 00:00 0 
7efd100d3000-7efd101d1000 rw-p 00000000 00:00 0                          [stack:20667]
7efd101d1000-7efd101d4000 ---p 00000000 00:00 0 
7efd101d4000-7efd102d2000 rw-p 00000000 00:00 0                          [stack:20666]
7efd102d2000-7efd102d5000 ---p 00000000 00:00 0 
7efd102d5000-7efd103d3000 rw-p 00000000 00:00 0                          [stack:20665]
7efd103d3000-7efd103d6000 ---p 00000000 00:00 0 
7efd103d6000-7efd104d4000 rw-p 00000000 00:00 0                          [stack:20664]
7efd104d4000-7efd104d7000 ---p 00000000 00:00 0 
7efd104d7000-7efd105d5000 rw-p 00000000 00:00 0                          [stack:20663]
7efd105d5000-7efd105d6000 ---p 00000000 00:00 0 
7efd105d6000-7efd11000000 rw-p 00000000 00:00 0                          [stack:20662]
7efd11000000-7efd114f0000 rwxp 00000000 00:00 0 
7efd114f0000-7efd143fd000 rw-p 00000000 00:00 0 
7efd143fd000-7efd18000000 ---p 00000000 00:00 0 
7efd18019000-7efd186ec000 rw-p 00000000 00:00 0 
7efd186ec000-7efd1889d000 r--s 01d27000 08:01 1576683                    /usr/lib/jvm/java-7-openjdk-amd64/jre/lib/rt.jar
7efd1889d000-7efd1923d000 rw-p 00000000 00:00 0 
7efd1923d000-7efd1923e000 ---p 00000000 00:00 0 
7efd1923e000-7efd1933e000 rw-p 00000000 00:00 0                          [stack:20661]
7efd1933e000-7efd1933f000 ---p 00000000 00:00 0 
7efd1933f000-7efd1943f000 rw-p 00000000 00:00 0                          [stack:20660]
7efd1943f000-7efd19440000 ---p 00000000 00:00 0 
7efd19440000-7efd19540000 rw-p 00000000 00:00 0                          [stack:20659]
7efd19540000-7efd19541000 ---p 00000000 00:00 0 
7efd19541000-7efd1964c000 rw-p 00000000 00:00 0                          [stack:20658]
7efd1964c000-7efd19694000 rw-p 00000000 00:00 0 
7efd19694000-7efd197ed000 rw-p 00000000 00:00 0 
7efd197ed000-7efd19bea000 rw-p 00000000 00:00 0 
7efd19bea000-7efd19bf5000 rw-p 00000000 00:00 0 
7efd19bf5000-7efd19c3d000 rw-p 00000000 00:00 0 
7efd19c3d000-7efd19d96000 rw-p 00000000 00:00 0 
7efd19d96000-7efd1a192000 rw-p 00000000 00:00 0 
7efd1a192000-7efd1a3fc000 rw-p 00000000 00:00 0 
7efd1a3fc000-7efd1a43d000 rw-p 00000000 00:00 0 
7efd1a43d000-7efd1a43e000 rw-p 00000000 00:00 0 
7efd1a43e000-7efd1a446000 r-xp 00000000 08:01 1701487                    /usr/lib/jvm/java-7-openjdk-amd64/jre/lib/amd64/libzip.so
7efd1a446000-7efd1a645000 ---p 00008000 08:01 1701487                    /usr/lib/jvm/java-7-openjdk-amd64/jre/lib/amd64/libzip.so
7efd1a645000-7efd1a646000 r--p 00007000 08:01 1701487                    /usr/lib/jvm/java-7-openjdk-amd64/jre/lib/amd64/libzip.so
7efd1a646000-7efd1a647000 rw-p 00008000 08:01 1701487                    /usr/lib/jvm/java-7-openjdk-amd64/jre/lib/amd64/libzip.so
7efd1a647000-7efd1a652000 r-xp 00000000 08:01 527433                     /lib/x86_64-linux-gnu/libnss_files-2.19.so
7efd1a652000-7efd1a851000 ---p 0000b000 08:01 527433                     /lib/x86_64-linux-gnu/libnss_files-2.19.so
7efd1a851000-7efd1a852000 r--p 0000a000 08:01 527433                     /lib/x86_64-linux-gnu/libnss_files-2.19.so
7efd1a852000-7efd1a853000 rw-p 0000b000 08:01 527433                     /lib/x86_64-linux-gnu/libnss_files-2.19.so
7efd1a853000-7efd1a85e000 r-xp 00000000 08:01 538164                     /lib/x86_64-linux-gnu/libnss_nis-2.19.so
7efd1a85e000-7efd1aa5d000 ---p 0000b000 08:01 538164                     /lib/x86_64-linux-gnu/libnss_nis-2.19.so
7efd1aa5d000-7efd1aa5e000 r--p 0000a000 08:01 538164                     /lib/x86_64-linux-gnu/libnss_nis-2.19.so
7efd1aa5e000-7efd1aa5f000 rw-p 0000b000 08:01 538164                     /lib/x86_64-linux-gnu/libnss_nis-2.19.so
7efd1aa5f000-7efd1aa76000 r-xp 00000000 08:01 527761                     /lib/x86_64-linux-gnu/libnsl-2.19.so
7efd1aa76000-7efd1ac75000 ---p 00017000 08:01 527761                     /lib/x86_64-linux-gnu/libnsl-2.19.so
7efd1ac75000-7efd1ac76000 r--p 00016000 08:01 527761                     /lib/x86_64-linux-gnu/libnsl-2.19.so
7efd1ac76000-7efd1ac77000 rw-p 00017000 08:01 527761                     /lib/x86_64-linux-gnu/libnsl-2.19.so
7efd1ac77000-7efd1ac79000 rw-p 00000000 00:00 0 
7efd1ac79000-7efd1ac82000 r-xp 00000000 08:01 527757                     /lib/x86_64-linux-gnu/libnss_compat-2.19.so
7efd1ac82000-7efd1ae81000 ---p 00009000 08:01 527757                     /lib/x86_64-linux-gnu/libnss_compat-2.19.so
7efd1ae81000-7efd1ae82000 r--p 00008000 08:01 527757                     /lib/x86_64-linux-gnu/libnss_compat-2.19.so
7efd1ae82000-7efd1ae83000 rw-p 00009000 08:01 527757                     /lib/x86_64-linux-gnu/libnss_compat-2.19.so
7efd1ae83000-7efd1aeae000 r-xp 00000000 08:01 1701519                    /usr/lib/jvm/java-7-openjdk-amd64/jre/lib/amd64/libjava.so
7efd1aeae000-7efd1b0ae000 ---p 0002b000 08:01 1701519                    /usr/lib/jvm/java-7-openjdk-amd64/jre/lib/amd64/libjava.so
7efd1b0ae000-7efd1b0af000 r--p 0002b000 08:01 1701519                    /usr/lib/jvm/java-7-openjdk-amd64/jre/lib/amd64/libjava.so
7efd1b0af000-7efd1b0b1000 rw-p 0002c000 08:01 1701519                    /usr/lib/jvm/java-7-openjdk-amd64/jre/lib/amd64/libjava.so
7efd1b0b1000-7efd1b0c1000 r-xp 00000000 08:01 1701513                    /usr/lib/jvm/java-7-openjdk-amd64/jre/lib/amd64/libverify.so
7efd1b0c1000-7efd1b2c0000 ---p 00010000 08:01 1701513                    /usr/lib/jvm/java-7-openjdk-amd64/jre/lib/amd64/libverify.so
7efd1b2c0000-7efd1b2c2000 r--p 0000f000 08:01 1701513                    /usr/lib/jvm/java-7-openjdk-amd64/jre/lib/amd64/libverify.so
7efd1b2c2000-7efd1b2c3000 rw-p 00011000 08:01 1701513                    /usr/lib/jvm/java-7-openjdk-amd64/jre/lib/amd64/libverify.so
7efd1b2c3000-7efd1b2ca000 r-xp 00000000 08:01 538153                     /lib/x86_64-linux-gnu/librt-2.19.so
7efd1b2ca000-7efd1b4c9000 ---p 00007000 08:01 538153                     /lib/x86_64-linux-gnu/librt-2.19.so
7efd1b4c9000-7efd1b4ca000 r--p 00006000 08:01 538153                     /lib/x86_64-linux-gnu/librt-2.19.so
7efd1b4ca000-7efd1b4cb000 rw-p 00007000 08:01 538153                     /lib/x86_64-linux-gnu/librt-2.19.so
7efd1b4cb000-7efd1b4e1000 r-xp 00000000 08:01 523279                     /lib/x86_64-linux-gnu/libgcc_s.so.1
7efd1b4e1000-7efd1b6e0000 ---p 00016000 08:01 523279                     /lib/x86_64-linux-gnu/libgcc_s.so.1
7efd1b6e0000-7efd1b6e1000 rw-p 00015000 08:01 523279                     /lib/x86_64-linux-gnu/libgcc_s.so.1
7efd1b6e1000-7efd1b7e6000 r-xp 00000000 08:01 527386                     /lib/x86_64-linux-gnu/libm-2.19.so
7efd1b7e6000-7efd1b9e5000 ---p 00105000 08:01 527386                     /lib/x86_64-linux-gnu/libm-2.19.so
7efd1b9e5000-7efd1b9e6000 r--p 00104000 08:01 527386                     /lib/x86_64-linux-gnu/libm-2.19.so
7efd1b9e6000-7efd1b9e7000 rw-p 00105000 08:01 527386                     /lib/x86_64-linux-gnu/libm-2.19.so
7efd1b9e7000-7efd1bacd000 r-xp 00000000 08:01 799499                     /usr/lib/x86_64-linux-gnu/libstdc++.so.6.0.19
7efd1bacd000-7efd1bccc000 ---p 000e6000 08:01 799499                     /usr/lib/x86_64-linux-gnu/libstdc++.so.6.0.19
7efd1bccc000-7efd1bcd4000 r--p 000e5000 08:01 799499                     /usr/lib/x86_64-linux-gnu/libstdc++.so.6.0.19
7efd1bcd4000-7efd1bcd6000 rw-p 000ed000 08:01 799499                     /usr/lib/x86_64-linux-gnu/libstdc++.so.6.0.19
7efd1bcd6000-7efd1bceb000 rw-p 00000000 00:00 0 
7efd1bceb000-7efd1c803000 r-xp 00000000 08:01 1701529                    /usr/lib/jvm/java-7-openjdk-amd64/jre/lib/amd64/server/libjvm.so
7efd1c803000-7efd1ca03000 ---p 00b18000 08:01 1701529                    /usr/lib/jvm/java-7-openjdk-amd64/jre/lib/amd64/server/libjvm.so
7efd1ca03000-7efd1ca9d000 r--p 00b18000 08:01 1701529                    /usr/lib/jvm/java-7-openjdk-amd64/jre/lib/amd64/server/libjvm.so
7efd1ca9d000-7efd1cac0000 rw-p 00bb2000 08:01 1701529                    /usr/lib/jvm/java-7-openjdk-amd64/jre/lib/amd64/server/libjvm.so
7efd1cac0000-7efd1caee000 rw-p 00000000 00:00 0 
7efd1caee000-7efd1cb06000 r-xp 00000000 08:01 527619                     /lib/x86_64-linux-gnu/libz.so.1.2.8
7efd1cb06000-7efd1cd05000 ---p 00018000 08:01 527619                     /lib/x86_64-linux-gnu/libz.so.1.2.8
7efd1cd05000-7efd1cd06000 r--p 00017000 08:01 527619                     /lib/x86_64-linux-gnu/libz.so.1.2.8
7efd1cd06000-7efd1cd07000 rw-p 00018000 08:01 527619                     /lib/x86_64-linux-gnu/libz.so.1.2.8
7efd1cd07000-7efd1cd20000 r-xp 00000000 08:01 538149                     /lib/x86_64-linux-gnu/libpthread-2.19.so
7efd1cd20000-7efd1cf1f000 ---p 00019000 08:01 538149                     /lib/x86_64-linux-gnu/libpthread-2.19.so
7efd1cf1f000-7efd1cf20000 r--p 00018000 08:01 538149                     /lib/x86_64-linux-gnu/libpthread-2.19.so
7efd1cf20000-7efd1cf21000 rw-p 00019000 08:01 538149                     /lib/x86_64-linux-gnu/libpthread-2.19.so
7efd1cf21000-7efd1cf25000 rw-p 00000000 00:00 0 
7efd1cf25000-7efd1cf28000 r-xp 00000000 08:01 527508                     /lib/x86_64-linux-gnu/libdl-2.19.so
7efd1cf28000-7efd1d127000 ---p 00003000 08:01 527508                     /lib/x86_64-linux-gnu/libdl-2.19.so
7efd1d127000-7efd1d128000 r--p 00002000 08:01 527508                     /lib/x86_64-linux-gnu/libdl-2.19.so
7efd1d128000-7efd1d129000 rw-p 00003000 08:01 527508                     /lib/x86_64-linux-gnu/libdl-2.19.so
7efd1d129000-7efd1d2e4000 r-xp 00000000 08:01 527787                     /lib/x86_64-linux-gnu/libc-2.19.so
7efd1d2e4000-7efd1d4e3000 ---p 001bb000 08:01 527787                     /lib/x86_64-linux-gnu/libc-2.19.so
7efd1d4e3000-7efd1d4e7000 r--p 001ba000 08:01 527787                     /lib/x86_64-linux-gnu/libc-2.19.so
7efd1d4e7000-7efd1d4e9000 rw-p 001be000 08:01 527787                     /lib/x86_64-linux-gnu/libc-2.19.so
7efd1d4e9000-7efd1d4ee000 rw-p 00000000 00:00 0 
7efd1d4ee000-7efd1d4fb000 r-xp 00000000 08:01 1701471                    /usr/lib/jvm/java-7-openjdk-amd64/jre/lib/amd64/jli/libjli.so
7efd1d4fb000-7efd1d6fa000 ---p 0000d000 08:01 1701471                    /usr/lib/jvm/java-7-openjdk-amd64/jre/lib/amd64/jli/libjli.so
7efd1d6fa000-7efd1d6fb000 r--p 0000c000 08:01 1701471                    /usr/lib/jvm/java-7-openjdk-amd64/jre/lib/amd64/jli/libjli.so
7efd1d6fb000-7efd1d6fc000 rw-p 0000d000 08:01 1701471                    /usr/lib/jvm/java-7-openjdk-amd64/jre/lib/amd64/jli/libjli.so
7efd1d6fc000-7efd1d71f000 r-xp 00000000 08:01 527769                     /lib/x86_64-linux-gnu/ld-2.19.so
7efd1d722000-7efd1d731000 r--s 000dd000 00:1b 3018635                    /home/frabu/Android/Sdk/build-tools/21.1.2/lib/dx.jar
7efd1d731000-7efd1d745000 rw-p 00000000 00:00 0 
7efd1d745000-7efd1d7f1000 rw-p 00000000 00:00 0 
7efd1d7f1000-7efd1d7f4000 ---p 00000000 00:00 0 
7efd1d7f4000-7efd1d8f7000 rw-p 00000000 00:00 0                          [stack:20657]
7efd1d8f9000-7efd1d8fa000 rw-p 00000000 00:00 0 
7efd1d8fa000-7efd1d8ff000 r--s 0004d000 08:01 1576686                    /usr/lib/jvm/java-7-openjdk-amd64/jre/lib/jsse.jar
7efd1d8ff000-7efd1d902000 r--s 00086000 08:01 1701539                    /usr/lib/jvm/java-7-openjdk-amd64/jre/lib/ext/localedata.jar
7efd1d902000-7efd1d904000 r--s 00006000 08:01 1185101                    /usr/share/java/java-atk-wrapper.jar
7efd1d904000-7efd1d907000 r--s 0000f000 08:01 1701533                    /usr/lib/jvm/java-7-openjdk-amd64/jre/lib/ext/icedtea-sound.jar
7efd1d907000-7efd1d90b000 r--s 0003c000 08:01 1701537                    /usr/lib/jvm/java-7-openjdk-amd64/jre/lib/ext/sunpkcs11.jar
7efd1d90b000-7efd1d90f000 r--s 00034000 08:01 1701541                    /usr/lib/jvm/java-7-openjdk-amd64/jre/lib/ext/sunjce_provider.jar
7efd1d90f000-7efd1d911000 r--s 00012000 08:01 1701543                    /usr/lib/jvm/java-7-openjdk-amd64/jre/lib/ext/zipfs.jar
7efd1d911000-7efd1d912000 r--s 00002000 08:01 1701535                    /usr/lib/jvm/java-7-openjdk-amd64/jre/lib/ext/dnsns.jar
7efd1d912000-7efd1d91a000 rw-s 00000000 08:01 1050939                    /tmp/hsperfdata_frabu/20652
7efd1d91a000-7efd1d91b000 rw-p 00000000 00:00 0 
7efd1d91b000-7efd1d91c000 ---p 00000000 00:00 0 
7efd1d91c000-7efd1d91e000 rw-p 00000000 00:00 0 
7efd1d91e000-7efd1d91f000 r--p 00022000 08:01 527769                     /lib/x86_64-linux-gnu/ld-2.19.so
7efd1d91f000-7efd1d920000 rw-p 00023000 08:01 527769                     /lib/x86_64-linux-gnu/ld-2.19.so
7efd1d920000-7efd1d921000 rw-p 00000000 00:00 0 
7fffe4d1e000-7fffe4d40000 rw-p 00000000 00:00 0                          [stack]
7fffe4df9000-7fffe4dfb000 r-xp 00000000 00:00 0                          [vdso]
ffffffffff600000-ffffffffff601000 r-xp 00000000 00:00 0                  [vsyscall]

VM Arguments:
jvm_args: -Xmx4g -Dfile.encoding=UTF-8 -Duser.country=US -Duser.language=en -Duser.variant 
java_command: com.android.dx.command.Main --dex --multi-dex --main-dex-list /home/frabu/AndroidStudioProjects/DataMarketClean/app/build/intermediates/multi-dex/debug/maindexlist.txt --output /home/frabu/AndroidStudioProjects/DataMarketClean/app/build/intermediates/dex/debug /home/frabu/AndroidStudioProjects/DataMarketClean/app/build/intermediates/multi-dex/debug/allclasses.jar
Launcher Type: SUN_STANDARD

Environment Variables:
PATH=/usr/local/heroku/bin:/usr/games:/usr/local/sbin:/usr/local/bin:/usr/sbin:/usr/bin:/sbin:/bin:/usr/games:/usr/local/games:/home/frabu/.rvm/bin:/home/frabu/.rvm/bin:/home/frabu/android-studio/bin
LD_LIBRARY_PATH=/home/frabu/android-studio/bin:
SHELL=/bin/bash
DISPLAY=:0.0

Signal Handlers:
SIGSEGV: [libjvm.so+0x94b9a0], sa_mask[0]=0x7ffbfeff, sa_flags=0x10000004
SIGBUS: [libjvm.so+0x94b9a0], sa_mask[0]=0x7ffbfeff, sa_flags=0x10000004
SIGFPE: [libjvm.so+0x7c3880], sa_mask[0]=0x7ffbfeff, sa_flags=0x10000004
SIGPIPE: [libjvm.so+0x7c3880], sa_mask[0]=0x7ffbfeff, sa_flags=0x10000004
SIGXFSZ: [libjvm.so+0x7c3880], sa_mask[0]=0x7ffbfeff, sa_flags=0x10000004
SIGILL: [libjvm.so+0x7c3880], sa_mask[0]=0x7ffbfeff, sa_flags=0x10000004
SIGUSR1: SIG_DFL, sa_mask[0]=0x00000000, sa_flags=0x00000000
SIGUSR2: [libjvm.so+0x7c3720], sa_mask[0]=0x00000004, sa_flags=0x10000004
SIGHUP: [libjvm.so+0x7c3900], sa_mask[0]=0x7ffbfeff, sa_flags=0x10000004
SIGINT: [libjvm.so+0x7c3900], sa_mask[0]=0x7ffbfeff, sa_flags=0x10000004
SIGTERM: [libjvm.so+0x7c3900], sa_mask[0]=0x7ffbfeff, sa_flags=0x10000004
SIGQUIT: [libjvm.so+0x7c3900], sa_mask[0]=0x7ffbfeff, sa_flags=0x10000004
SIGTRAP: SIG_DFL, sa_mask[0]=0x00000000, sa_flags=0x00000000


---------------  S Y S T E M  ---------------

OS:Ubuntu 14.04 (trusty)
uname:Linux 3.13.0-57-generic #95-Ubuntu SMP Fri Jun 19 09:28:15 UTC 2015 x86_64
libc:glibc 2.19 NPTL 2.19 
rlimit: STACK 8192k, CORE 0k, NPROC 61279, NOFILE 4096, AS infinity
load average:2,78 2,04 1,83

/proc/meminfo:
MemTotal:        7873200 kB
MemFree:          137196 kB
Buffers:             636 kB
Cached:           812988 kB
SwapCached:            0 kB
Active:          6677708 kB
Inactive:         780656 kB
Active(anon):    6651956 kB
Inactive(anon):   759104 kB
Active(file):      25752 kB
Inactive(file):    21552 kB
Unevictable:          68 kB
Mlocked:              68 kB
SwapTotal:             0 kB
SwapFree:              0 kB
Dirty:               328 kB
Writeback:           256 kB
AnonPages:       6645648 kB
Mapped:           499448 kB
Shmem:            765516 kB
Slab:             124980 kB
SReclaimable:      54400 kB
SUnreclaim:        70580 kB
KernelStack:        7416 kB
PageTables:        62360 kB
NFS_Unstable:          0 kB
Bounce:                0 kB
WritebackTmp:          0 kB
CommitLimit:     3936600 kB
Committed_AS:   14460792 kB
VmallocTotal:   34359738367 kB
VmallocUsed:      359004 kB
VmallocChunk:   34359358440 kB
HardwareCorrupted:     0 kB
AnonHugePages:   1927168 kB
HugePages_Total:       0
HugePages_Free:        0
HugePages_Rsvd:        0
HugePages_Surp:        0
Hugepagesize:       2048 kB
DirectMap4k:       83892 kB
DirectMap2M:     7999488 kB


CPU:total 4 (2 cores per cpu, 2 threads per core) family 6 model 58 stepping 9, cmov, cx8, fxsr, mmx, sse, sse2, sse3, ssse3, sse4.1, sse4.2, popcnt, avx, aes, erms, ht, tsc, tscinvbit, tscinv

/proc/cpuinfo:
processor	: 0
vendor_id	: GenuineIntel
cpu family	: 6
model		: 58
model name	: Intel(R) Core(TM) i5-3317U CPU @ 1.70GHz
stepping	: 9
microcode	: 0x12
cpu MHz		: 799.000
cache size	: 3072 KB
physical id	: 0
siblings	: 4
core id		: 0
cpu cores	: 2
apicid		: 0
initial apicid	: 0
fpu		: yes
fpu_exception	: yes
cpuid level	: 13
wp		: yes
flags		: fpu vme de pse tsc msr pae mce cx8 apic sep mtrr pge mca cmov pat pse36 clflush dts acpi mmx fxsr sse sse2 ss ht tm pbe syscall nx rdtscp lm constant_tsc arch_perfmon pebs bts rep_good nopl xtopology nonstop_tsc aperfmperf eagerfpu pni pclmulqdq dtes64 monitor ds_cpl vmx est tm2 ssse3 cx16 xtpr pdcm pcid sse4_1 sse4_2 x2apic popcnt tsc_deadline_timer aes xsave avx f16c rdrand lahf_lm ida arat epb xsaveopt pln pts dtherm tpr_shadow vnmi flexpriority ept vpid fsgsbase smep erms
bogomips	: 3392.39
clflush size	: 64
cache_alignment	: 64
address sizes	: 36 bits physical, 48 bits virtual
power management:

processor	: 1
vendor_id	: GenuineIntel
cpu family	: 6
model		: 58
model name	: Intel(R) Core(TM) i5-3317U CPU @ 1.70GHz
stepping	: 9
microcode	: 0x12
cpu MHz		: 1600.000
cache size	: 3072 KB
physical id	: 0
siblings	: 4
core id		: 0
cpu cores	: 2
apicid		: 1
initial apicid	: 1
fpu		: yes
fpu_exception	: yes
cpuid level	: 13
wp		: yes
flags		: fpu vme de pse tsc msr pae mce cx8 apic sep mtrr pge mca cmov pat pse36 clflush dts acpi mmx fxsr sse sse2 ss ht tm pbe syscall nx rdtscp lm constant_tsc arch_perfmon pebs bts rep_good nopl xtopology nonstop_tsc aperfmperf eagerfpu pni pclmulqdq dtes64 monitor ds_cpl vmx est tm2 ssse3 cx16 xtpr pdcm pcid sse4_1 sse4_2 x2apic popcnt tsc_deadline_timer aes xsave avx f16c rdrand lahf_lm ida arat epb xsaveopt pln pts dtherm tpr_shadow vnmi flexpriority ept vpid fsgsbase smep erms
bogomips	: 3392.39
clflush size	: 64
cache_alignment	: 64
address sizes	: 36 bits physical, 48 bits virtual
power management:

processor	: 2
vendor_id	: GenuineIntel
cpu family	: 6
model		: 58
model name	: Intel(R) Core(TM) i5-3317U CPU @ 1.70GHz
stepping	: 9
microcode	: 0x12
cpu MHz		: 1701.000
cache size	: 3072 KB
physical id	: 0
siblings	: 4
core id		: 1
cpu cores	: 2
apicid		: 2
initial apicid	: 2
fpu		: yes
fpu_exception	: yes
cpuid level	: 13
wp		: yes
flags		: fpu vme de pse tsc msr pae mce cx8 apic sep mtrr pge mca cmov pat pse36 clflush dts acpi mmx fxsr sse sse2 ss ht tm pbe syscall nx rdtscp lm constant_tsc arch_perfmon pebs bts rep_good nopl xtopology nonstop_tsc aperfmperf eagerfpu pni pclmulqdq dtes64 monitor ds_cpl vmx est tm2 ssse3 cx16 xtpr pdcm pcid sse4_1 sse4_2 x2apic popcnt tsc_deadline_timer aes xsave avx f16c rdrand lahf_lm ida arat epb xsaveopt pln pts dtherm tpr_shadow vnmi flexpriority ept vpid fsgsbase smep erms
bogomips	: 3392.39
clflush size	: 64
cache_alignment	: 64
address sizes	: 36 bits physical, 48 bits virtual
power management:

processor	: 3
vendor_id	: GenuineIntel
cpu family	: 6
model		: 58
model name	: Intel(R) Core(TM) i5-3317U CPU @ 1.70GHz
stepping	: 9
microcode	: 0x12
cpu MHz		: 1701.000
cache size	: 3072 KB
physical id	: 0
siblings	: 4
core id		: 1
cpu cores	: 2
apicid		: 3
initial apicid	: 3
fpu		: yes
fpu_exception	: yes
cpuid level	: 13
wp		: yes
flags		: fpu vme de pse tsc msr pae mce cx8 apic sep mtrr pge mca cmov pat pse36 clflush dts acpi mmx fxsr sse sse2 ss ht tm pbe syscall nx rdtscp lm constant_tsc arch_perfmon pebs bts rep_good nopl xtopology nonstop_tsc aperfmperf eagerfpu pni pclmulqdq dtes64 monitor ds_cpl vmx est tm2 ssse3 cx16 xtpr pdcm pcid sse4_1 sse4_2 x2apic popcnt tsc_deadline_timer aes xsave avx f16c rdrand lahf_lm ida arat epb xsaveopt pln pts dtherm tpr_shadow vnmi flexpriority ept vpid fsgsbase smep erms
bogomips	: 3392.39
clflush size	: 64
cache_alignment	: 64
address sizes	: 36 bits physical, 48 bits virtual
power management:



Memory: 4k page, physical 7873200k(137196k free), swap 0k(0k free)

vm_info: OpenJDK 64-Bit Server VM (24.79-b02) for linux-amd64 JRE (1.7.0_79-b14), built on Apr 16 2015 08:21:58 by "buildd" with gcc 4.8.2

time: Mon Jul 20 11:35:18 2015
elapsed time: 44 seconds

