#
# There is insufficient memory for the Java Runtime Environment to continue.
# Native memory allocation (malloc) failed to allocate 302514176 bytes for committing reserved memory.
# Possible reasons:
#   The system is out of physical RAM or swap space
#   In 32 bit mode, the process size limit was hit
# Possible solutions:
#   Reduce memory load on the system
#   Increase physical memory or swap space
#   Check if swap backing store is full
#   Use 64 bit Java on a 64 bit OS
#   Decrease Java heap size (-Xmx/-Xms)
#   Decrease number of Java threads
#   Decrease Java thread stack sizes (-Xss)
#   Set larger code cache with -XX:ReservedCodeCacheSize=
# This output file may be truncated or incomplete.
#
#  Out of Memory Error (os_linux.cpp:2809), pid=16419, tid=139638519441152
#
# JRE version: OpenJDK Runtime Environment (7.0_79-b14) (build 1.7.0_79-b14)
# Java VM: OpenJDK 64-Bit Server VM (24.79-b02 mixed mode linux-amd64 compressed oops)
# Derivative: IcedTea 2.5.5
# Distribution: Ubuntu 14.04 LTS, package 7u79-2.5.5-0ubuntu0.14.04.2
# Failed to write core dump. Core dumps have been disabled. To enable core dumping, try "ulimit -c unlimited" before starting Java again
#

---------------  T H R E A D  ---------------

Current thread (0x00007f0024076000):  VMThread [stack: 0x00007f0020492000,0x00007f0020593000] [id=16429]

Stack: [0x00007f0020492000,0x00007f0020593000],  sp=0x00007f0020591490,  free space=1021k
Native frames: (J=compiled Java code, j=interpreted, Vv=VM code, C=native code)
V  [libjvm.so+0x94aec5]  VMError::report_and_die()+0x175
V  [libjvm.so+0x48b9c4]  report_vm_out_of_memory(char const*, int, unsigned long, char const*)+0x74
V  [libjvm.so+0x7c806b]  os::pd_commit_memory(char*, unsigned long, unsigned long, bool)+0xeb
V  [libjvm.so+0x7c2b0f]  os::commit_memory(char*, unsigned long, unsigned long, bool)+0x1f
V  [libjvm.so+0x83500b]  PSVirtualSpace::expand_by(unsigned long)+0x5b
V  [libjvm.so+0x824d5b]  PSOldGen::expand_by(unsigned long) [clone .part.80]+0x1b
V  [libjvm.so+0x824f1b]  PSOldGen::expand(unsigned long) [clone .part.81]+0xdb
V  [libjvm.so+0x825e48]  PSOldGen::resize(unsigned long)+0x188
V  [libjvm.so+0x82cf14]  PSParallelCompact::invoke_no_policy(bool)+0x9c4
V  [libjvm.so+0x83314d]  PSScavenge::invoke()+0x17d
V  [libjvm.so+0x7e96f3]  ParallelScavengeHeap::failed_mem_allocate(unsigned long)+0x63
V  [libjvm.so+0x94c8c4]  VM_ParallelGCFailedAllocation::doit()+0x84
V  [libjvm.so+0x950dc7]  VM_Operation::evaluate()+0x47
V  [libjvm.so+0x94f738]  VMThread::evaluate_operation(VM_Operation*)+0x318
V  [libjvm.so+0x94fb99]  VMThread::loop()+0x219
V  [libjvm.so+0x94ffe2]  VMThread::run()+0x72
V  [libjvm.so+0x7c4f32]  java_start(Thread*)+0xf2

VM_Operation (0x00007f002d79fdc0): ParallelGCFailedAllocation, mode: safepoint, requested by thread 0x00007f002400a800


---------------  P R O C E S S  ---------------

Java Threads: ( => current thread )
  0x00007f00240af800 JavaThread "Service Thread" daemon [_thread_blocked, id=16435, stack(0x00007f001b5ac000,0x00007f001b6ad000)]
  0x00007f00240ad000 JavaThread "C2 CompilerThread1" daemon [_thread_blocked, id=16434, stack(0x00007f001b6ad000,0x00007f001b7ae000)]
  0x00007f00240aa800 JavaThread "C2 CompilerThread0" daemon [_thread_blocked, id=16433, stack(0x00007f002008e000,0x00007f002018f000)]
  0x00007f00240a8000 JavaThread "Signal Dispatcher" daemon [_thread_blocked, id=16432, stack(0x00007f002018f000,0x00007f0020290000)]
  0x00007f002407c000 JavaThread "Finalizer" daemon [_thread_blocked, id=16431, stack(0x00007f0020290000,0x00007f0020391000)]
  0x00007f002407a000 JavaThread "Reference Handler" daemon [_thread_blocked, id=16430, stack(0x00007f0020391000,0x00007f0020492000)]
  0x00007f002400a800 JavaThread "main" [_thread_blocked, id=16424, stack(0x00007f002d6a1000,0x00007f002d7a2000)]

Other Threads:
=>0x00007f0024076000 VMThread [stack: 0x00007f0020492000,0x00007f0020593000] [id=16429]
  0x00007f00240ba800 WatcherThread [stack: 0x00007f001b4ab000,0x00007f001b5ac000] [id=16436]

VM state:at safepoint (normal execution)

VM Mutex/Monitor currently owned by a thread:  ([mutex/lock_event])
[0x00007f0024006310] ExpandHeap_lock - owner thread: 0x00007f0024076000
[0x00007f0024006990] Threads_lock - owner thread: 0x00007f0024076000
[0x00007f0024006e90] Heap_lock - owner thread: 0x00007f002400a800

Heap
 PSYoungGen      total 861184K, used 10580K [0x00000007aaa80000, 0x00000007ef600000, 0x0000000800000000)
  eden space 641024K, 0% used [0x00000007aaa80000,0x00000007aaa80000,0x00000007d1c80000)
  from space 220160K, 4% used [0x00000007e0280000,0x00000007e0cd52f8,0x00000007ed980000)
  to   space 235520K, 0% used [0x00000007d1c80000,0x00000007d1c80000,0x00000007e0280000)
 ParOldGen       total 640000K, used 639818K [0x0000000700000000, 0x0000000727100000, 0x00000007aaa80000)
  object space 640000K, 99% used [0x0000000700000000,0x00000007270d28b0,0x0000000727100000)
 PSPermGen       total 21504K, used 6514K [0x00000006f5a00000, 0x00000006f6f00000, 0x0000000700000000)
  object space 21504K, 30% used [0x00000006f5a00000,0x00000006f605c928,0x00000006f6f00000)

Card table byte_map: [0x00007f0029a9a000,0x00007f002a2ee000] byte_map_base: 0x00007f00262ed000

Polling page: 0x00007f002d7cb000

Code Cache  [0x00007f0021000000, 0x00007f0021470000, 0x00007f0024000000)
 total_blobs=1622 nmethods=1394 adapters=181 free_code_cache=44680Kb largest_free_block=45681920

Compilation events (10 events):
Event: 33,314 Thread 0x00007f00240ad000 1474             com.android.dx.dex.code.StdCatchBuilder::rangeIsValid (62 bytes)
Event: 33,317 Thread 0x00007f00240ad000 nmethod 1474 0x00007f0021466d50 code [0x00007f0021466ec0, 0x00007f0021467058]
Event: 33,317 Thread 0x00007f00240aa800 nmethod 1471 0x00007f002140c0d0 code [0x00007f002140c260, 0x00007f002140c898]
Event: 33,317 Thread 0x00007f00240ad000 1475             com.android.dx.rop.code.RegisterSpecList::getWordCount (33 bytes)
Event: 33,320 Thread 0x00007f00240ad000 nmethod 1475 0x00007f002140bb10 code [0x00007f002140bc60, 0x00007f002140be58]
Event: 33,323 Thread 0x00007f00240aa800 1476             com.android.dx.dex.code.SimpleInsn::withRegisters (17 bytes)
Event: 33,324 Thread 0x00007f00240ad000 1477             com.android.dx.dex.code.form.Form22x::codeSize (2 bytes)
Event: 33,324 Thread 0x00007f00240ad000 nmethod 1477 0x00007f0021460d10 code [0x00007f0021460e40, 0x00007f0021460e98]
Event: 33,324 Thread 0x00007f00240aa800 nmethod 1476 0x00007f00214694d0 code [0x00007f0021469620, 0x00007f0021469798]
Event: 33,342 Thread 0x00007f00240ad000 1478             com.android.dx.dex.code.form.Form10t::branchFits (22 bytes)

GC Heap History (10 events):
Event: 23,821 GC heap after
Heap after GC invocations=20 (full 3):
 PSYoungGen      total 652288K, used 144874K [0x00000007aaa80000, 0x00000007e4c00000, 0x0000000800000000)
  eden space 507392K, 0% used [0x00000007aaa80000,0x00000007aaa80000,0x00000007c9a00000)
  from space 144896K, 99% used [0x00000007c9a00000,0x00000007d277a940,0x00000007d2780000)
  to   space 184832K, 0% used [0x00000007d9780000,0x00000007d9780000,0x00000007e4c00000)
 ParOldGen       total 419840K, used 379235K [0x0000000700000000, 0x0000000719a00000, 0x00000007aaa80000)
  object space 419840K, 90% used [0x0000000700000000,0x0000000717258f68,0x0000000719a00000)
 PSPermGen       total 21504K, used 6187K [0x00000006f5a00000, 0x00000006f6f00000, 0x0000000700000000)
  object space 21504K, 28% used [0x00000006f5a00000,0x00000006f600af20,0x00000006f6f00000)
}
Event: 23,821 GC heap before
{Heap before GC invocations=21 (full 4):
 PSYoungGen      total 652288K, used 144874K [0x00000007aaa80000, 0x00000007e4c00000, 0x0000000800000000)
  eden space 507392K, 0% used [0x00000007aaa80000,0x00000007aaa80000,0x00000007c9a00000)
  from space 144896K, 99% used [0x00000007c9a00000,0x00000007d277a940,0x00000007d2780000)
  to   space 184832K, 0% used [0x00000007d9780000,0x00000007d9780000,0x00000007e4c00000)
 ParOldGen       total 419840K, used 379235K [0x0000000700000000, 0x0000000719a00000, 0x00000007aaa80000)
  object space 419840K, 90% used [0x0000000700000000,0x0000000717258f68,0x0000000719a00000)
 PSPermGen       total 21504K, used 6187K [0x00000006f5a00000, 0x00000006f6f00000, 0x0000000700000000)
  object space 21504K, 28% used [0x00000006f5a00000,0x00000006f600af20,0x00000006f6f00000)
Event: 25,963 GC heap after
Heap after GC invocations=21 (full 4):
 PSYoungGen      total 652288K, used 99311K [0x00000007aaa80000, 0x00000007e4c00000, 0x0000000800000000)
  eden space 507392K, 0% used [0x00000007aaa80000,0x00000007aaa80000,0x00000007c9a00000)
  from space 144896K, 68% used [0x00000007c9a00000,0x00000007cfafbce8,0x00000007d2780000)
  to   space 184832K, 0% used [0x00000007d9780000,0x00000007d9780000,0x00000007e4c00000)
 ParOldGen       total 640000K, used 419634K [0x0000000700000000, 0x0000000727100000, 0x00000007aaa80000)
  object space 640000K, 65% used [0x0000000700000000,0x00000007199cc9b0,0x0000000727100000)
 PSPermGen       total 21504K, used 6187K [0x00000006f5a00000, 0x00000006f6f00000, 0x0000000700000000)
  object space 21504K, 28% used [0x00000006f5a00000,0x00000006f600aee0,0x00000006f6f00000)
}
Event: 27,437 GC heap before
{Heap before GC invocations=22 (full 4):
 PSYoungGen      total 652288K, used 606703K [0x00000007aaa80000, 0x00000007e4c00000, 0x0000000800000000)
  eden space 507392K, 100% used [0x00000007aaa80000,0x00000007c9a00000,0x00000007c9a00000)
  from space 144896K, 68% used [0x00000007c9a00000,0x00000007cfafbce8,0x00000007d2780000)
  to   space 184832K, 0% used [0x00000007d9780000,0x00000007d9780000,0x00000007e4c00000)
 ParOldGen       total 640000K, used 419634K [0x0000000700000000, 0x0000000727100000, 0x00000007aaa80000)
  object space 640000K, 65% used [0x0000000700000000,0x00000007199cc9b0,0x0000000727100000)
 PSPermGen       total 21504K, used 6219K [0x00000006f5a00000, 0x00000006f6f00000, 0x0000000700000000)
  object space 21504K, 28% used [0x00000006f5a00000,0x00000006f6012cc8,0x00000006f6f00000)
Event: 27,820 GC heap after
Heap after GC invocations=22 (full 4):
 PSYoungGen      total 753664K, used 100286K [0x00000007aaa80000, 0x00000007e4580000, 0x0000000800000000)
  eden space 575488K, 0% used [0x00000007aaa80000,0x00000007aaa80000,0x00000007cdc80000)
  from space 178176K, 56% used [0x00000007d9780000,0x00000007df96fb48,0x00000007e4580000)
  to   space 184832K, 0% used [0x00000007cdc80000,0x00000007cdc80000,0x00000007d9100000)
 ParOldGen       total 640000K, used 488340K [0x0000000700000000, 0x0000000727100000, 0x00000007aaa80000)
  object space 640000K, 76% used [0x0000000700000000,0x000000071dce5080,0x0000000727100000)
 PSPermGen       total 21504K, used 6219K [0x00000006f5a00000, 0x00000006f6f00000, 0x0000000700000000)
  object space 21504K, 28% used [0x00000006f5a00000,0x00000006f6012cc8,0x00000006f6f00000)
}
Event: 29,315 GC heap before
{Heap before GC invocations=23 (full 4):
 PSYoungGen      total 753664K, used 675774K [0x00000007aaa80000, 0x00000007e4580000, 0x0000000800000000)
  eden space 575488K, 100% used [0x00000007aaa80000,0x00000007cdc80000,0x00000007cdc80000)
  from space 178176K, 56% used [0x00000007d9780000,0x00000007df96fb48,0x00000007e4580000)
  to   space 184832K, 0% used [0x00000007cdc80000,0x00000007cdc80000,0x00000007d9100000)
 ParOldGen       total 640000K, used 488340K [0x0000000700000000, 0x0000000727100000, 0x00000007aaa80000)
  object space 640000K, 76% used [0x0000000700000000,0x000000071dce5080,0x0000000727100000)
 PSPermGen       total 21504K, used 6227K [0x00000006f5a00000, 0x00000006f6f00000, 0x0000000700000000)
  object space 21504K, 28% used [0x00000006f5a00000,0x00000006f6014cf0,0x00000006f6f00000)
Event: 29,561 GC heap after
Heap after GC invocations=23 (full 4):
 PSYoungGen      total 760320K, used 184822K [0x00000007aaa80000, 0x00000007ed980000, 0x0000000800000000)
  eden space 575488K, 0% used [0x00000007aaa80000,0x00000007aaa80000,0x00000007cdc80000)
  from space 184832K, 99% used [0x00000007cdc80000,0x00000007d90fd990,0x00000007d9100000)
  to   space 220160K, 0% used [0x00000007e0280000,0x00000007e0280000,0x00000007ed980000)
 ParOldGen       total 640000K, used 501047K [0x0000000700000000, 0x0000000727100000, 0x00000007aaa80000)
  object space 640000K, 78% used [0x0000000700000000,0x000000071e94de48,0x0000000727100000)
 PSPermGen       total 21504K, used 6227K [0x00000006f5a00000, 0x00000006f6f00000, 0x0000000700000000)
  object space 21504K, 28% used [0x00000006f5a00000,0x00000006f6014cf0,0x00000006f6f00000)
}
Event: 33,342 GC heap before
{Heap before GC invocations=24 (full 4):
 PSYoungGen      total 760320K, used 760310K [0x00000007aaa80000, 0x00000007ed980000, 0x0000000800000000)
  eden space 575488K, 100% used [0x00000007aaa80000,0x00000007cdc80000,0x00000007cdc80000)
  from space 184832K, 99% used [0x00000007cdc80000,0x00000007d90fd990,0x00000007d9100000)
  to   space 220160K, 0% used [0x00000007e0280000,0x00000007e0280000,0x00000007ed980000)
 ParOldGen       total 640000K, used 501047K [0x0000000700000000, 0x0000000727100000, 0x00000007aaa80000)
  object space 640000K, 78% used [0x0000000700000000,0x000000071e94de48,0x0000000727100000)
 PSPermGen       total 21504K, used 6515K [0x00000006f5a00000, 0x00000006f6f00000, 0x0000000700000000)
  object space 21504K, 30% used [0x00000006f5a00000,0x00000006f605ce78,0x00000006f6f00000)
Event: 33,768 GC heap after
Heap after GC invocations=24 (full 4):
 PSYoungGen      total 861184K, used 162730K [0x00000007aaa80000, 0x00000007ef600000, 0x0000000800000000)
  eden space 641024K, 0% used [0x00000007aaa80000,0x00000007aaa80000,0x00000007d1c80000)
  from space 220160K, 73% used [0x00000007e0280000,0x00000007ea16ab70,0x00000007ed980000)
  to   space 235520K, 0% used [0x00000007d1c80000,0x00000007d1c80000,0x00000007e0280000)
 ParOldGen       total 640000K, used 592476K [0x0000000700000000, 0x0000000727100000, 0x00000007aaa80000)
  object space 640000K, 92% used [0x0000000700000000,0x00000007242973e0,0x0000000727100000)
 PSPermGen       total 21504K, used 6515K [0x00000006f5a00000, 0x00000006f6f00000, 0x0000000700000000)
  object space 21504K, 30% used [0x00000006f5a00000,0x00000006f605ce78,0x00000006f6f00000)
}
Event: 33,768 GC heap before
{Heap before GC invocations=25 (full 5):
 PSYoungGen      total 861184K, used 162730K [0x00000007aaa80000, 0x00000007ef600000, 0x0000000800000000)
  eden space 641024K, 0% used [0x00000007aaa80000,0x00000007aaa80000,0x00000007d1c80000)
  from space 220160K, 73% used [0x00000007e0280000,0x00000007ea16ab70,0x00000007ed980000)
  to   space 235520K, 0% used [0x00000007d1c80000,0x00000007d1c80000,0x00000007e0280000)
 ParOldGen       total 640000K, used 592476K [0x0000000700000000, 0x0000000727100000, 0x00000007aaa80000)
  object space 640000K, 92% used [0x0000000700000000,0x00000007242973e0,0x0000000727100000)
 PSPermGen       total 21504K, used 6515K [0x00000006f5a00000, 0x00000006f6f00000, 0x0000000700000000)
  object space 21504K, 30% used [0x00000006f5a00000,0x00000006f605ce78,0x00000006f6f00000)

Deoptimization events (10 events):
Event: 32,955 Thread 0x00007f002400a800 Uncommon trap: reason=unreached action=reinterpret pc=0x00007f0021404598 method=com.android.dx.dex.code.LocalList$MakeState.filterSpec(Lcom/android/dx/rop/code/RegisterSpec;)Lcom/android/dx/rop/code/RegisterSpec; @ 11
Event: 32,955 Thread 0x00007f002400a800 Uncommon trap: reason=unreached action=reinterpret pc=0x00007f00214065f0 method=com.android.dx.dex.code.LocalList$MakeState.filterSpec(Lcom/android/dx/rop/code/RegisterSpec;)Lcom/android/dx/rop/code/RegisterSpec; @ 11
Event: 32,955 Thread 0x00007f002400a800 Uncommon trap: reason=unreached action=reinterpret pc=0x00007f00211bb3fc method=com.android.dx.dex.code.LocalList$MakeState.aboutToProcess(II)V @ 4
Event: 33,006 Thread 0x00007f002400a800 Uncommon trap: reason=class_check action=maybe_recompile pc=0x00007f0021456ce8 method=com.android.dx.dex.code.form.Form35c.isCompatible(Lcom/android/dx/dex/code/DalvInsn;)Z @ 36
Event: 33,006 Thread 0x00007f002400a800 Uncommon trap: reason=class_check action=maybe_recompile pc=0x00007f0021456ce8 method=com.android.dx.dex.code.form.Form35c.isCompatible(Lcom/android/dx/dex/code/DalvInsn;)Z @ 36
Event: 33,029 Thread 0x00007f002400a800 Uncommon trap: reason=class_check action=maybe_recompile pc=0x00007f0021456ce8 method=com.android.dx.dex.code.form.Form35c.isCompatible(Lcom/android/dx/dex/code/DalvInsn;)Z @ 36
Event: 33,221 Thread 0x00007f002400a800 Uncommon trap: reason=array_check action=maybe_recompile pc=0x00007f00213892dc method=java.util.ComparableTimSort.mergeHi(IIII)V @ 91
Event: 33,253 Thread 0x00007f002400a800 Uncommon trap: reason=array_check action=maybe_recompile pc=0x00007f00213892dc method=java.util.ComparableTimSort.mergeHi(IIII)V @ 91
Event: 33,261 Thread 0x00007f002400a800 Uncommon trap: reason=bimorphic action=maybe_recompile pc=0x00007f002143eb08 method=java.util.ComparableTimSort.countRunAndMakeAscending([Ljava/lang/Object;II)I @ 66
Event: 33,262 Thread 0x00007f002400a800 Uncommon trap: reason=bimorphic action=maybe_recompile pc=0x00007f002143eb08 method=java.util.ComparableTimSort.countRunAndMakeAscending([Ljava/lang/Object;II)I @ 66

Internal exceptions (10 events):
Event: 32,402 Thread 0x00007f002400a800 Threw 0x00000007cab37a68 at /build/buildd/openjdk-7-7u79-2.5.5/build/openjdk/hotspot/src/share/vm/prims/jvm.cpp:1284
Event: 32,403 Thread 0x00007f002400a800 Threw 0x00000007cab3cee0 at /build/buildd/openjdk-7-7u79-2.5.5/build/openjdk/hotspot/src/share/vm/prims/jvm.cpp:1284
Event: 32,403 Thread 0x00007f002400a800 Threw 0x00000007cab41ab8 at /build/buildd/openjdk-7-7u79-2.5.5/build/openjdk/hotspot/src/share/vm/prims/jvm.cpp:1284
Event: 32,416 Thread 0x00007f002400a800 Threw 0x00000007cab52fb0 at /build/buildd/openjdk-7-7u79-2.5.5/build/openjdk/hotspot/src/share/vm/prims/jvm.cpp:1284
Event: 32,417 Thread 0x00007f002400a800 Threw 0x00000007cab56878 at /build/buildd/openjdk-7-7u79-2.5.5/build/openjdk/hotspot/src/share/vm/prims/jvm.cpp:1284
Event: 32,417 Thread 0x00007f002400a800 Threw 0x00000007cab5a200 at /build/buildd/openjdk-7-7u79-2.5.5/build/openjdk/hotspot/src/share/vm/prims/jvm.cpp:1284
Event: 32,484 Thread 0x00007f002400a800 Threw 0x00000007cabe0090 at /build/buildd/openjdk-7-7u79-2.5.5/build/openjdk/hotspot/src/share/vm/prims/jvm.cpp:1284
Event: 32,511 Thread 0x00007f002400a800 Implicit null exception at 0x00007f002144cca8 to 0x00007f002144d521
Event: 32,955 Thread 0x00007f002400a800 Implicit null exception at 0x00007f00211bb1d7 to 0x00007f00211bb3ea
Event: 33,235 Thread 0x00007f002400a800 Threw 0x00000007cd10ffe0 at /build/buildd/openjdk-7-7u79-2.5.5/build/openjdk/hotspot/src/share/vm/prims/jvm.cpp:1284

Events (10 events):
Event: 33,253 Thread 0x00007f002400a800 Uncommon trap: trap_request=0xffffffd6 fr.pc=0x00007f00213892dc
Event: 33,253 Thread 0x00007f002400a800 DEOPT PACKING pc=0x00007f00213892dc sp=0x00007f002d79fd30
Event: 33,253 Thread 0x00007f002400a800 DEOPT UNPACKING pc=0x00007f0021039445 sp=0x00007f002d79fd38 mode 2
Event: 33,261 Thread 0x00007f002400a800 Uncommon trap: trap_request=0xffffffc6 fr.pc=0x00007f002143eb08
Event: 33,262 Thread 0x00007f002400a800 DEOPT PACKING pc=0x00007f002143eb08 sp=0x00007f002d79fe60
Event: 33,262 Thread 0x00007f002400a800 DEOPT UNPACKING pc=0x00007f0021039445 sp=0x00007f002d79fe20 mode 2
Event: 33,262 Thread 0x00007f002400a800 Uncommon trap: trap_request=0xffffffc6 fr.pc=0x00007f002143eb08
Event: 33,262 Thread 0x00007f002400a800 DEOPT PACKING pc=0x00007f002143eb08 sp=0x00007f002d79fe60
Event: 33,262 Thread 0x00007f002400a800 DEOPT UNPACKING pc=0x00007f0021039445 sp=0x00007f002d79fe20 mode 2
Event: 33,342 Executing VM operation: ParallelGCFailedAllocation


Dynamic libraries:
00400000-00401000 r-xp 00000000 08:01 1701417                            /usr/lib/jvm/java-7-openjdk-amd64/jre/bin/java
00600000-00601000 r--p 00000000 08:01 1701417                            /usr/lib/jvm/java-7-openjdk-amd64/jre/bin/java
00601000-00602000 rw-p 00001000 08:01 1701417                            /usr/lib/jvm/java-7-openjdk-amd64/jre/bin/java
022e1000-02302000 rw-p 00000000 00:00 0                                  [heap]
6f5a00000-6f6f00000 rw-p 00000000 00:00 0 
6f6f00000-700000000 rw-p 00000000 00:00 0 
700000000-727100000 rw-p 00000000 00:00 0 
739180000-7aaa80000 rw-p 00000000 00:00 0 
7aaa80000-7ef600000 rw-p 00000000 00:00 0 
7ef600000-800000000 rw-p 00000000 00:00 0 
7effdc000000-7effdc021000 rw-p 00000000 00:00 0 
7effdc021000-7effe0000000 ---p 00000000 00:00 0 
7effe0000000-7effe0021000 rw-p 00000000 00:00 0 
7effe0021000-7effe4000000 ---p 00000000 00:00 0 
7effe4000000-7effe6011000 rw-p 00000000 00:00 0 
7effe6011000-7effe8000000 ---p 00000000 00:00 0 
7effe8000000-7effe9e42000 rw-p 00000000 00:00 0 
7effe9e42000-7effec000000 ---p 00000000 00:00 0 
7effec000000-7effec021000 rw-p 00000000 00:00 0 
7effec021000-7efff0000000 ---p 00000000 00:00 0 
7efff0000000-7efff0021000 rw-p 00000000 00:00 0 
7efff0021000-7efff4000000 ---p 00000000 00:00 0 
7efff4000000-7efff4021000 rw-p 00000000 00:00 0 
7efff4021000-7efff8000000 ---p 00000000 00:00 0 
7efffbad0000-7f0004000000 rw-p 00000000 00:00 0 
7f0004000000-7f0004021000 rw-p 00000000 00:00 0 
7f0004021000-7f0008000000 ---p 00000000 00:00 0 
7f0008000000-7f0008241000 rw-p 00000000 00:00 0 
7f0008241000-7f000c000000 ---p 00000000 00:00 0 
7f000c000000-7f000c021000 rw-p 00000000 00:00 0 
7f000c021000-7f0010000000 ---p 00000000 00:00 0 
7f0014000000-7f0014021000 rw-p 00000000 00:00 0 
7f0014021000-7f0018000000 ---p 00000000 00:00 0 
7f0019c62000-7f0019c9f000 r-xp 00000000 08:01 527559                     /lib/x86_64-linux-gnu/libpcre.so.3.13.1
7f0019c9f000-7f0019e9e000 ---p 0003d000 08:01 527559                     /lib/x86_64-linux-gnu/libpcre.so.3.13.1
7f0019e9e000-7f0019e9f000 r--p 0003c000 08:01 527559                     /lib/x86_64-linux-gnu/libpcre.so.3.13.1
7f0019e9f000-7f0019ea0000 rw-p 0003d000 08:01 527559                     /lib/x86_64-linux-gnu/libpcre.so.3.13.1
7f0019ea0000-7f0019ea7000 r-xp 00000000 08:01 794882                     /usr/lib/x86_64-linux-gnu/libffi.so.6.0.1
7f0019ea7000-7f001a0a6000 ---p 00007000 08:01 794882                     /usr/lib/x86_64-linux-gnu/libffi.so.6.0.1
7f001a0a6000-7f001a0a7000 r--p 00006000 08:01 794882                     /usr/lib/x86_64-linux-gnu/libffi.so.6.0.1
7f001a0a7000-7f001a0a8000 rw-p 00007000 08:01 794882                     /usr/lib/x86_64-linux-gnu/libffi.so.6.0.1
7f001a0a8000-7f001a0bf000 r-xp 00000000 08:01 527335                     /lib/x86_64-linux-gnu/libresolv-2.19.so
7f001a0bf000-7f001a2bf000 ---p 00017000 08:01 527335                     /lib/x86_64-linux-gnu/libresolv-2.19.so
7f001a2bf000-7f001a2c0000 r--p 00017000 08:01 527335                     /lib/x86_64-linux-gnu/libresolv-2.19.so
7f001a2c0000-7f001a2c1000 rw-p 00018000 08:01 527335                     /lib/x86_64-linux-gnu/libresolv-2.19.so
7f001a2c1000-7f001a2c3000 rw-p 00000000 00:00 0 
7f001a2c3000-7f001a2e3000 r-xp 00000000 08:01 527586                     /lib/x86_64-linux-gnu/libselinux.so.1
7f001a2e3000-7f001a4e2000 ---p 00020000 08:01 527586                     /lib/x86_64-linux-gnu/libselinux.so.1
7f001a4e2000-7f001a4e3000 r--p 0001f000 08:01 527586                     /lib/x86_64-linux-gnu/libselinux.so.1
7f001a4e3000-7f001a4e4000 rw-p 00020000 08:01 527586                     /lib/x86_64-linux-gnu/libselinux.so.1
7f001a4e4000-7f001a4e6000 rw-p 00000000 00:00 0 
7f001a4e6000-7f001a4e9000 r-xp 00000000 08:01 787578                     /usr/lib/x86_64-linux-gnu/libgmodule-2.0.so.0.4002.0
7f001a4e9000-7f001a6e8000 ---p 00003000 08:01 787578                     /usr/lib/x86_64-linux-gnu/libgmodule-2.0.so.0.4002.0
7f001a6e8000-7f001a6e9000 r--p 00002000 08:01 787578                     /usr/lib/x86_64-linux-gnu/libgmodule-2.0.so.0.4002.0
7f001a6e9000-7f001a6ea000 rw-p 00003000 08:01 787578                     /usr/lib/x86_64-linux-gnu/libgmodule-2.0.so.0.4002.0
7f001a6ea000-7f001a7f0000 r-xp 00000000 08:01 527396                     /lib/x86_64-linux-gnu/libglib-2.0.so.0.4002.0
7f001a7f0000-7f001a9ef000 ---p 00106000 08:01 527396                     /lib/x86_64-linux-gnu/libglib-2.0.so.0.4002.0
7f001a9ef000-7f001a9f0000 r--p 00105000 08:01 527396                     /lib/x86_64-linux-gnu/libglib-2.0.so.0.4002.0
7f001a9f0000-7f001a9f1000 rw-p 00106000 08:01 527396                     /lib/x86_64-linux-gnu/libglib-2.0.so.0.4002.0
7f001a9f1000-7f001a9f2000 rw-p 00000000 00:00 0 
7f001a9f2000-7f001aa41000 r-xp 00000000 08:01 787580                     /usr/lib/x86_64-linux-gnu/libgobject-2.0.so.0.4002.0
7f001aa41000-7f001ac41000 ---p 0004f000 08:01 787580                     /usr/lib/x86_64-linux-gnu/libgobject-2.0.so.0.4002.0
7f001ac41000-7f001ac42000 r--p 0004f000 08:01 787580                     /usr/lib/x86_64-linux-gnu/libgobject-2.0.so.0.4002.0
7f001ac42000-7f001ac43000 rw-p 00050000 08:01 787580                     /usr/lib/x86_64-linux-gnu/libgobject-2.0.so.0.4002.0
7f001ac43000-7f001adaf000 r-xp 00000000 08:01 787582                     /usr/lib/x86_64-linux-gnu/libgio-2.0.so.0.4002.0
7f001adaf000-7f001afae000 ---p 0016c000 08:01 787582                     /usr/lib/x86_64-linux-gnu/libgio-2.0.so.0.4002.0
7f001afae000-7f001afb2000 r--p 0016b000 08:01 787582                     /usr/lib/x86_64-linux-gnu/libgio-2.0.so.0.4002.0
7f001afb2000-7f001afb4000 rw-p 0016f000 08:01 787582                     /usr/lib/x86_64-linux-gnu/libgio-2.0.so.0.4002.0
7f001afb4000-7f001afb6000 rw-p 00000000 00:00 0 
7f001afb6000-7f001afcd000 r-xp 00000000 08:01 1701521                    /usr/lib/jvm/java-7-openjdk-amd64/jre/lib/amd64/libnet.so
7f001afcd000-7f001b1cc000 ---p 00017000 08:01 1701521                    /usr/lib/jvm/java-7-openjdk-amd64/jre/lib/amd64/libnet.so
7f001b1cc000-7f001b1cd000 r--p 00016000 08:01 1701521                    /usr/lib/jvm/java-7-openjdk-amd64/jre/lib/amd64/libnet.so
7f001b1cd000-7f001b1ce000 rw-p 00017000 08:01 1701521                    /usr/lib/jvm/java-7-openjdk-amd64/jre/lib/amd64/libnet.so
7f001b1ce000-7f001b1de000 r-xp 00000000 08:01 1701495                    /usr/lib/jvm/java-7-openjdk-amd64/jre/lib/amd64/libnio.so
7f001b1de000-7f001b3de000 ---p 00010000 08:01 1701495                    /usr/lib/jvm/java-7-openjdk-amd64/jre/lib/amd64/libnio.so
7f001b3de000-7f001b3df000 r--p 00010000 08:01 1701495                    /usr/lib/jvm/java-7-openjdk-amd64/jre/lib/amd64/libnio.so
7f001b3df000-7f001b3e0000 rw-p 00011000 08:01 1701495                    /usr/lib/jvm/java-7-openjdk-amd64/jre/lib/amd64/libnio.so
7f001b3e0000-7f001b4ab000 r--s 00c42000 00:1b 2901073                    /home/frabu/AndroidStudioProjects/DataMarketClean/app/build/intermediates/multi-dex/debug/allclasses.jar
7f001b4ab000-7f001b4ac000 ---p 00000000 00:00 0 
7f001b4ac000-7f001b5ac000 rw-p 00000000 00:00 0                          [stack:16436]
7f001b5ac000-7f001b5af000 ---p 00000000 00:00 0 
7f001b5af000-7f001b6ad000 rw-p 00000000 00:00 0                          [stack:16435]
7f001b6ad000-7f001b6b0000 ---p 00000000 00:00 0 
7f001b6b0000-7f001b7ae000 rw-p 00000000 00:00 0                          [stack:16434]
7f001b7ae000-7f001c000000 r--p 00000000 08:01 793106                     /usr/lib/locale/locale-archive
7f001c000000-7f001c021000 rw-p 00000000 00:00 0 
7f001c021000-7f0020000000 ---p 00000000 00:00 0 
7f0020038000-7f0020069000 rw-p 00000000 00:00 0 
7f002008e000-7f0020091000 ---p 00000000 00:00 0 
7f0020091000-7f002018f000 rw-p 00000000 00:00 0                          [stack:16433]
7f002018f000-7f0020192000 ---p 00000000 00:00 0 
7f0020192000-7f0020290000 rw-p 00000000 00:00 0                          [stack:16432]
7f0020290000-7f0020293000 ---p 00000000 00:00 0 
7f0020293000-7f0020391000 rw-p 00000000 00:00 0                          [stack:16431]
7f0020391000-7f0020394000 ---p 00000000 00:00 0 
7f0020394000-7f0020492000 rw-p 00000000 00:00 0                          [stack:16430]
7f0020492000-7f0020493000 ---p 00000000 00:00 0 
7f0020493000-7f0021000000 rw-p 00000000 00:00 0                          [stack:16429]
7f0021000000-7f0021470000 rwxp 00000000 00:00 0 
7f0021470000-7f00243d7000 rw-p 00000000 00:00 0 
7f00243d7000-7f0028000000 ---p 00000000 00:00 0 
7f002800c000-7f002859c000 rw-p 00000000 00:00 0 
7f002859c000-7f002874d000 r--s 01d27000 08:01 1576683                    /usr/lib/jvm/java-7-openjdk-amd64/jre/lib/rt.jar
7f002874d000-7f00290ed000 rw-p 00000000 00:00 0 
7f00290ed000-7f00290ee000 ---p 00000000 00:00 0 
7f00290ee000-7f00291ee000 rw-p 00000000 00:00 0                          [stack:16428]
7f00291ee000-7f00291ef000 ---p 00000000 00:00 0 
7f00291ef000-7f00292ef000 rw-p 00000000 00:00 0                          [stack:16427]
7f00292ef000-7f00292f0000 ---p 00000000 00:00 0 
7f00292f0000-7f00293f0000 rw-p 00000000 00:00 0                          [stack:16426]
7f00293f0000-7f00293f1000 ---p 00000000 00:00 0 
7f00293f1000-7f00294fc000 rw-p 00000000 00:00 0                          [stack:16425]
7f00294fc000-7f0029544000 rw-p 00000000 00:00 0 
7f0029544000-7f002967d000 rw-p 00000000 00:00 0 
7f002967d000-7f0029a9a000 rw-p 00000000 00:00 0 
7f0029a9a000-7f0029aa5000 rw-p 00000000 00:00 0 
7f0029aa5000-7f0029aed000 rw-p 00000000 00:00 0 
7f0029aed000-7f0029c26000 rw-p 00000000 00:00 0 
7f0029c26000-7f002a042000 rw-p 00000000 00:00 0 
7f002a042000-7f002a268000 rw-p 00000000 00:00 0 
7f002a268000-7f002a2ed000 rw-p 00000000 00:00 0 
7f002a2ed000-7f002a2ee000 rw-p 00000000 00:00 0 
7f002a2ee000-7f002a2f6000 r-xp 00000000 08:01 1701487                    /usr/lib/jvm/java-7-openjdk-amd64/jre/lib/amd64/libzip.so
7f002a2f6000-7f002a4f5000 ---p 00008000 08:01 1701487                    /usr/lib/jvm/java-7-openjdk-amd64/jre/lib/amd64/libzip.so
7f002a4f5000-7f002a4f6000 r--p 00007000 08:01 1701487                    /usr/lib/jvm/java-7-openjdk-amd64/jre/lib/amd64/libzip.so
7f002a4f6000-7f002a4f7000 rw-p 00008000 08:01 1701487                    /usr/lib/jvm/java-7-openjdk-amd64/jre/lib/amd64/libzip.so
7f002a4f7000-7f002a502000 r-xp 00000000 08:01 527433                     /lib/x86_64-linux-gnu/libnss_files-2.19.so
7f002a502000-7f002a701000 ---p 0000b000 08:01 527433                     /lib/x86_64-linux-gnu/libnss_files-2.19.so
7f002a701000-7f002a702000 r--p 0000a000 08:01 527433                     /lib/x86_64-linux-gnu/libnss_files-2.19.so
7f002a702000-7f002a703000 rw-p 0000b000 08:01 527433                     /lib/x86_64-linux-gnu/libnss_files-2.19.so
7f002a703000-7f002a70e000 r-xp 00000000 08:01 538164                     /lib/x86_64-linux-gnu/libnss_nis-2.19.so
7f002a70e000-7f002a90d000 ---p 0000b000 08:01 538164                     /lib/x86_64-linux-gnu/libnss_nis-2.19.so
7f002a90d000-7f002a90e000 r--p 0000a000 08:01 538164                     /lib/x86_64-linux-gnu/libnss_nis-2.19.so
7f002a90e000-7f002a90f000 rw-p 0000b000 08:01 538164                     /lib/x86_64-linux-gnu/libnss_nis-2.19.so
7f002a90f000-7f002a926000 r-xp 00000000 08:01 527761                     /lib/x86_64-linux-gnu/libnsl-2.19.so
7f002a926000-7f002ab25000 ---p 00017000 08:01 527761                     /lib/x86_64-linux-gnu/libnsl-2.19.so
7f002ab25000-7f002ab26000 r--p 00016000 08:01 527761                     /lib/x86_64-linux-gnu/libnsl-2.19.so
7f002ab26000-7f002ab27000 rw-p 00017000 08:01 527761                     /lib/x86_64-linux-gnu/libnsl-2.19.so
7f002ab27000-7f002ab29000 rw-p 00000000 00:00 0 
7f002ab29000-7f002ab32000 r-xp 00000000 08:01 527757                     /lib/x86_64-linux-gnu/libnss_compat-2.19.so
7f002ab32000-7f002ad31000 ---p 00009000 08:01 527757                     /lib/x86_64-linux-gnu/libnss_compat-2.19.so
7f002ad31000-7f002ad32000 r--p 00008000 08:01 527757                     /lib/x86_64-linux-gnu/libnss_compat-2.19.so
7f002ad32000-7f002ad33000 rw-p 00009000 08:01 527757                     /lib/x86_64-linux-gnu/libnss_compat-2.19.so
7f002ad33000-7f002ad5e000 r-xp 00000000 08:01 1701519                    /usr/lib/jvm/java-7-openjdk-amd64/jre/lib/amd64/libjava.so
7f002ad5e000-7f002af5e000 ---p 0002b000 08:01 1701519                    /usr/lib/jvm/java-7-openjdk-amd64/jre/lib/amd64/libjava.so
7f002af5e000-7f002af5f000 r--p 0002b000 08:01 1701519                    /usr/lib/jvm/java-7-openjdk-amd64/jre/lib/amd64/libjava.so
7f002af5f000-7f002af61000 rw-p 0002c000 08:01 1701519                    /usr/lib/jvm/java-7-openjdk-amd64/jre/lib/amd64/libjava.so
7f002af61000-7f002af71000 r-xp 00000000 08:01 1701513                    /usr/lib/jvm/java-7-openjdk-amd64/jre/lib/amd64/libverify.so
7f002af71000-7f002b170000 ---p 00010000 08:01 1701513                    /usr/lib/jvm/java-7-openjdk-amd64/jre/lib/amd64/libverify.so
7f002b170000-7f002b172000 r--p 0000f000 08:01 1701513                    /usr/lib/jvm/java-7-openjdk-amd64/jre/lib/amd64/libverify.so
7f002b172000-7f002b173000 rw-p 00011000 08:01 1701513                    /usr/lib/jvm/java-7-openjdk-amd64/jre/lib/amd64/libverify.so
7f002b173000-7f002b17a000 r-xp 00000000 08:01 538153                     /lib/x86_64-linux-gnu/librt-2.19.so
7f002b17a000-7f002b379000 ---p 00007000 08:01 538153                     /lib/x86_64-linux-gnu/librt-2.19.so
7f002b379000-7f002b37a000 r--p 00006000 08:01 538153                     /lib/x86_64-linux-gnu/librt-2.19.so
7f002b37a000-7f002b37b000 rw-p 00007000 08:01 538153                     /lib/x86_64-linux-gnu/librt-2.19.so
7f002b37b000-7f002b391000 r-xp 00000000 08:01 523279                     /lib/x86_64-linux-gnu/libgcc_s.so.1
7f002b391000-7f002b590000 ---p 00016000 08:01 523279                     /lib/x86_64-linux-gnu/libgcc_s.so.1
7f002b590000-7f002b591000 rw-p 00015000 08:01 523279                     /lib/x86_64-linux-gnu/libgcc_s.so.1
7f002b591000-7f002b696000 r-xp 00000000 08:01 527386                     /lib/x86_64-linux-gnu/libm-2.19.so
7f002b696000-7f002b895000 ---p 00105000 08:01 527386                     /lib/x86_64-linux-gnu/libm-2.19.so
7f002b895000-7f002b896000 r--p 00104000 08:01 527386                     /lib/x86_64-linux-gnu/libm-2.19.so
7f002b896000-7f002b897000 rw-p 00105000 08:01 527386                     /lib/x86_64-linux-gnu/libm-2.19.so
7f002b897000-7f002b97d000 r-xp 00000000 08:01 799499                     /usr/lib/x86_64-linux-gnu/libstdc++.so.6.0.19
7f002b97d000-7f002bb7c000 ---p 000e6000 08:01 799499                     /usr/lib/x86_64-linux-gnu/libstdc++.so.6.0.19
7f002bb7c000-7f002bb84000 r--p 000e5000 08:01 799499                     /usr/lib/x86_64-linux-gnu/libstdc++.so.6.0.19
7f002bb84000-7f002bb86000 rw-p 000ed000 08:01 799499                     /usr/lib/x86_64-linux-gnu/libstdc++.so.6.0.19
7f002bb86000-7f002bb9b000 rw-p 00000000 00:00 0 
7f002bb9b000-7f002c6b3000 r-xp 00000000 08:01 1701529                    /usr/lib/jvm/java-7-openjdk-amd64/jre/lib/amd64/server/libjvm.so
7f002c6b3000-7f002c8b3000 ---p 00b18000 08:01 1701529                    /usr/lib/jvm/java-7-openjdk-amd64/jre/lib/amd64/server/libjvm.so
7f002c8b3000-7f002c94d000 r--p 00b18000 08:01 1701529                    /usr/lib/jvm/java-7-openjdk-amd64/jre/lib/amd64/server/libjvm.so
7f002c94d000-7f002c970000 rw-p 00bb2000 08:01 1701529                    /usr/lib/jvm/java-7-openjdk-amd64/jre/lib/amd64/server/libjvm.so
7f002c970000-7f002c99e000 rw-p 00000000 00:00 0 
7f002c99e000-7f002c9b6000 r-xp 00000000 08:01 527619                     /lib/x86_64-linux-gnu/libz.so.1.2.8
7f002c9b6000-7f002cbb5000 ---p 00018000 08:01 527619                     /lib/x86_64-linux-gnu/libz.so.1.2.8
7f002cbb5000-7f002cbb6000 r--p 00017000 08:01 527619                     /lib/x86_64-linux-gnu/libz.so.1.2.8
7f002cbb6000-7f002cbb7000 rw-p 00018000 08:01 527619                     /lib/x86_64-linux-gnu/libz.so.1.2.8
7f002cbb7000-7f002cbd0000 r-xp 00000000 08:01 538149                     /lib/x86_64-linux-gnu/libpthread-2.19.so
7f002cbd0000-7f002cdcf000 ---p 00019000 08:01 538149                     /lib/x86_64-linux-gnu/libpthread-2.19.so
7f002cdcf000-7f002cdd0000 r--p 00018000 08:01 538149                     /lib/x86_64-linux-gnu/libpthread-2.19.so
7f002cdd0000-7f002cdd1000 rw-p 00019000 08:01 538149                     /lib/x86_64-linux-gnu/libpthread-2.19.so
7f002cdd1000-7f002cdd5000 rw-p 00000000 00:00 0 
7f002cdd5000-7f002cdd8000 r-xp 00000000 08:01 527508                     /lib/x86_64-linux-gnu/libdl-2.19.so
7f002cdd8000-7f002cfd7000 ---p 00003000 08:01 527508                     /lib/x86_64-linux-gnu/libdl-2.19.so
7f002cfd7000-7f002cfd8000 r--p 00002000 08:01 527508                     /lib/x86_64-linux-gnu/libdl-2.19.so
7f002cfd8000-7f002cfd9000 rw-p 00003000 08:01 527508                     /lib/x86_64-linux-gnu/libdl-2.19.so
7f002cfd9000-7f002d194000 r-xp 00000000 08:01 527787                     /lib/x86_64-linux-gnu/libc-2.19.so
7f002d194000-7f002d393000 ---p 001bb000 08:01 527787                     /lib/x86_64-linux-gnu/libc-2.19.so
7f002d393000-7f002d397000 r--p 001ba000 08:01 527787                     /lib/x86_64-linux-gnu/libc-2.19.so
7f002d397000-7f002d399000 rw-p 001be000 08:01 527787                     /lib/x86_64-linux-gnu/libc-2.19.so
7f002d399000-7f002d39e000 rw-p 00000000 00:00 0 
7f002d39e000-7f002d3ab000 r-xp 00000000 08:01 1701471                    /usr/lib/jvm/java-7-openjdk-amd64/jre/lib/amd64/jli/libjli.so
7f002d3ab000-7f002d5aa000 ---p 0000d000 08:01 1701471                    /usr/lib/jvm/java-7-openjdk-amd64/jre/lib/amd64/jli/libjli.so
7f002d5aa000-7f002d5ab000 r--p 0000c000 08:01 1701471                    /usr/lib/jvm/java-7-openjdk-amd64/jre/lib/amd64/jli/libjli.so
7f002d5ab000-7f002d5ac000 rw-p 0000d000 08:01 1701471                    /usr/lib/jvm/java-7-openjdk-amd64/jre/lib/amd64/jli/libjli.so
7f002d5ac000-7f002d5cf000 r-xp 00000000 08:01 527769                     /lib/x86_64-linux-gnu/ld-2.19.so
7f002d5d2000-7f002d5e1000 r--s 000dd000 00:1b 3018635                    /home/frabu/Android/Sdk/build-tools/21.1.2/lib/dx.jar
7f002d5e1000-7f002d5f3000 rw-p 00000000 00:00 0 
7f002d5f3000-7f002d6a1000 rw-p 00000000 00:00 0 
7f002d6a1000-7f002d6a4000 ---p 00000000 00:00 0 
7f002d6a4000-7f002d7a7000 rw-p 00000000 00:00 0                          [stack:16424]
7f002d7ae000-7f002d7af000 rw-p 00000000 00:00 0 
7f002d7af000-7f002d7b2000 r--s 00086000 08:01 1701539                    /usr/lib/jvm/java-7-openjdk-amd64/jre/lib/ext/localedata.jar
7f002d7b2000-7f002d7b4000 r--s 00006000 08:01 1185101                    /usr/share/java/java-atk-wrapper.jar
7f002d7b4000-7f002d7b7000 r--s 0000f000 08:01 1701533                    /usr/lib/jvm/java-7-openjdk-amd64/jre/lib/ext/icedtea-sound.jar
7f002d7b7000-7f002d7bb000 r--s 0003c000 08:01 1701537                    /usr/lib/jvm/java-7-openjdk-amd64/jre/lib/ext/sunpkcs11.jar
7f002d7bb000-7f002d7bf000 r--s 00034000 08:01 1701541                    /usr/lib/jvm/java-7-openjdk-amd64/jre/lib/ext/sunjce_provider.jar
7f002d7bf000-7f002d7c1000 r--s 00012000 08:01 1701543                    /usr/lib/jvm/java-7-openjdk-amd64/jre/lib/ext/zipfs.jar
7f002d7c1000-7f002d7c2000 r--s 00002000 08:01 1701535                    /usr/lib/jvm/java-7-openjdk-amd64/jre/lib/ext/dnsns.jar
7f002d7c2000-7f002d7ca000 rw-s 00000000 08:01 1050939                    /tmp/hsperfdata_frabu/16419
7f002d7ca000-7f002d7cb000 rw-p 00000000 00:00 0 
7f002d7cb000-7f002d7cc000 ---p 00000000 00:00 0 
7f002d7cc000-7f002d7ce000 rw-p 00000000 00:00 0 
7f002d7ce000-7f002d7cf000 r--p 00022000 08:01 527769                     /lib/x86_64-linux-gnu/ld-2.19.so
7f002d7cf000-7f002d7d0000 rw-p 00023000 08:01 527769                     /lib/x86_64-linux-gnu/ld-2.19.so
7f002d7d0000-7f002d7d1000 rw-p 00000000 00:00 0 
7ffd16f82000-7ffd16fa4000 rw-p 00000000 00:00 0                          [stack]
7ffd16fad000-7ffd16faf000 r-xp 00000000 00:00 0                          [vdso]
ffffffffff600000-ffffffffff601000 r-xp 00000000 00:00 0                  [vsyscall]

VM Arguments:
jvm_args: -Xmx4g -Dfile.encoding=UTF-8 -Duser.country=US -Duser.language=en -Duser.variant 
java_command: com.android.dx.command.Main --dex --multi-dex --main-dex-list /home/frabu/AndroidStudioProjects/DataMarketClean/app/build/intermediates/multi-dex/debug/maindexlist.txt --output /home/frabu/AndroidStudioProjects/DataMarketClean/app/build/intermediates/dex/debug /home/frabu/AndroidStudioProjects/DataMarketClean/app/build/intermediates/multi-dex/debug/allclasses.jar
Launcher Type: SUN_STANDARD

Environment Variables:
PATH=/usr/local/heroku/bin:/usr/games:/usr/local/sbin:/usr/local/bin:/usr/sbin:/usr/bin:/sbin:/bin:/usr/games:/usr/local/games:/home/frabu/.rvm/bin:/home/frabu/.rvm/bin:/home/frabu/android-studio/bin
LD_LIBRARY_PATH=/home/frabu/android-studio/bin:
SHELL=/bin/bash
DISPLAY=:0.0

Signal Handlers:
SIGSEGV: [libjvm.so+0x94b9a0], sa_mask[0]=0x7ffbfeff, sa_flags=0x10000004
SIGBUS: [libjvm.so+0x94b9a0], sa_mask[0]=0x7ffbfeff, sa_flags=0x10000004
SIGFPE: [libjvm.so+0x7c3880], sa_mask[0]=0x7ffbfeff, sa_flags=0x10000004
SIGPIPE: [libjvm.so+0x7c3880], sa_mask[0]=0x7ffbfeff, sa_flags=0x10000004
SIGXFSZ: [libjvm.so+0x7c3880], sa_mask[0]=0x7ffbfeff, sa_flags=0x10000004
SIGILL: [libjvm.so+0x7c3880], sa_mask[0]=0x7ffbfeff, sa_flags=0x10000004
SIGUSR1: SIG_DFL, sa_mask[0]=0x00000000, sa_flags=0x00000000
SIGUSR2: [libjvm.so+0x7c3720], sa_mask[0]=0x00000004, sa_flags=0x10000004
SIGHUP: [libjvm.so+0x7c3900], sa_mask[0]=0x7ffbfeff, sa_flags=0x10000004
SIGINT: [libjvm.so+0x7c3900], sa_mask[0]=0x7ffbfeff, sa_flags=0x10000004
SIGTERM: [libjvm.so+0x7c3900], sa_mask[0]=0x7ffbfeff, sa_flags=0x10000004
SIGQUIT: [libjvm.so+0x7c3900], sa_mask[0]=0x7ffbfeff, sa_flags=0x10000004
SIGTRAP: SIG_DFL, sa_mask[0]=0x00000000, sa_flags=0x00000000


---------------  S Y S T E M  ---------------

OS:Ubuntu 14.04 (trusty)
uname:Linux 3.13.0-57-generic #95-Ubuntu SMP Fri Jun 19 09:28:15 UTC 2015 x86_64
libc:glibc 2.19 NPTL 2.19 
rlimit: STACK 8192k, CORE 0k, NPROC 61279, NOFILE 4096, AS infinity
load average:3,71 2,02 1,80

/proc/meminfo:
MemTotal:        7873200 kB
MemFree:          143556 kB
Buffers:            5012 kB
Cached:           949544 kB
SwapCached:            0 kB
Active:          6596572 kB
Inactive:         850172 kB
Active(anon):    6498768 kB
Inactive(anon):   766616 kB
Active(file):      97804 kB
Inactive(file):    83556 kB
Unevictable:          68 kB
Mlocked:              68 kB
SwapTotal:             0 kB
SwapFree:              0 kB
Dirty:               448 kB
Writeback:             0 kB
AnonPages:       6492472 kB
Mapped:           555436 kB
Shmem:            773044 kB
Slab:             132260 kB
SReclaimable:      61372 kB
SUnreclaim:        70888 kB
KernelStack:        7400 kB
PageTables:        61852 kB
NFS_Unstable:          0 kB
Bounce:                0 kB
WritebackTmp:          0 kB
CommitLimit:     3936600 kB
Committed_AS:   14386996 kB
VmallocTotal:   34359738367 kB
VmallocUsed:      359004 kB
VmallocChunk:   34359358440 kB
HardwareCorrupted:     0 kB
AnonHugePages:   1835008 kB
HugePages_Total:       0
HugePages_Free:        0
HugePages_Rsvd:        0
HugePages_Surp:        0
Hugepagesize:       2048 kB
DirectMap4k:       83892 kB
DirectMap2M:     7999488 kB


CPU:total 4 (2 cores per cpu, 2 threads per core) family 6 model 58 stepping 9, cmov, cx8, fxsr, mmx, sse, sse2, sse3, ssse3, sse4.1, sse4.2, popcnt, avx, aes, erms, ht, tsc, tscinvbit, tscinv

/proc/cpuinfo:
processor	: 0
vendor_id	: GenuineIntel
cpu family	: 6
model		: 58
model name	: Intel(R) Core(TM) i5-3317U CPU @ 1.70GHz
stepping	: 9
microcode	: 0x12
cpu MHz		: 1701.000
cache size	: 3072 KB
physical id	: 0
siblings	: 4
core id		: 0
cpu cores	: 2
apicid		: 0
initial apicid	: 0
fpu		: yes
fpu_exception	: yes
cpuid level	: 13
wp		: yes
flags		: fpu vme de pse tsc msr pae mce cx8 apic sep mtrr pge mca cmov pat pse36 clflush dts acpi mmx fxsr sse sse2 ss ht tm pbe syscall nx rdtscp lm constant_tsc arch_perfmon pebs bts rep_good nopl xtopology nonstop_tsc aperfmperf eagerfpu pni pclmulqdq dtes64 monitor ds_cpl vmx est tm2 ssse3 cx16 xtpr pdcm pcid sse4_1 sse4_2 x2apic popcnt tsc_deadline_timer aes xsave avx f16c rdrand lahf_lm ida arat epb xsaveopt pln pts dtherm tpr_shadow vnmi flexpriority ept vpid fsgsbase smep erms
bogomips	: 3392.39
clflush size	: 64
cache_alignment	: 64
address sizes	: 36 bits physical, 48 bits virtual
power management:

processor	: 1
vendor_id	: GenuineIntel
cpu family	: 6
model		: 58
model name	: Intel(R) Core(TM) i5-3317U CPU @ 1.70GHz
stepping	: 9
microcode	: 0x12
cpu MHz		: 1701.000
cache size	: 3072 KB
physical id	: 0
siblings	: 4
core id		: 0
cpu cores	: 2
apicid		: 1
initial apicid	: 1
fpu		: yes
fpu_exception	: yes
cpuid level	: 13
wp		: yes
flags		: fpu vme de pse tsc msr pae mce cx8 apic sep mtrr pge mca cmov pat pse36 clflush dts acpi mmx fxsr sse sse2 ss ht tm pbe syscall nx rdtscp lm constant_tsc arch_perfmon pebs bts rep_good nopl xtopology nonstop_tsc aperfmperf eagerfpu pni pclmulqdq dtes64 monitor ds_cpl vmx est tm2 ssse3 cx16 xtpr pdcm pcid sse4_1 sse4_2 x2apic popcnt tsc_deadline_timer aes xsave avx f16c rdrand lahf_lm ida arat epb xsaveopt pln pts dtherm tpr_shadow vnmi flexpriority ept vpid fsgsbase smep erms
bogomips	: 3392.39
clflush size	: 64
cache_alignment	: 64
address sizes	: 36 bits physical, 48 bits virtual
power management:

processor	: 2
vendor_id	: GenuineIntel
cpu family	: 6
model		: 58
model name	: Intel(R) Core(TM) i5-3317U CPU @ 1.70GHz
stepping	: 9
microcode	: 0x12
cpu MHz		: 799.000
cache size	: 3072 KB
physical id	: 0
siblings	: 4
core id		: 1
cpu cores	: 2
apicid		: 2
initial apicid	: 2
fpu		: yes
fpu_exception	: yes
cpuid level	: 13
wp		: yes
flags		: fpu vme de pse tsc msr pae mce cx8 apic sep mtrr pge mca cmov pat pse36 clflush dts acpi mmx fxsr sse sse2 ss ht tm pbe syscall nx rdtscp lm constant_tsc arch_perfmon pebs bts rep_good nopl xtopology nonstop_tsc aperfmperf eagerfpu pni pclmulqdq dtes64 monitor ds_cpl vmx est tm2 ssse3 cx16 xtpr pdcm pcid sse4_1 sse4_2 x2apic popcnt tsc_deadline_timer aes xsave avx f16c rdrand lahf_lm ida arat epb xsaveopt pln pts dtherm tpr_shadow vnmi flexpriority ept vpid fsgsbase smep erms
bogomips	: 3392.39
clflush size	: 64
cache_alignment	: 64
address sizes	: 36 bits physical, 48 bits virtual
power management:

processor	: 3
vendor_id	: GenuineIntel
cpu family	: 6
model		: 58
model name	: Intel(R) Core(TM) i5-3317U CPU @ 1.70GHz
stepping	: 9
microcode	: 0x12
cpu MHz		: 799.000
cache size	: 3072 KB
physical id	: 0
siblings	: 4
core id		: 1
cpu cores	: 2
apicid		: 3
initial apicid	: 3
fpu		: yes
fpu_exception	: yes
cpuid level	: 13
wp		: yes
flags		: fpu vme de pse tsc msr pae mce cx8 apic sep mtrr pge mca cmov pat pse36 clflush dts acpi mmx fxsr sse sse2 ss ht tm pbe syscall nx rdtscp lm constant_tsc arch_perfmon pebs bts rep_good nopl xtopology nonstop_tsc aperfmperf eagerfpu pni pclmulqdq dtes64 monitor ds_cpl vmx est tm2 ssse3 cx16 xtpr pdcm pcid sse4_1 sse4_2 x2apic popcnt tsc_deadline_timer aes xsave avx f16c rdrand lahf_lm ida arat epb xsaveopt pln pts dtherm tpr_shadow vnmi flexpriority ept vpid fsgsbase smep erms
bogomips	: 3392.39
clflush size	: 64
cache_alignment	: 64
address sizes	: 36 bits physical, 48 bits virtual
power management:



Memory: 4k page, physical 7873200k(143556k free), swap 0k(0k free)

vm_info: OpenJDK 64-Bit Server VM (24.79-b02) for linux-amd64 JRE (1.7.0_79-b14), built on Apr 16 2015 08:21:58 by "buildd" with gcc 4.8.2

time: Mon Jul 20 11:10:24 2015
elapsed time: 38 seconds

