#
# There is insufficient memory for the Java Runtime Environment to continue.
# Native memory allocation (malloc) failed to allocate 283115520 bytes for committing reserved memory.
# Possible reasons:
#   The system is out of physical RAM or swap space
#   In 32 bit mode, the process size limit was hit
# Possible solutions:
#   Reduce memory load on the system
#   Increase physical memory or swap space
#   Check if swap backing store is full
#   Use 64 bit Java on a 64 bit OS
#   Decrease Java heap size (-Xmx/-Xms)
#   Decrease number of Java threads
#   Decrease Java thread stack sizes (-Xss)
#   Set larger code cache with -XX:ReservedCodeCacheSize=
# This output file may be truncated or incomplete.
#
#  Out of Memory Error (os_linux.cpp:2809), pid=18646, tid=140655503320832
#
# JRE version: OpenJDK Runtime Environment (7.0_79-b14) (build 1.7.0_79-b14)
# Java VM: OpenJDK 64-Bit Server VM (24.79-b02 mixed mode linux-amd64 compressed oops)
# Derivative: IcedTea 2.5.5
# Distribution: Ubuntu 14.04 LTS, package 7u79-2.5.5-0ubuntu0.14.04.2
# Failed to write core dump. Core dumps have been disabled. To enable core dumping, try "ulimit -c unlimited" before starting Java again
#

---------------  T H R E A D  ---------------

Current thread (0x00007fecf0076000):  VMThread [stack: 0x00007fece93fa000,0x00007fece94fb000] [id=18655]

Stack: [0x00007fece93fa000,0x00007fece94fb000],  sp=0x00007fece94f9490,  free space=1021k
Native frames: (J=compiled Java code, j=interpreted, Vv=VM code, C=native code)
V  [libjvm.so+0x94aec5]  VMError::report_and_die()+0x175
V  [libjvm.so+0x48b9c4]  report_vm_out_of_memory(char const*, int, unsigned long, char const*)+0x74
V  [libjvm.so+0x7c806b]  os::pd_commit_memory(char*, unsigned long, unsigned long, bool)+0xeb
V  [libjvm.so+0x7c2b0f]  os::commit_memory(char*, unsigned long, unsigned long, bool)+0x1f
V  [libjvm.so+0x83500b]  PSVirtualSpace::expand_by(unsigned long)+0x5b
V  [libjvm.so+0x824d5b]  PSOldGen::expand_by(unsigned long) [clone .part.80]+0x1b
V  [libjvm.so+0x824f1b]  PSOldGen::expand(unsigned long) [clone .part.81]+0xdb
V  [libjvm.so+0x825e48]  PSOldGen::resize(unsigned long)+0x188
V  [libjvm.so+0x82cf14]  PSParallelCompact::invoke_no_policy(bool)+0x9c4
V  [libjvm.so+0x83314d]  PSScavenge::invoke()+0x17d
V  [libjvm.so+0x7e96f3]  ParallelScavengeHeap::failed_mem_allocate(unsigned long)+0x63
V  [libjvm.so+0x94c8c4]  VM_ParallelGCFailedAllocation::doit()+0x84
V  [libjvm.so+0x950dc7]  VM_Operation::evaluate()+0x47
V  [libjvm.so+0x94f738]  VMThread::evaluate_operation(VM_Operation*)+0x318
V  [libjvm.so+0x94fb99]  VMThread::loop()+0x219
V  [libjvm.so+0x94ffe2]  VMThread::run()+0x72
V  [libjvm.so+0x7c4f32]  java_start(Thread*)+0xf2

VM_Operation (0x00007fecf670ece0): ParallelGCFailedAllocation, mode: safepoint, requested by thread 0x00007fecf000a800


---------------  P R O C E S S  ---------------

Java Threads: ( => current thread )
  0x00007fecf00af800 JavaThread "Service Thread" daemon [_thread_blocked, id=18661, stack(0x00007fece85a2000,0x00007fece86a3000)]
  0x00007fecf00ad800 JavaThread "C2 CompilerThread1" daemon [_thread_blocked, id=18660, stack(0x00007fece86a3000,0x00007fece87a4000)]
  0x00007fecf00aa800 JavaThread "C2 CompilerThread0" daemon [_thread_blocked, id=18659, stack(0x00007fece87a4000,0x00007fece88a5000)]
  0x00007fecf00a8000 JavaThread "Signal Dispatcher" daemon [_thread_blocked, id=18658, stack(0x00007fece88a5000,0x00007fece89a6000)]
  0x00007fecf007c000 JavaThread "Finalizer" daemon [_thread_blocked, id=18657, stack(0x00007fece91f8000,0x00007fece92f9000)]
  0x00007fecf007a000 JavaThread "Reference Handler" daemon [_thread_blocked, id=18656, stack(0x00007fece92f9000,0x00007fece93fa000)]
  0x00007fecf000a800 JavaThread "main" [_thread_blocked, id=18650, stack(0x00007fecf6610000,0x00007fecf6711000)]

Other Threads:
=>0x00007fecf0076000 VMThread [stack: 0x00007fece93fa000,0x00007fece94fb000] [id=18655]
  0x00007fecf00ba800 WatcherThread [stack: 0x00007fece84a1000,0x00007fece85a2000] [id=18662]

VM state:at safepoint (normal execution)

VM Mutex/Monitor currently owned by a thread:  ([mutex/lock_event])
[0x00007fecf0006310] ExpandHeap_lock - owner thread: 0x00007fecf0076000
[0x00007fecf0006990] Threads_lock - owner thread: 0x00007fecf0076000
[0x00007fecf0006e90] Heap_lock - owner thread: 0x00007fecf000a800

Heap
 PSYoungGen      total 929792K, used 152316K [0x00000007aaa80000, 0x00000007fbe80000, 0x0000000800000000)
  eden space 678400K, 0% used [0x00000007aaa80000,0x00000007aaa80000,0x00000007d4100000)
  from space 251392K, 60% used [0x00000007d4100000,0x00000007dd5bf2b8,0x00000007e3680000)
  to   space 275968K, 0% used [0x00000007eb100000,0x00000007eb100000,0x00000007fbe80000)
 ParOldGen       total 584192K, used 584140K [0x0000000700000000, 0x0000000723a80000, 0x00000007aaa80000)
  object space 584192K, 99% used [0x0000000700000000,0x0000000723a732d8,0x0000000723a80000)
 PSPermGen       total 21504K, used 6486K [0x00000006f5a00000, 0x00000006f6f00000, 0x0000000700000000)
  object space 21504K, 30% used [0x00000006f5a00000,0x00000006f6055b30,0x00000006f6f00000)

Card table byte_map: [0x00007feceb927000,0x00007fecec17b000] byte_map_base: 0x00007fece817a000

Polling page: 0x00007fecf673a000

Code Cache  [0x00007fecec17b000, 0x00007fecec5cb000, 0x00007fecef17b000)
 total_blobs=1569 nmethods=1341 adapters=181 free_code_cache=44805Kb largest_free_block=45819072

Compilation events (10 events):
Event: 36,872 Thread 0x00007fecf00ad800 1414             com.android.dx.dex.code.OutputFinisher::performExpansion (273 bytes)
Event: 36,876 Thread 0x00007fecf00aa800 nmethod 1413 0x00007fecec5bea90 code [0x00007fecec5bec20, 0x00007fecec5bf128]
Event: 36,881 Thread 0x00007fecf00aa800 1415             com.android.dx.rop.cst.CstLiteral32::fitsInInt (2 bytes)
Event: 36,881 Thread 0x00007fecf00aa800 nmethod 1415 0x00007fecec555c50 code [0x00007fecec555d80, 0x00007fecec555dd8]
Event: 36,882 Thread 0x00007fecf00aa800 1416 %           com.android.dx.dex.code.OutputFinisher::reserveRegisters @ 54 (119 bytes)
Event: 36,888 Thread 0x00007fecf00aa800 nmethod 1416% 0x00007fecec5c05d0 code [0x00007fecec5c0760, 0x00007fecec5c0ce8]
Event: 36,890 Thread 0x00007fecf00aa800 1417             com.android.dx.dex.code.OutputFinisher::reserveRegisters (119 bytes)
Event: 36,896 Thread 0x00007fecf00aa800 nmethod 1417 0x00007fecec5bc510 code [0x00007fecec5bc6a0, 0x00007fecec5bcad8]
Event: 36,905 Thread 0x00007fecf00aa800 1418             com.android.dx.dex.code.LocalList$Entry::isStart (16 bytes)
Event: 36,905 Thread 0x00007fecf00aa800 nmethod 1418 0x00007fecec5bc310 code [0x00007fecec5bc440, 0x00007fecec5bc4b8]

GC Heap History (10 events):
Event: 23,790 GC heap after
Heap after GC invocations=16 (full 2):
 PSYoungGen      total 784384K, used 116094K [0x00000007aaa80000, 0x00000007e8300000, 0x0000000800000000)
  eden space 598528K, 0% used [0x00000007aaa80000,0x00000007aaa80000,0x00000007cf300000)
  from space 185856K, 62% used [0x00000007dae00000,0x00000007e1f5f8d0,0x00000007e6380000)
  to   space 191488K, 0% used [0x00000007cf300000,0x00000007cf300000,0x00000007dae00000)
 ParOldGen       total 376832K, used 376385K [0x0000000700000000, 0x0000000717000000, 0x00000007aaa80000)
  object space 376832K, 99% used [0x0000000700000000,0x0000000716f90518,0x0000000717000000)
 PSPermGen       total 21504K, used 6179K [0x00000006f5a00000, 0x00000006f6f00000, 0x0000000700000000)
  object space 21504K, 28% used [0x00000006f5a00000,0x00000006f6008f90,0x00000006f6f00000)
}
Event: 23,790 GC heap before
{Heap before GC invocations=17 (full 3):
 PSYoungGen      total 784384K, used 116094K [0x00000007aaa80000, 0x00000007e8300000, 0x0000000800000000)
  eden space 598528K, 0% used [0x00000007aaa80000,0x00000007aaa80000,0x00000007cf300000)
  from space 185856K, 62% used [0x00000007dae00000,0x00000007e1f5f8d0,0x00000007e6380000)
  to   space 191488K, 0% used [0x00000007cf300000,0x00000007cf300000,0x00000007dae00000)
 ParOldGen       total 376832K, used 376385K [0x0000000700000000, 0x0000000717000000, 0x00000007aaa80000)
  object space 376832K, 99% used [0x0000000700000000,0x0000000716f90518,0x0000000717000000)
 PSPermGen       total 21504K, used 6179K [0x00000006f5a00000, 0x00000006f6f00000, 0x0000000700000000)
  object space 21504K, 28% used [0x00000006f5a00000,0x00000006f6008f90,0x00000006f6f00000)
Event: 27,928 GC heap after
Heap after GC invocations=17 (full 3):
 PSYoungGen      total 784384K, used 104206K [0x00000007aaa80000, 0x00000007e8300000, 0x0000000800000000)
  eden space 598528K, 0% used [0x00000007aaa80000,0x00000007aaa80000,0x00000007cf300000)
  from space 185856K, 56% used [0x00000007dae00000,0x00000007e13c3b18,0x00000007e6380000)
  to   space 191488K, 0% used [0x00000007cf300000,0x00000007cf300000,0x00000007dae00000)
 ParOldGen       total 584192K, used 376789K [0x0000000700000000, 0x0000000723a80000, 0x00000007aaa80000)
  object space 584192K, 64% used [0x0000000700000000,0x0000000716ff5460,0x0000000723a80000)
 PSPermGen       total 21504K, used 6179K [0x00000006f5a00000, 0x00000006f6f00000, 0x0000000700000000)
  object space 21504K, 28% used [0x00000006f5a00000,0x00000006f6008f70,0x00000006f6f00000)
}
Event: 30,898 GC heap before
{Heap before GC invocations=18 (full 3):
 PSYoungGen      total 784384K, used 702734K [0x00000007aaa80000, 0x00000007e8300000, 0x0000000800000000)
  eden space 598528K, 100% used [0x00000007aaa80000,0x00000007cf300000,0x00000007cf300000)
  from space 185856K, 56% used [0x00000007dae00000,0x00000007e13c3b18,0x00000007e6380000)
  to   space 191488K, 0% used [0x00000007cf300000,0x00000007cf300000,0x00000007dae00000)
 ParOldGen       total 584192K, used 376789K [0x0000000700000000, 0x0000000723a80000, 0x00000007aaa80000)
  object space 584192K, 64% used [0x0000000700000000,0x0000000716ff5460,0x0000000723a80000)
 PSPermGen       total 21504K, used 6185K [0x00000006f5a00000, 0x00000006f6f00000, 0x0000000700000000)
  object space 21504K, 28% used [0x00000006f5a00000,0x00000006f600a510,0x00000006f6f00000)
Event: 31,251 GC heap after
Heap after GC invocations=18 (full 3):
 PSYoungGen      total 790016K, used 143025K [0x00000007aaa80000, 0x00000007eff80000, 0x0000000800000000)
  eden space 598528K, 0% used [0x00000007aaa80000,0x00000007aaa80000,0x00000007cf300000)
  from space 191488K, 74% used [0x00000007cf300000,0x00000007d7eac760,0x00000007dae00000)
  to   space 205824K, 0% used [0x00000007e3680000,0x00000007e3680000,0x00000007eff80000)
 ParOldGen       total 584192K, used 420802K [0x0000000700000000, 0x0000000723a80000, 0x00000007aaa80000)
  object space 584192K, 72% used [0x0000000700000000,0x0000000719af0898,0x0000000723a80000)
 PSPermGen       total 21504K, used 6185K [0x00000006f5a00000, 0x00000006f6f00000, 0x0000000700000000)
  object space 21504K, 28% used [0x00000006f5a00000,0x00000006f600a510,0x00000006f6f00000)
}
Event: 32,895 GC heap before
{Heap before GC invocations=19 (full 3):
 PSYoungGen      total 790016K, used 741553K [0x00000007aaa80000, 0x00000007eff80000, 0x0000000800000000)
  eden space 598528K, 100% used [0x00000007aaa80000,0x00000007cf300000,0x00000007cf300000)
  from space 191488K, 74% used [0x00000007cf300000,0x00000007d7eac760,0x00000007dae00000)
  to   space 205824K, 0% used [0x00000007e3680000,0x00000007e3680000,0x00000007eff80000)
 ParOldGen       total 584192K, used 420802K [0x0000000700000000, 0x0000000723a80000, 0x00000007aaa80000)
  object space 584192K, 72% used [0x0000000700000000,0x0000000719af0898,0x0000000723a80000)
 PSPermGen       total 21504K, used 6221K [0x00000006f5a00000, 0x00000006f6f00000, 0x0000000700000000)
  object space 21504K, 28% used [0x00000006f5a00000,0x00000006f6013460,0x00000006f6f00000)
Event: 33,223 GC heap after
Heap after GC invocations=19 (full 3):
 PSYoungGen      total 884224K, used 205821K [0x00000007aaa80000, 0x00000007f6180000, 0x0000000800000000)
  eden space 678400K, 0% used [0x00000007aaa80000,0x00000007aaa80000,0x00000007d4100000)
  from space 205824K, 99% used [0x00000007e3680000,0x00000007eff7f540,0x00000007eff80000)
  to   space 251392K, 0% used [0x00000007d4100000,0x00000007d4100000,0x00000007e3680000)
 ParOldGen       total 584192K, used 451291K [0x0000000700000000, 0x0000000723a80000, 0x00000007aaa80000)
  object space 584192K, 77% used [0x0000000700000000,0x000000071b8b6c28,0x0000000723a80000)
 PSPermGen       total 21504K, used 6221K [0x00000006f5a00000, 0x00000006f6f00000, 0x0000000700000000)
  object space 21504K, 28% used [0x00000006f5a00000,0x00000006f6013460,0x00000006f6f00000)
}
Event: 36,908 GC heap before
{Heap before GC invocations=20 (full 3):
 PSYoungGen      total 884224K, used 884221K [0x00000007aaa80000, 0x00000007f6180000, 0x0000000800000000)
  eden space 678400K, 100% used [0x00000007aaa80000,0x00000007d4100000,0x00000007d4100000)
  from space 205824K, 99% used [0x00000007e3680000,0x00000007eff7f540,0x00000007eff80000)
  to   space 251392K, 0% used [0x00000007d4100000,0x00000007d4100000,0x00000007e3680000)
 ParOldGen       total 584192K, used 451291K [0x0000000700000000, 0x0000000723a80000, 0x00000007aaa80000)
  object space 584192K, 77% used [0x0000000700000000,0x000000071b8b6c28,0x0000000723a80000)
 PSPermGen       total 21504K, used 6487K [0x00000006f5a00000, 0x00000006f6f00000, 0x0000000700000000)
  object space 21504K, 30% used [0x00000006f5a00000,0x00000006f6055fa0,0x00000006f6f00000)
Event: 37,413 GC heap after
Heap after GC invocations=20 (full 3):
 PSYoungGen      total 929792K, used 204675K [0x00000007aaa80000, 0x00000007fbe80000, 0x0000000800000000)
  eden space 678400K, 0% used [0x00000007aaa80000,0x00000007aaa80000,0x00000007d4100000)
  from space 251392K, 81% used [0x00000007d4100000,0x00000007e08e0c20,0x00000007e3680000)
  to   space 275968K, 0% used [0x00000007eb100000,0x00000007eb100000,0x00000007fbe80000)
 ParOldGen       total 584192K, used 571589K [0x0000000700000000, 0x0000000723a80000, 0x00000007aaa80000)
  object space 584192K, 97% used [0x0000000700000000,0x0000000722e31730,0x0000000723a80000)
 PSPermGen       total 21504K, used 6487K [0x00000006f5a00000, 0x00000006f6f00000, 0x0000000700000000)
  object space 21504K, 30% used [0x00000006f5a00000,0x00000006f6055fa0,0x00000006f6f00000)
}
Event: 37,413 GC heap before
{Heap before GC invocations=21 (full 4):
 PSYoungGen      total 929792K, used 204675K [0x00000007aaa80000, 0x00000007fbe80000, 0x0000000800000000)
  eden space 678400K, 0% used [0x00000007aaa80000,0x00000007aaa80000,0x00000007d4100000)
  from space 251392K, 81% used [0x00000007d4100000,0x00000007e08e0c20,0x00000007e3680000)
  to   space 275968K, 0% used [0x00000007eb100000,0x00000007eb100000,0x00000007fbe80000)
 ParOldGen       total 584192K, used 571589K [0x0000000700000000, 0x0000000723a80000, 0x00000007aaa80000)
  object space 584192K, 97% used [0x0000000700000000,0x0000000722e31730,0x0000000723a80000)
 PSPermGen       total 21504K, used 6487K [0x00000006f5a00000, 0x00000006f6f00000, 0x0000000700000000)
  object space 21504K, 30% used [0x00000006f5a00000,0x00000006f6055fa0,0x00000006f6f00000)

Deoptimization events (10 events):
Event: 36,684 Thread 0x00007fecf000a800 Uncommon trap: reason=unreached action=reinterpret pc=0x00007fecec577d14 method=com.android.dx.dex.code.LocalList$MakeState.filterSpec(Lcom/android/dx/rop/code/RegisterSpec;)Lcom/android/dx/rop/code/RegisterSpec; @ 11
Event: 36,686 Thread 0x00007fecf000a800 Uncommon trap: reason=array_check action=maybe_recompile pc=0x00007fecec590424 method=java.util.ComparableTimSort.binarySort([Ljava/lang/Object;III)V @ 193
Event: 36,726 Thread 0x00007fecf000a800 Uncommon trap: reason=array_check action=maybe_recompile pc=0x00007fecec5618a0 method=java.util.ComparableTimSort.binarySort([Ljava/lang/Object;III)V @ 215
Event: 36,732 Thread 0x00007fecf000a800 Uncommon trap: reason=array_check action=maybe_recompile pc=0x00007fecec5618a0 method=java.util.ComparableTimSort.binarySort([Ljava/lang/Object;III)V @ 215
Event: 36,781 Thread 0x00007fecf000a800 Uncommon trap: reason=bimorphic action=maybe_recompile pc=0x00007fecec5807e8 method=com.android.dx.dex.code.OutputFinisher.calculateReservedCount([Lcom/android/dx/dex/code/Dop;)I @ 72
Event: 36,781 Thread 0x00007fecf000a800 Uncommon trap: reason=bimorphic action=maybe_recompile pc=0x00007fecec5807e8 method=com.android.dx.dex.code.OutputFinisher.calculateReservedCount([Lcom/android/dx/dex/code/Dop;)I @ 72
Event: 36,782 Thread 0x00007fecf000a800 Uncommon trap: reason=bimorphic action=maybe_recompile pc=0x00007fecec5807e8 method=com.android.dx.dex.code.OutputFinisher.calculateReservedCount([Lcom/android/dx/dex/code/Dop;)I @ 72
Event: 36,782 Thread 0x00007fecf000a800 Uncommon trap: reason=bimorphic action=maybe_recompile pc=0x00007fecec5807e8 method=com.android.dx.dex.code.OutputFinisher.calculateReservedCount([Lcom/android/dx/dex/code/Dop;)I @ 72
Event: 36,841 Thread 0x00007fecf000a800 Uncommon trap: reason=bimorphic action=maybe_recompile pc=0x00007fecec5c3300 method=com.android.dx.dex.code.OutputFinisher.calculateReservedCount([Lcom/android/dx/dex/code/Dop;)I @ 72
Event: 36,892 Thread 0x00007fecf000a800 Uncommon trap: reason=array_check action=maybe_recompile pc=0x00007fecec55d698 method=java.util.ComparableTimSort.binarySort([Ljava/lang/Object;III)V @ 183

Internal exceptions (10 events):
Event: 36,503 Thread 0x00007fecf000a800 Threw 0x00000007d371b5c0 at /build/buildd/openjdk-7-7u79-2.5.5/build/openjdk/hotspot/src/share/vm/prims/jvm.cpp:1284
Event: 36,504 Thread 0x00007fecf000a800 Threw 0x00000007d3722268 at /build/buildd/openjdk-7-7u79-2.5.5/build/openjdk/hotspot/src/share/vm/prims/jvm.cpp:1284
Event: 36,504 Thread 0x00007fecf000a800 Threw 0x00000007d3725880 at /build/buildd/openjdk-7-7u79-2.5.5/build/openjdk/hotspot/src/share/vm/prims/jvm.cpp:1284
Event: 36,505 Thread 0x00007fecf000a800 Threw 0x00000007d372acf8 at /build/buildd/openjdk-7-7u79-2.5.5/build/openjdk/hotspot/src/share/vm/prims/jvm.cpp:1284
Event: 36,505 Thread 0x00007fecf000a800 Threw 0x00000007d372f8d0 at /build/buildd/openjdk-7-7u79-2.5.5/build/openjdk/hotspot/src/share/vm/prims/jvm.cpp:1284
Event: 36,520 Thread 0x00007fecf000a800 Threw 0x00000007d3740dc8 at /build/buildd/openjdk-7-7u79-2.5.5/build/openjdk/hotspot/src/share/vm/prims/jvm.cpp:1284
Event: 36,520 Thread 0x00007fecf000a800 Threw 0x00000007d3744690 at /build/buildd/openjdk-7-7u79-2.5.5/build/openjdk/hotspot/src/share/vm/prims/jvm.cpp:1284
Event: 36,521 Thread 0x00007fecf000a800 Threw 0x00000007d3748018 at /build/buildd/openjdk-7-7u79-2.5.5/build/openjdk/hotspot/src/share/vm/prims/jvm.cpp:1284
Event: 36,591 Thread 0x00007fecf000a800 Threw 0x00000007d37ce428 at /build/buildd/openjdk-7-7u79-2.5.5/build/openjdk/hotspot/src/share/vm/prims/jvm.cpp:1284
Event: 36,618 Thread 0x00007fecf000a800 Implicit null exception at 0x00007fecec57cf68 to 0x00007fecec57d7e1

Events (10 events):
Event: 36,782 Thread 0x00007fecf000a800 Uncommon trap: trap_request=0xffffffc6 fr.pc=0x00007fecec5807e8
Event: 36,782 Thread 0x00007fecf000a800 DEOPT PACKING pc=0x00007fecec5807e8 sp=0x00007fecf670edc0
Event: 36,782 Thread 0x00007fecf000a800 DEOPT UNPACKING pc=0x00007fecec1b4445 sp=0x00007fecf670ed68 mode 2
Event: 36,841 Thread 0x00007fecf000a800 Uncommon trap: trap_request=0xffffffc6 fr.pc=0x00007fecec5c3300
Event: 36,841 Thread 0x00007fecf000a800 DEOPT PACKING pc=0x00007fecec5c3300 sp=0x00007fecf670ee20
Event: 36,841 Thread 0x00007fecf000a800 DEOPT UNPACKING pc=0x00007fecec1b4445 sp=0x00007fecf670ed60 mode 2
Event: 36,892 Thread 0x00007fecf000a800 Uncommon trap: trap_request=0xffffffd6 fr.pc=0x00007fecec55d698
Event: 36,892 Thread 0x00007fecf000a800 DEOPT PACKING pc=0x00007fecec55d698 sp=0x00007fecf670ef70
Event: 36,892 Thread 0x00007fecf000a800 DEOPT UNPACKING pc=0x00007fecec1b4445 sp=0x00007fecf670ef18 mode 2
Event: 36,908 Executing VM operation: ParallelGCFailedAllocation


Dynamic libraries:
00400000-00401000 r-xp 00000000 08:01 1701417                            /usr/lib/jvm/java-7-openjdk-amd64/jre/bin/java
00600000-00601000 r--p 00000000 08:01 1701417                            /usr/lib/jvm/java-7-openjdk-amd64/jre/bin/java
00601000-00602000 rw-p 00001000 08:01 1701417                            /usr/lib/jvm/java-7-openjdk-amd64/jre/bin/java
02509000-0252a000 rw-p 00000000 00:00 0                                  [heap]
6f5a00000-6f6f00000 rw-p 00000000 00:00 0 
6f6f00000-700000000 rw-p 00000000 00:00 0 
700000000-723a80000 rw-p 00000000 00:00 0 
734880000-7aaa80000 rw-p 00000000 00:00 0 
7aaa80000-7fbe80000 rw-p 00000000 00:00 0 
7fbe80000-800000000 rw-p 00000000 00:00 0 
7feca4000000-7feca4021000 rw-p 00000000 00:00 0 
7feca4021000-7feca8000000 ---p 00000000 00:00 0 
7feca8000000-7feca8021000 rw-p 00000000 00:00 0 
7feca8021000-7fecac000000 ---p 00000000 00:00 0 
7fecac000000-7fecae0ae000 rw-p 00000000 00:00 0 
7fecae0ae000-7fecb0000000 ---p 00000000 00:00 0 
7fecb0000000-7fecb1209000 rw-p 00000000 00:00 0 
7fecb1209000-7fecb4000000 ---p 00000000 00:00 0 
7fecb4000000-7fecb4021000 rw-p 00000000 00:00 0 
7fecb4021000-7fecb8000000 ---p 00000000 00:00 0 
7fecb8000000-7fecb8021000 rw-p 00000000 00:00 0 
7fecb8021000-7fecbc000000 ---p 00000000 00:00 0 
7fecbc000000-7fecbc021000 rw-p 00000000 00:00 0 
7fecbc021000-7fecc0000000 ---p 00000000 00:00 0 
7fecc3ad0000-7feccc000000 rw-p 00000000 00:00 0 
7feccc000000-7feccc021000 rw-p 00000000 00:00 0 
7feccc021000-7fecd0000000 ---p 00000000 00:00 0 
7fecd0000000-7fecd0243000 rw-p 00000000 00:00 0 
7fecd0243000-7fecd4000000 ---p 00000000 00:00 0 
7fecd4000000-7fecd4021000 rw-p 00000000 00:00 0 
7fecd4021000-7fecd8000000 ---p 00000000 00:00 0 
7fecdc000000-7fecdc021000 rw-p 00000000 00:00 0 
7fecdc021000-7fece0000000 ---p 00000000 00:00 0 
7fece2a94000-7fece2ad1000 r-xp 00000000 08:01 527559                     /lib/x86_64-linux-gnu/libpcre.so.3.13.1
7fece2ad1000-7fece2cd0000 ---p 0003d000 08:01 527559                     /lib/x86_64-linux-gnu/libpcre.so.3.13.1
7fece2cd0000-7fece2cd1000 r--p 0003c000 08:01 527559                     /lib/x86_64-linux-gnu/libpcre.so.3.13.1
7fece2cd1000-7fece2cd2000 rw-p 0003d000 08:01 527559                     /lib/x86_64-linux-gnu/libpcre.so.3.13.1
7fece2cd2000-7fece2cd9000 r-xp 00000000 08:01 794882                     /usr/lib/x86_64-linux-gnu/libffi.so.6.0.1
7fece2cd9000-7fece2ed8000 ---p 00007000 08:01 794882                     /usr/lib/x86_64-linux-gnu/libffi.so.6.0.1
7fece2ed8000-7fece2ed9000 r--p 00006000 08:01 794882                     /usr/lib/x86_64-linux-gnu/libffi.so.6.0.1
7fece2ed9000-7fece2eda000 rw-p 00007000 08:01 794882                     /usr/lib/x86_64-linux-gnu/libffi.so.6.0.1
7fece2eda000-7fece2ef1000 r-xp 00000000 08:01 527335                     /lib/x86_64-linux-gnu/libresolv-2.19.so
7fece2ef1000-7fece30f1000 ---p 00017000 08:01 527335                     /lib/x86_64-linux-gnu/libresolv-2.19.so
7fece30f1000-7fece30f2000 r--p 00017000 08:01 527335                     /lib/x86_64-linux-gnu/libresolv-2.19.so
7fece30f2000-7fece30f3000 rw-p 00018000 08:01 527335                     /lib/x86_64-linux-gnu/libresolv-2.19.so
7fece30f3000-7fece30f5000 rw-p 00000000 00:00 0 
7fece30f5000-7fece3115000 r-xp 00000000 08:01 527586                     /lib/x86_64-linux-gnu/libselinux.so.1
7fece3115000-7fece3314000 ---p 00020000 08:01 527586                     /lib/x86_64-linux-gnu/libselinux.so.1
7fece3314000-7fece3315000 r--p 0001f000 08:01 527586                     /lib/x86_64-linux-gnu/libselinux.so.1
7fece3315000-7fece3316000 rw-p 00020000 08:01 527586                     /lib/x86_64-linux-gnu/libselinux.so.1
7fece3316000-7fece3318000 rw-p 00000000 00:00 0 
7fece3318000-7fece331b000 r-xp 00000000 08:01 787578                     /usr/lib/x86_64-linux-gnu/libgmodule-2.0.so.0.4002.0
7fece331b000-7fece351a000 ---p 00003000 08:01 787578                     /usr/lib/x86_64-linux-gnu/libgmodule-2.0.so.0.4002.0
7fece351a000-7fece351b000 r--p 00002000 08:01 787578                     /usr/lib/x86_64-linux-gnu/libgmodule-2.0.so.0.4002.0
7fece351b000-7fece351c000 rw-p 00003000 08:01 787578                     /usr/lib/x86_64-linux-gnu/libgmodule-2.0.so.0.4002.0
7fece351c000-7fece3622000 r-xp 00000000 08:01 527396                     /lib/x86_64-linux-gnu/libglib-2.0.so.0.4002.0
7fece3622000-7fece3821000 ---p 00106000 08:01 527396                     /lib/x86_64-linux-gnu/libglib-2.0.so.0.4002.0
7fece3821000-7fece3822000 r--p 00105000 08:01 527396                     /lib/x86_64-linux-gnu/libglib-2.0.so.0.4002.0
7fece3822000-7fece3823000 rw-p 00106000 08:01 527396                     /lib/x86_64-linux-gnu/libglib-2.0.so.0.4002.0
7fece3823000-7fece3824000 rw-p 00000000 00:00 0 
7fece3824000-7fece3873000 r-xp 00000000 08:01 787580                     /usr/lib/x86_64-linux-gnu/libgobject-2.0.so.0.4002.0
7fece3873000-7fece3a73000 ---p 0004f000 08:01 787580                     /usr/lib/x86_64-linux-gnu/libgobject-2.0.so.0.4002.0
7fece3a73000-7fece3a74000 r--p 0004f000 08:01 787580                     /usr/lib/x86_64-linux-gnu/libgobject-2.0.so.0.4002.0
7fece3a74000-7fece3a75000 rw-p 00050000 08:01 787580                     /usr/lib/x86_64-linux-gnu/libgobject-2.0.so.0.4002.0
7fece3a75000-7fece3be1000 r-xp 00000000 08:01 787582                     /usr/lib/x86_64-linux-gnu/libgio-2.0.so.0.4002.0
7fece3be1000-7fece3de0000 ---p 0016c000 08:01 787582                     /usr/lib/x86_64-linux-gnu/libgio-2.0.so.0.4002.0
7fece3de0000-7fece3de4000 r--p 0016b000 08:01 787582                     /usr/lib/x86_64-linux-gnu/libgio-2.0.so.0.4002.0
7fece3de4000-7fece3de6000 rw-p 0016f000 08:01 787582                     /usr/lib/x86_64-linux-gnu/libgio-2.0.so.0.4002.0
7fece3de6000-7fece3de8000 rw-p 00000000 00:00 0 
7fece3de8000-7fece3dff000 r-xp 00000000 08:01 1701521                    /usr/lib/jvm/java-7-openjdk-amd64/jre/lib/amd64/libnet.so
7fece3dff000-7fece3ffe000 ---p 00017000 08:01 1701521                    /usr/lib/jvm/java-7-openjdk-amd64/jre/lib/amd64/libnet.so
7fece3ffe000-7fece3fff000 r--p 00016000 08:01 1701521                    /usr/lib/jvm/java-7-openjdk-amd64/jre/lib/amd64/libnet.so
7fece3fff000-7fece4000000 rw-p 00017000 08:01 1701521                    /usr/lib/jvm/java-7-openjdk-amd64/jre/lib/amd64/libnet.so
7fece4000000-7fece4021000 rw-p 00000000 00:00 0 
7fece4021000-7fece8000000 ---p 00000000 00:00 0 
7fece816e000-7fece819f000 rw-p 00000000 00:00 0 
7fece81c4000-7fece81d4000 r-xp 00000000 08:01 1701495                    /usr/lib/jvm/java-7-openjdk-amd64/jre/lib/amd64/libnio.so
7fece81d4000-7fece83d4000 ---p 00010000 08:01 1701495                    /usr/lib/jvm/java-7-openjdk-amd64/jre/lib/amd64/libnio.so
7fece83d4000-7fece83d5000 r--p 00010000 08:01 1701495                    /usr/lib/jvm/java-7-openjdk-amd64/jre/lib/amd64/libnio.so
7fece83d5000-7fece83d6000 rw-p 00011000 08:01 1701495                    /usr/lib/jvm/java-7-openjdk-amd64/jre/lib/amd64/libnio.so
7fece83d6000-7fece84a1000 r--s 00c42000 00:1b 2901073                    /home/frabu/AndroidStudioProjects/DataMarketClean/app/build/intermediates/multi-dex/debug/allclasses.jar
7fece84a1000-7fece84a2000 ---p 00000000 00:00 0 
7fece84a2000-7fece85a2000 rw-p 00000000 00:00 0                          [stack:18662]
7fece85a2000-7fece85a5000 ---p 00000000 00:00 0 
7fece85a5000-7fece86a3000 rw-p 00000000 00:00 0                          [stack:18661]
7fece86a3000-7fece86a6000 ---p 00000000 00:00 0 
7fece86a6000-7fece87a4000 rw-p 00000000 00:00 0                          [stack:18660]
7fece87a4000-7fece87a7000 ---p 00000000 00:00 0 
7fece87a7000-7fece88a5000 rw-p 00000000 00:00 0                          [stack:18659]
7fece88a5000-7fece88a8000 ---p 00000000 00:00 0 
7fece88a8000-7fece89a6000 rw-p 00000000 00:00 0                          [stack:18658]
7fece89a6000-7fece91f8000 r--p 00000000 08:01 793106                     /usr/lib/locale/locale-archive
7fece91f8000-7fece91fb000 ---p 00000000 00:00 0 
7fece91fb000-7fece92f9000 rw-p 00000000 00:00 0                          [stack:18657]
7fece92f9000-7fece92fc000 ---p 00000000 00:00 0 
7fece92fc000-7fece93fa000 rw-p 00000000 00:00 0                          [stack:18656]
7fece93fa000-7fece93fb000 ---p 00000000 00:00 0 
7fece93fb000-7fecea4f8000 rw-p 00000000 00:00 0                          [stack:18655]
7fecea4f8000-7fecea6a9000 r--s 01d27000 08:01 1576683                    /usr/lib/jvm/java-7-openjdk-amd64/jre/lib/rt.jar
7fecea6a9000-7feceafcd000 rw-p 00000000 00:00 0 
7feceafcd000-7feceafce000 ---p 00000000 00:00 0 
7feceafce000-7feceb0ce000 rw-p 00000000 00:00 0                          [stack:18654]
7feceb0ce000-7feceb0cf000 ---p 00000000 00:00 0 
7feceb0cf000-7feceb1cf000 rw-p 00000000 00:00 0                          [stack:18653]
7feceb1cf000-7feceb1d0000 ---p 00000000 00:00 0 
7feceb1d0000-7feceb2d0000 rw-p 00000000 00:00 0                          [stack:18652]
7feceb2d0000-7feceb2d1000 ---p 00000000 00:00 0 
7feceb2d1000-7feceb4ef000 rw-p 00000000 00:00 0                          [stack:18651]
7feceb4ef000-7feceb927000 rw-p 00000000 00:00 0 
7feceb927000-7feceb932000 rw-p 00000000 00:00 0 
7feceb932000-7feceb97a000 rw-p 00000000 00:00 0 
7feceb97a000-7feceba98000 rw-p 00000000 00:00 0 
7feceba98000-7fecebecf000 rw-p 00000000 00:00 0 
7fecebecf000-7fecec15a000 rw-p 00000000 00:00 0 
7fecec15a000-7fecec17a000 rw-p 00000000 00:00 0 
7fecec17a000-7fecec17b000 rw-p 00000000 00:00 0 
7fecec17b000-7fecec5cb000 rwxp 00000000 00:00 0 
7fecec5cb000-7fecef17b000 rw-p 00000000 00:00 0 
7fecef17b000-7fecef183000 r-xp 00000000 08:01 1701487                    /usr/lib/jvm/java-7-openjdk-amd64/jre/lib/amd64/libzip.so
7fecef183000-7fecef382000 ---p 00008000 08:01 1701487                    /usr/lib/jvm/java-7-openjdk-amd64/jre/lib/amd64/libzip.so
7fecef382000-7fecef383000 r--p 00007000 08:01 1701487                    /usr/lib/jvm/java-7-openjdk-amd64/jre/lib/amd64/libzip.so
7fecef383000-7fecef384000 rw-p 00008000 08:01 1701487                    /usr/lib/jvm/java-7-openjdk-amd64/jre/lib/amd64/libzip.so
7fecef384000-7fecef38f000 r-xp 00000000 08:01 527433                     /lib/x86_64-linux-gnu/libnss_files-2.19.so
7fecef38f000-7fecef58e000 ---p 0000b000 08:01 527433                     /lib/x86_64-linux-gnu/libnss_files-2.19.so
7fecef58e000-7fecef58f000 r--p 0000a000 08:01 527433                     /lib/x86_64-linux-gnu/libnss_files-2.19.so
7fecef58f000-7fecef590000 rw-p 0000b000 08:01 527433                     /lib/x86_64-linux-gnu/libnss_files-2.19.so
7fecef590000-7fecef59b000 r-xp 00000000 08:01 538164                     /lib/x86_64-linux-gnu/libnss_nis-2.19.so
7fecef59b000-7fecef79a000 ---p 0000b000 08:01 538164                     /lib/x86_64-linux-gnu/libnss_nis-2.19.so
7fecef79a000-7fecef79b000 r--p 0000a000 08:01 538164                     /lib/x86_64-linux-gnu/libnss_nis-2.19.so
7fecef79b000-7fecef79c000 rw-p 0000b000 08:01 538164                     /lib/x86_64-linux-gnu/libnss_nis-2.19.so
7fecef79c000-7fecef7b3000 r-xp 00000000 08:01 527761                     /lib/x86_64-linux-gnu/libnsl-2.19.so
7fecef7b3000-7fecef9b2000 ---p 00017000 08:01 527761                     /lib/x86_64-linux-gnu/libnsl-2.19.so
7fecef9b2000-7fecef9b3000 r--p 00016000 08:01 527761                     /lib/x86_64-linux-gnu/libnsl-2.19.so
7fecef9b3000-7fecef9b4000 rw-p 00017000 08:01 527761                     /lib/x86_64-linux-gnu/libnsl-2.19.so
7fecef9b4000-7fecef9b6000 rw-p 00000000 00:00 0 
7fecef9b6000-7fecef9bf000 r-xp 00000000 08:01 527757                     /lib/x86_64-linux-gnu/libnss_compat-2.19.so
7fecef9bf000-7fecefbbe000 ---p 00009000 08:01 527757                     /lib/x86_64-linux-gnu/libnss_compat-2.19.so
7fecefbbe000-7fecefbbf000 r--p 00008000 08:01 527757                     /lib/x86_64-linux-gnu/libnss_compat-2.19.so
7fecefbbf000-7fecefbc0000 rw-p 00009000 08:01 527757                     /lib/x86_64-linux-gnu/libnss_compat-2.19.so
7fecefbc0000-7fecefbeb000 r-xp 00000000 08:01 1701519                    /usr/lib/jvm/java-7-openjdk-amd64/jre/lib/amd64/libjava.so
7fecefbeb000-7fecefdeb000 ---p 0002b000 08:01 1701519                    /usr/lib/jvm/java-7-openjdk-amd64/jre/lib/amd64/libjava.so
7fecefdeb000-7fecefdec000 r--p 0002b000 08:01 1701519                    /usr/lib/jvm/java-7-openjdk-amd64/jre/lib/amd64/libjava.so
7fecefdec000-7fecefdee000 rw-p 0002c000 08:01 1701519                    /usr/lib/jvm/java-7-openjdk-amd64/jre/lib/amd64/libjava.so
7fecefdee000-7fecefdfe000 r-xp 00000000 08:01 1701513                    /usr/lib/jvm/java-7-openjdk-amd64/jre/lib/amd64/libverify.so
7fecefdfe000-7fecefffd000 ---p 00010000 08:01 1701513                    /usr/lib/jvm/java-7-openjdk-amd64/jre/lib/amd64/libverify.so
7fecefffd000-7feceffff000 r--p 0000f000 08:01 1701513                    /usr/lib/jvm/java-7-openjdk-amd64/jre/lib/amd64/libverify.so
7feceffff000-7fecf0000000 rw-p 00011000 08:01 1701513                    /usr/lib/jvm/java-7-openjdk-amd64/jre/lib/amd64/libverify.so
7fecf0000000-7fecf03df000 rw-p 00000000 00:00 0 
7fecf03df000-7fecf4000000 ---p 00000000 00:00 0 
7fecf4013000-7fecf409a000 rw-p 00000000 00:00 0 
7fecf409a000-7fecf40e2000 rw-p 00000000 00:00 0 
7fecf40e2000-7fecf40e9000 r-xp 00000000 08:01 538153                     /lib/x86_64-linux-gnu/librt-2.19.so
7fecf40e9000-7fecf42e8000 ---p 00007000 08:01 538153                     /lib/x86_64-linux-gnu/librt-2.19.so
7fecf42e8000-7fecf42e9000 r--p 00006000 08:01 538153                     /lib/x86_64-linux-gnu/librt-2.19.so
7fecf42e9000-7fecf42ea000 rw-p 00007000 08:01 538153                     /lib/x86_64-linux-gnu/librt-2.19.so
7fecf42ea000-7fecf4300000 r-xp 00000000 08:01 523279                     /lib/x86_64-linux-gnu/libgcc_s.so.1
7fecf4300000-7fecf44ff000 ---p 00016000 08:01 523279                     /lib/x86_64-linux-gnu/libgcc_s.so.1
7fecf44ff000-7fecf4500000 rw-p 00015000 08:01 523279                     /lib/x86_64-linux-gnu/libgcc_s.so.1
7fecf4500000-7fecf4605000 r-xp 00000000 08:01 527386                     /lib/x86_64-linux-gnu/libm-2.19.so
7fecf4605000-7fecf4804000 ---p 00105000 08:01 527386                     /lib/x86_64-linux-gnu/libm-2.19.so
7fecf4804000-7fecf4805000 r--p 00104000 08:01 527386                     /lib/x86_64-linux-gnu/libm-2.19.so
7fecf4805000-7fecf4806000 rw-p 00105000 08:01 527386                     /lib/x86_64-linux-gnu/libm-2.19.so
7fecf4806000-7fecf48ec000 r-xp 00000000 08:01 799499                     /usr/lib/x86_64-linux-gnu/libstdc++.so.6.0.19
7fecf48ec000-7fecf4aeb000 ---p 000e6000 08:01 799499                     /usr/lib/x86_64-linux-gnu/libstdc++.so.6.0.19
7fecf4aeb000-7fecf4af3000 r--p 000e5000 08:01 799499                     /usr/lib/x86_64-linux-gnu/libstdc++.so.6.0.19
7fecf4af3000-7fecf4af5000 rw-p 000ed000 08:01 799499                     /usr/lib/x86_64-linux-gnu/libstdc++.so.6.0.19
7fecf4af5000-7fecf4b0a000 rw-p 00000000 00:00 0 
7fecf4b0a000-7fecf5622000 r-xp 00000000 08:01 1701529                    /usr/lib/jvm/java-7-openjdk-amd64/jre/lib/amd64/server/libjvm.so
7fecf5622000-7fecf5822000 ---p 00b18000 08:01 1701529                    /usr/lib/jvm/java-7-openjdk-amd64/jre/lib/amd64/server/libjvm.so
7fecf5822000-7fecf58bc000 r--p 00b18000 08:01 1701529                    /usr/lib/jvm/java-7-openjdk-amd64/jre/lib/amd64/server/libjvm.so
7fecf58bc000-7fecf58df000 rw-p 00bb2000 08:01 1701529                    /usr/lib/jvm/java-7-openjdk-amd64/jre/lib/amd64/server/libjvm.so
7fecf58df000-7fecf590d000 rw-p 00000000 00:00 0 
7fecf590d000-7fecf5925000 r-xp 00000000 08:01 527619                     /lib/x86_64-linux-gnu/libz.so.1.2.8
7fecf5925000-7fecf5b24000 ---p 00018000 08:01 527619                     /lib/x86_64-linux-gnu/libz.so.1.2.8
7fecf5b24000-7fecf5b25000 r--p 00017000 08:01 527619                     /lib/x86_64-linux-gnu/libz.so.1.2.8
7fecf5b25000-7fecf5b26000 rw-p 00018000 08:01 527619                     /lib/x86_64-linux-gnu/libz.so.1.2.8
7fecf5b26000-7fecf5b3f000 r-xp 00000000 08:01 538149                     /lib/x86_64-linux-gnu/libpthread-2.19.so
7fecf5b3f000-7fecf5d3e000 ---p 00019000 08:01 538149                     /lib/x86_64-linux-gnu/libpthread-2.19.so
7fecf5d3e000-7fecf5d3f000 r--p 00018000 08:01 538149                     /lib/x86_64-linux-gnu/libpthread-2.19.so
7fecf5d3f000-7fecf5d40000 rw-p 00019000 08:01 538149                     /lib/x86_64-linux-gnu/libpthread-2.19.so
7fecf5d40000-7fecf5d44000 rw-p 00000000 00:00 0 
7fecf5d44000-7fecf5d47000 r-xp 00000000 08:01 527508                     /lib/x86_64-linux-gnu/libdl-2.19.so
7fecf5d47000-7fecf5f46000 ---p 00003000 08:01 527508                     /lib/x86_64-linux-gnu/libdl-2.19.so
7fecf5f46000-7fecf5f47000 r--p 00002000 08:01 527508                     /lib/x86_64-linux-gnu/libdl-2.19.so
7fecf5f47000-7fecf5f48000 rw-p 00003000 08:01 527508                     /lib/x86_64-linux-gnu/libdl-2.19.so
7fecf5f48000-7fecf6103000 r-xp 00000000 08:01 527787                     /lib/x86_64-linux-gnu/libc-2.19.so
7fecf6103000-7fecf6302000 ---p 001bb000 08:01 527787                     /lib/x86_64-linux-gnu/libc-2.19.so
7fecf6302000-7fecf6306000 r--p 001ba000 08:01 527787                     /lib/x86_64-linux-gnu/libc-2.19.so
7fecf6306000-7fecf6308000 rw-p 001be000 08:01 527787                     /lib/x86_64-linux-gnu/libc-2.19.so
7fecf6308000-7fecf630d000 rw-p 00000000 00:00 0 
7fecf630d000-7fecf631a000 r-xp 00000000 08:01 1701471                    /usr/lib/jvm/java-7-openjdk-amd64/jre/lib/amd64/jli/libjli.so
7fecf631a000-7fecf6519000 ---p 0000d000 08:01 1701471                    /usr/lib/jvm/java-7-openjdk-amd64/jre/lib/amd64/jli/libjli.so
7fecf6519000-7fecf651a000 r--p 0000c000 08:01 1701471                    /usr/lib/jvm/java-7-openjdk-amd64/jre/lib/amd64/jli/libjli.so
7fecf651a000-7fecf651b000 rw-p 0000d000 08:01 1701471                    /usr/lib/jvm/java-7-openjdk-amd64/jre/lib/amd64/jli/libjli.so
7fecf651b000-7fecf653e000 r-xp 00000000 08:01 527769                     /lib/x86_64-linux-gnu/ld-2.19.so
7fecf6541000-7fecf6550000 r--s 000dd000 00:1b 3018635                    /home/frabu/Android/Sdk/build-tools/21.1.2/lib/dx.jar
7fecf6550000-7fecf6562000 rw-p 00000000 00:00 0 
7fecf6562000-7fecf6610000 rw-p 00000000 00:00 0 
7fecf6610000-7fecf6613000 ---p 00000000 00:00 0 
7fecf6613000-7fecf6716000 rw-p 00000000 00:00 0                          [stack:18650]
7fecf671d000-7fecf671e000 rw-p 00000000 00:00 0 
7fecf671e000-7fecf6721000 r--s 00086000 08:01 1701539                    /usr/lib/jvm/java-7-openjdk-amd64/jre/lib/ext/localedata.jar
7fecf6721000-7fecf6723000 r--s 00006000 08:01 1185101                    /usr/share/java/java-atk-wrapper.jar
7fecf6723000-7fecf6726000 r--s 0000f000 08:01 1701533                    /usr/lib/jvm/java-7-openjdk-amd64/jre/lib/ext/icedtea-sound.jar
7fecf6726000-7fecf672a000 r--s 0003c000 08:01 1701537                    /usr/lib/jvm/java-7-openjdk-amd64/jre/lib/ext/sunpkcs11.jar
7fecf672a000-7fecf672e000 r--s 00034000 08:01 1701541                    /usr/lib/jvm/java-7-openjdk-amd64/jre/lib/ext/sunjce_provider.jar
7fecf672e000-7fecf6730000 r--s 00012000 08:01 1701543                    /usr/lib/jvm/java-7-openjdk-amd64/jre/lib/ext/zipfs.jar
7fecf6730000-7fecf6731000 r--s 00002000 08:01 1701535                    /usr/lib/jvm/java-7-openjdk-amd64/jre/lib/ext/dnsns.jar
7fecf6731000-7fecf6739000 rw-s 00000000 08:01 1064742                    /tmp/hsperfdata_frabu/18646
7fecf6739000-7fecf673a000 rw-p 00000000 00:00 0 
7fecf673a000-7fecf673b000 ---p 00000000 00:00 0 
7fecf673b000-7fecf673d000 rw-p 00000000 00:00 0 
7fecf673d000-7fecf673e000 r--p 00022000 08:01 527769                     /lib/x86_64-linux-gnu/ld-2.19.so
7fecf673e000-7fecf673f000 rw-p 00023000 08:01 527769                     /lib/x86_64-linux-gnu/ld-2.19.so
7fecf673f000-7fecf6740000 rw-p 00000000 00:00 0 
7ffd8d772000-7ffd8d794000 rw-p 00000000 00:00 0                          [stack]
7ffd8d7e9000-7ffd8d7eb000 r-xp 00000000 00:00 0                          [vdso]
ffffffffff600000-ffffffffff601000 r-xp 00000000 00:00 0                  [vsyscall]

VM Arguments:
jvm_args: -Xmx4g -Dfile.encoding=UTF-8 -Duser.country=US -Duser.language=en -Duser.variant 
java_command: com.android.dx.command.Main --dex --multi-dex --main-dex-list /home/frabu/AndroidStudioProjects/DataMarketClean/app/build/intermediates/multi-dex/debug/maindexlist.txt --output /home/frabu/AndroidStudioProjects/DataMarketClean/app/build/intermediates/dex/debug /home/frabu/AndroidStudioProjects/DataMarketClean/app/build/intermediates/multi-dex/debug/allclasses.jar
Launcher Type: SUN_STANDARD

Environment Variables:
PATH=/usr/local/heroku/bin:/usr/games:/usr/local/sbin:/usr/local/bin:/usr/sbin:/usr/bin:/sbin:/bin:/usr/games:/usr/local/games:/home/frabu/.rvm/bin:/home/frabu/.rvm/bin:/home/frabu/android-studio/bin
LD_LIBRARY_PATH=/home/frabu/android-studio/bin:
SHELL=/bin/bash
DISPLAY=:0.0

Signal Handlers:
SIGSEGV: [libjvm.so+0x94b9a0], sa_mask[0]=0x7ffbfeff, sa_flags=0x10000004
SIGBUS: [libjvm.so+0x94b9a0], sa_mask[0]=0x7ffbfeff, sa_flags=0x10000004
SIGFPE: [libjvm.so+0x7c3880], sa_mask[0]=0x7ffbfeff, sa_flags=0x10000004
SIGPIPE: [libjvm.so+0x7c3880], sa_mask[0]=0x7ffbfeff, sa_flags=0x10000004
SIGXFSZ: [libjvm.so+0x7c3880], sa_mask[0]=0x7ffbfeff, sa_flags=0x10000004
SIGILL: [libjvm.so+0x7c3880], sa_mask[0]=0x7ffbfeff, sa_flags=0x10000004
SIGUSR1: SIG_DFL, sa_mask[0]=0x00000000, sa_flags=0x00000000
SIGUSR2: [libjvm.so+0x7c3720], sa_mask[0]=0x00000004, sa_flags=0x10000004
SIGHUP: [libjvm.so+0x7c3900], sa_mask[0]=0x7ffbfeff, sa_flags=0x10000004
SIGINT: [libjvm.so+0x7c3900], sa_mask[0]=0x7ffbfeff, sa_flags=0x10000004
SIGTERM: [libjvm.so+0x7c3900], sa_mask[0]=0x7ffbfeff, sa_flags=0x10000004
SIGQUIT: [libjvm.so+0x7c3900], sa_mask[0]=0x7ffbfeff, sa_flags=0x10000004
SIGTRAP: SIG_DFL, sa_mask[0]=0x00000000, sa_flags=0x00000000


---------------  S Y S T E M  ---------------

OS:Ubuntu 14.04 (trusty)
uname:Linux 3.13.0-57-generic #95-Ubuntu SMP Fri Jun 19 09:28:15 UTC 2015 x86_64
libc:glibc 2.19 NPTL 2.19 
rlimit: STACK 8192k, CORE 0k, NPROC 61279, NOFILE 4096, AS infinity
load average:3,34 1,63 1,15

/proc/meminfo:
MemTotal:        7873200 kB
MemFree:          148772 kB
Buffers:            1800 kB
Cached:           911968 kB
SwapCached:            0 kB
Active:          6582004 kB
Inactive:         867492 kB
Active(anon):    6542172 kB
Inactive(anon):   826564 kB
Active(file):      39832 kB
Inactive(file):    40928 kB
Unevictable:          68 kB
Mlocked:              68 kB
SwapTotal:             0 kB
SwapFree:              0 kB
Dirty:              5356 kB
Writeback:             0 kB
AnonPages:       6536676 kB
Mapped:           621768 kB
Shmem:            831972 kB
Slab:             122876 kB
SReclaimable:      55004 kB
SUnreclaim:        67872 kB
KernelStack:        7008 kB
PageTables:        61484 kB
NFS_Unstable:          0 kB
Bounce:                0 kB
WritebackTmp:          0 kB
CommitLimit:     3936600 kB
Committed_AS:   14204920 kB
VmallocTotal:   34359738367 kB
VmallocUsed:      358972 kB
VmallocChunk:   34359359432 kB
HardwareCorrupted:     0 kB
AnonHugePages:   1634304 kB
HugePages_Total:       0
HugePages_Free:        0
HugePages_Rsvd:        0
HugePages_Surp:        0
Hugepagesize:       2048 kB
DirectMap4k:       83892 kB
DirectMap2M:     7999488 kB


CPU:total 4 (2 cores per cpu, 2 threads per core) family 6 model 58 stepping 9, cmov, cx8, fxsr, mmx, sse, sse2, sse3, ssse3, sse4.1, sse4.2, popcnt, avx, aes, erms, ht, tsc, tscinvbit, tscinv

/proc/cpuinfo:
processor	: 0
vendor_id	: GenuineIntel
cpu family	: 6
model		: 58
model name	: Intel(R) Core(TM) i5-3317U CPU @ 1.70GHz
stepping	: 9
microcode	: 0x12
cpu MHz		: 1701.000
cache size	: 3072 KB
physical id	: 0
siblings	: 4
core id		: 0
cpu cores	: 2
apicid		: 0
initial apicid	: 0
fpu		: yes
fpu_exception	: yes
cpuid level	: 13
wp		: yes
flags		: fpu vme de pse tsc msr pae mce cx8 apic sep mtrr pge mca cmov pat pse36 clflush dts acpi mmx fxsr sse sse2 ss ht tm pbe syscall nx rdtscp lm constant_tsc arch_perfmon pebs bts rep_good nopl xtopology nonstop_tsc aperfmperf eagerfpu pni pclmulqdq dtes64 monitor ds_cpl vmx est tm2 ssse3 cx16 xtpr pdcm pcid sse4_1 sse4_2 x2apic popcnt tsc_deadline_timer aes xsave avx f16c rdrand lahf_lm ida arat epb xsaveopt pln pts dtherm tpr_shadow vnmi flexpriority ept vpid fsgsbase smep erms
bogomips	: 3392.39
clflush size	: 64
cache_alignment	: 64
address sizes	: 36 bits physical, 48 bits virtual
power management:

processor	: 1
vendor_id	: GenuineIntel
cpu family	: 6
model		: 58
model name	: Intel(R) Core(TM) i5-3317U CPU @ 1.70GHz
stepping	: 9
microcode	: 0x12
cpu MHz		: 1600.000
cache size	: 3072 KB
physical id	: 0
siblings	: 4
core id		: 0
cpu cores	: 2
apicid		: 1
initial apicid	: 1
fpu		: yes
fpu_exception	: yes
cpuid level	: 13
wp		: yes
flags		: fpu vme de pse tsc msr pae mce cx8 apic sep mtrr pge mca cmov pat pse36 clflush dts acpi mmx fxsr sse sse2 ss ht tm pbe syscall nx rdtscp lm constant_tsc arch_perfmon pebs bts rep_good nopl xtopology nonstop_tsc aperfmperf eagerfpu pni pclmulqdq dtes64 monitor ds_cpl vmx est tm2 ssse3 cx16 xtpr pdcm pcid sse4_1 sse4_2 x2apic popcnt tsc_deadline_timer aes xsave avx f16c rdrand lahf_lm ida arat epb xsaveopt pln pts dtherm tpr_shadow vnmi flexpriority ept vpid fsgsbase smep erms
bogomips	: 3392.39
clflush size	: 64
cache_alignment	: 64
address sizes	: 36 bits physical, 48 bits virtual
power management:

processor	: 2
vendor_id	: GenuineIntel
cpu family	: 6
model		: 58
model name	: Intel(R) Core(TM) i5-3317U CPU @ 1.70GHz
stepping	: 9
microcode	: 0x12
cpu MHz		: 1701.000
cache size	: 3072 KB
physical id	: 0
siblings	: 4
core id		: 1
cpu cores	: 2
apicid		: 2
initial apicid	: 2
fpu		: yes
fpu_exception	: yes
cpuid level	: 13
wp		: yes
flags		: fpu vme de pse tsc msr pae mce cx8 apic sep mtrr pge mca cmov pat pse36 clflush dts acpi mmx fxsr sse sse2 ss ht tm pbe syscall nx rdtscp lm constant_tsc arch_perfmon pebs bts rep_good nopl xtopology nonstop_tsc aperfmperf eagerfpu pni pclmulqdq dtes64 monitor ds_cpl vmx est tm2 ssse3 cx16 xtpr pdcm pcid sse4_1 sse4_2 x2apic popcnt tsc_deadline_timer aes xsave avx f16c rdrand lahf_lm ida arat epb xsaveopt pln pts dtherm tpr_shadow vnmi flexpriority ept vpid fsgsbase smep erms
bogomips	: 3392.39
clflush size	: 64
cache_alignment	: 64
address sizes	: 36 bits physical, 48 bits virtual
power management:

processor	: 3
vendor_id	: GenuineIntel
cpu family	: 6
model		: 58
model name	: Intel(R) Core(TM) i5-3317U CPU @ 1.70GHz
stepping	: 9
microcode	: 0x12
cpu MHz		: 1701.000
cache size	: 3072 KB
physical id	: 0
siblings	: 4
core id		: 1
cpu cores	: 2
apicid		: 3
initial apicid	: 3
fpu		: yes
fpu_exception	: yes
cpuid level	: 13
wp		: yes
flags		: fpu vme de pse tsc msr pae mce cx8 apic sep mtrr pge mca cmov pat pse36 clflush dts acpi mmx fxsr sse sse2 ss ht tm pbe syscall nx rdtscp lm constant_tsc arch_perfmon pebs bts rep_good nopl xtopology nonstop_tsc aperfmperf eagerfpu pni pclmulqdq dtes64 monitor ds_cpl vmx est tm2 ssse3 cx16 xtpr pdcm pcid sse4_1 sse4_2 x2apic popcnt tsc_deadline_timer aes xsave avx f16c rdrand lahf_lm ida arat epb xsaveopt pln pts dtherm tpr_shadow vnmi flexpriority ept vpid fsgsbase smep erms
bogomips	: 3392.39
clflush size	: 64
cache_alignment	: 64
address sizes	: 36 bits physical, 48 bits virtual
power management:



Memory: 4k page, physical 7873200k(148772k free), swap 0k(0k free)

vm_info: OpenJDK 64-Bit Server VM (24.79-b02) for linux-amd64 JRE (1.7.0_79-b14), built on Apr 16 2015 08:21:58 by "buildd" with gcc 4.8.2

time: Sun Jul 19 13:43:47 2015
elapsed time: 42 seconds

