#
# There is insufficient memory for the Java Runtime Environment to continue.
# Native memory allocation (malloc) failed to allocate 80740352 bytes for committing reserved memory.
# Possible reasons:
#   The system is out of physical RAM or swap space
#   In 32 bit mode, the process size limit was hit
# Possible solutions:
#   Reduce memory load on the system
#   Increase physical memory or swap space
#   Check if swap backing store is full
#   Use 64 bit Java on a 64 bit OS
#   Decrease Java heap size (-Xmx/-Xms)
#   Decrease number of Java threads
#   Decrease Java thread stack sizes (-Xss)
#   Set larger code cache with -XX:ReservedCodeCacheSize=
# This output file may be truncated or incomplete.
#
#  Out of Memory Error (os_linux.cpp:2809), pid=28589, tid=140110142060288
#
# JRE version: OpenJDK Runtime Environment (7.0_79-b14) (build 1.7.0_79-b14)
# Java VM: OpenJDK 64-Bit Server VM (24.79-b02 mixed mode linux-amd64 compressed oops)
# Derivative: IcedTea 2.5.5
# Distribution: Ubuntu 14.04 LTS, package 7u79-2.5.5-0ubuntu0.14.04.2
# Failed to write core dump. Core dumps have been disabled. To enable core dumping, try "ulimit -c unlimited" before starting Java again
#

---------------  T H R E A D  ---------------

Current thread (0x00007f6e00076000):  VMThread [stack: 0x00007f6def2f3000,0x00007f6def3f4000] [id=28598]

Stack: [0x00007f6def2f3000,0x00007f6def3f4000],  sp=0x00007f6def3f2490,  free space=1021k
Native frames: (J=compiled Java code, j=interpreted, Vv=VM code, C=native code)
V  [libjvm.so+0x94aec5]  VMError::report_and_die()+0x175
V  [libjvm.so+0x48b9c4]  report_vm_out_of_memory(char const*, int, unsigned long, char const*)+0x74
V  [libjvm.so+0x7c806b]  os::pd_commit_memory(char*, unsigned long, unsigned long, bool)+0xeb
V  [libjvm.so+0x7c2b0f]  os::commit_memory(char*, unsigned long, unsigned long, bool)+0x1f
V  [libjvm.so+0x83500b]  PSVirtualSpace::expand_by(unsigned long)+0x5b
V  [libjvm.so+0x835e60]  PSYoungGen::resize_generation(unsigned long, unsigned long)+0xb0
V  [libjvm.so+0x83654b]  PSYoungGen::resize(unsigned long, unsigned long)+0x1b
V  [libjvm.so+0x832830]  PSScavenge::invoke_no_policy()+0xde0
V  [libjvm.so+0x833008]  PSScavenge::invoke()+0x38
V  [libjvm.so+0x7e96f3]  ParallelScavengeHeap::failed_mem_allocate(unsigned long)+0x63
V  [libjvm.so+0x94c8c4]  VM_ParallelGCFailedAllocation::doit()+0x84
V  [libjvm.so+0x950dc7]  VM_Operation::evaluate()+0x47
V  [libjvm.so+0x94f738]  VMThread::evaluate_operation(VM_Operation*)+0x318
V  [libjvm.so+0x94fb99]  VMThread::loop()+0x219
V  [libjvm.so+0x94ffe2]  VMThread::run()+0x72
V  [libjvm.so+0x7c4f32]  java_start(Thread*)+0xf2

VM_Operation (0x00007f6e0862cf30): ParallelGCFailedAllocation, mode: safepoint, requested by thread 0x00007f6e0000a800


---------------  P R O C E S S  ---------------

Java Threads: ( => current thread )
  0x00007f6e000af800 JavaThread "Service Thread" daemon [_thread_blocked, id=28604, stack(0x00007f6dee49b000,0x00007f6dee59c000)]
  0x00007f6e000ad800 JavaThread "C2 CompilerThread1" daemon [_thread_blocked, id=28603, stack(0x00007f6dee59c000,0x00007f6dee69d000)]
  0x00007f6e000aa800 JavaThread "C2 CompilerThread0" daemon [_thread_blocked, id=28602, stack(0x00007f6dee69d000,0x00007f6dee79e000)]
  0x00007f6e000a8000 JavaThread "Signal Dispatcher" daemon [_thread_blocked, id=28601, stack(0x00007f6dee79e000,0x00007f6dee89f000)]
  0x00007f6e0007c000 JavaThread "Finalizer" daemon [_thread_blocked, id=28600, stack(0x00007f6def0f1000,0x00007f6def1f2000)]
  0x00007f6e0007a000 JavaThread "Reference Handler" daemon [_thread_blocked, id=28599, stack(0x00007f6def1f2000,0x00007f6def2f3000)]
  0x00007f6e0000a800 JavaThread "main" [_thread_blocked, id=28593, stack(0x00007f6e0852e000,0x00007f6e0862f000)]

Other Threads:
=>0x00007f6e00076000 VMThread [stack: 0x00007f6def2f3000,0x00007f6def3f4000] [id=28598]
  0x00007f6e000ba800 WatcherThread [stack: 0x00007f6dee39a000,0x00007f6dee49b000] [id=28605]

VM state:at safepoint (normal execution)

VM Mutex/Monitor currently owned by a thread:  ([mutex/lock_event])
[0x00007f6e00006990] Threads_lock - owner thread: 0x00007f6e00076000
[0x00007f6e00006e90] Heap_lock - owner thread: 0x00007f6e0000a800

Heap
 PSYoungGen      total 374272K, used 43330K [0x00000007aaa80000, 0x00000007c7c80000, 0x0000000800000000)
  eden space 315392K, 0% used [0x00000007aaa80000,0x00000007aaa80000,0x00000007bde80000)
  from space 58880K, 73% used [0x00000007c0980000,0x00000007c33d0910,0x00000007c4300000)
  to   space 48128K, 0% used [0x00000007c4d80000,0x00000007c4d80000,0x00000007c7c80000)
 ParOldGen       total 146944K, used 139206K [0x0000000700000000, 0x0000000708f80000, 0x00000007aaa80000)
  object space 146944K, 94% used [0x0000000700000000,0x00000007087f18f0,0x0000000708f80000)
 PSPermGen       total 21504K, used 6122K [0x00000006f5a00000, 0x00000006f6f00000, 0x0000000700000000)
  object space 21504K, 28% used [0x00000006f5a00000,0x00000006f5ffa9d8,0x00000006f6f00000)

Card table byte_map: [0x00007f6e04927000,0x00007f6e0517b000] byte_map_base: 0x00007f6e0117a000

Polling page: 0x00007f6e08658000

Code Cache  [0x00007f6dfd000000, 0x00007f6dfd410000, 0x00007f6e00000000)
 total_blobs=1221 nmethods=993 adapters=181 free_code_cache=45102Kb largest_free_block=46100928

Compilation events (10 events):
Event: 14,240 Thread 0x00007f6e000ad800 nmethod 1018 0x00007f6dfd4036d0 code [0x00007f6dfd4039c0, 0x00007f6dfd4052e0]
Event: 14,241 Thread 0x00007f6e000ad800 1019             com.android.dx.cf.code.Ropper::mergeAndWorkAsNecessary (102 bytes)
Event: 14,266 Thread 0x00007f6e000ad800 nmethod 1019 0x00007f6dfd406fd0 code [0x00007f6dfd407220, 0x00007f6dfd407f00]
Event: 14,266 Thread 0x00007f6e000ad800 1020             com.android.dx.cf.code.BaseMachine::clearResult (6 bytes)
Event: 14,267 Thread 0x00007f6e000ad800 nmethod 1020 0x00007f6dfd1f8dd0 code [0x00007f6dfd1f8f00, 0x00007f6dfd1f8f58]
Event: 14,267 Thread 0x00007f6e000ad800 1021             com.android.dx.cf.code.LocalsArraySet::mergeWithSubroutineCaller (211 bytes)
Event: 14,284 Thread 0x00007f6e000ad800 nmethod 1021 0x00007f6dfd3d9810 code [0x00007f6dfd3d9a00, 0x00007f6dfd3da240]
Event: 14,285 Thread 0x00007f6e000ad800 1022             com.android.dx.cf.code.LocalsArraySet::set (57 bytes)
Event: 14,312 Thread 0x00007f6e000ad800 nmethod 1022 0x00007f6dfd2db8d0 code [0x00007f6dfd2dbac0, 0x00007f6dfd2dc2e8]
Event: 14,312 Thread 0x00007f6e000ad800 1023   !         com.android.dx.cf.code.LocalsArraySet::mergeWithSet (252 bytes)

GC Heap History (10 events):
Event: 7,338 GC heap after
Heap after GC invocations=7 (full 0):
 PSYoungGen      total 139776K, used 16891K [0x00000007aaa80000, 0x00000007bce80000, 0x0000000800000000)
  eden space 122880K, 0% used [0x00000007aaa80000,0x00000007aaa80000,0x00000007b2280000)
  from space 16896K, 99% used [0x00000007b2280000,0x00000007b32fed20,0x00000007b3300000)
  to   space 26624K, 0% used [0x00000007bb480000,0x00000007bb480000,0x00000007bce80000)
 ParOldGen       total 81920K, used 41957K [0x0000000700000000, 0x0000000705000000, 0x00000007aaa80000)
  object space 81920K, 51% used [0x0000000700000000,0x00000007028f96b0,0x0000000705000000)
 PSPermGen       total 21504K, used 5995K [0x00000006f5a00000, 0x00000006f6f00000, 0x0000000700000000)
  object space 21504K, 27% used [0x00000006f5a00000,0x00000006f5fdaf88,0x00000006f6f00000)
}
Event: 8,020 GC heap before
{Heap before GC invocations=8 (full 0):
 PSYoungGen      total 139776K, used 139771K [0x00000007aaa80000, 0x00000007bce80000, 0x0000000800000000)
  eden space 122880K, 100% used [0x00000007aaa80000,0x00000007b2280000,0x00000007b2280000)
  from space 16896K, 99% used [0x00000007b2280000,0x00000007b32fed20,0x00000007b3300000)
  to   space 26624K, 0% used [0x00000007bb480000,0x00000007bb480000,0x00000007bce80000)
 ParOldGen       total 81920K, used 41957K [0x0000000700000000, 0x0000000705000000, 0x00000007aaa80000)
  object space 81920K, 51% used [0x0000000700000000,0x00000007028f96b0,0x0000000705000000)
 PSPermGen       total 21504K, used 6025K [0x00000006f5a00000, 0x00000006f6f00000, 0x0000000700000000)
  object space 21504K, 28% used [0x00000006f5a00000,0x00000006f5fe2600,0x00000006f6f00000)
Event: 8,085 GC heap after
Heap after GC invocations=8 (full 0):
 PSYoungGen      total 264704K, used 26617K [0x00000007aaa80000, 0x00000007bdd80000, 0x0000000800000000)
  eden space 238080K, 0% used [0x00000007aaa80000,0x00000007aaa80000,0x00000007b9300000)
  from space 26624K, 99% used [0x00000007bb480000,0x00000007bce7e540,0x00000007bce80000)
  to   space 34304K, 0% used [0x00000007b9300000,0x00000007b9300000,0x00000007bb480000)
 ParOldGen       total 81920K, used 50057K [0x0000000700000000, 0x0000000705000000, 0x00000007aaa80000)
  object space 81920K, 61% used [0x0000000700000000,0x00000007030e27f8,0x0000000705000000)
 PSPermGen       total 21504K, used 6025K [0x00000006f5a00000, 0x00000006f6f00000, 0x0000000700000000)
  object space 21504K, 28% used [0x00000006f5a00000,0x00000006f5fe2600,0x00000006f6f00000)
}
Event: 9,346 GC heap before
{Heap before GC invocations=9 (full 0):
 PSYoungGen      total 264704K, used 264697K [0x00000007aaa80000, 0x00000007bdd80000, 0x0000000800000000)
  eden space 238080K, 100% used [0x00000007aaa80000,0x00000007b9300000,0x00000007b9300000)
  from space 26624K, 99% used [0x00000007bb480000,0x00000007bce7e540,0x00000007bce80000)
  to   space 34304K, 0% used [0x00000007b9300000,0x00000007b9300000,0x00000007bb480000)
 ParOldGen       total 81920K, used 50057K [0x0000000700000000, 0x0000000705000000, 0x00000007aaa80000)
  object space 81920K, 61% used [0x0000000700000000,0x00000007030e27f8,0x0000000705000000)
 PSPermGen       total 21504K, used 6064K [0x00000006f5a00000, 0x00000006f6f00000, 0x0000000700000000)
  object space 21504K, 28% used [0x00000006f5a00000,0x00000006f5fec260,0x00000006f6f00000)
Event: 9,647 GC heap after
Heap after GC invocations=9 (full 0):
 PSYoungGen      total 272384K, used 34295K [0x00000007aaa80000, 0x00000007c7c80000, 0x0000000800000000)
  eden space 238080K, 0% used [0x00000007aaa80000,0x00000007aaa80000,0x00000007b9300000)
  from space 34304K, 99% used [0x00000007b9300000,0x00000007bb47ded0,0x00000007bb480000)
  to   space 48128K, 0% used [0x00000007c4d80000,0x00000007c4d80000,0x00000007c7c80000)
 ParOldGen       total 81920K, used 71410K [0x0000000700000000, 0x0000000705000000, 0x00000007aaa80000)
  object space 81920K, 87% used [0x0000000700000000,0x00000007045bc968,0x0000000705000000)
 PSPermGen       total 21504K, used 6064K [0x00000006f5a00000, 0x00000006f6f00000, 0x0000000700000000)
  object space 21504K, 28% used [0x00000006f5a00000,0x00000006f5fec260,0x00000006f6f00000)
}
Event: 9,647 GC heap before
{Heap before GC invocations=10 (full 1):
 PSYoungGen      total 272384K, used 34295K [0x00000007aaa80000, 0x00000007c7c80000, 0x0000000800000000)
  eden space 238080K, 0% used [0x00000007aaa80000,0x00000007aaa80000,0x00000007b9300000)
  from space 34304K, 99% used [0x00000007b9300000,0x00000007bb47ded0,0x00000007bb480000)
  to   space 48128K, 0% used [0x00000007c4d80000,0x00000007c4d80000,0x00000007c7c80000)
 ParOldGen       total 81920K, used 71410K [0x0000000700000000, 0x0000000705000000, 0x00000007aaa80000)
  object space 81920K, 87% used [0x0000000700000000,0x00000007045bc968,0x0000000705000000)
 PSPermGen       total 21504K, used 6064K [0x00000006f5a00000, 0x00000006f6f00000, 0x0000000700000000)
  object space 21504K, 28% used [0x00000006f5a00000,0x00000006f5fec260,0x00000006f6f00000)
Event: 10,426 GC heap after
Heap after GC invocations=10 (full 1):
 PSYoungGen      total 272384K, used 18216K [0x00000007aaa80000, 0x00000007c7c80000, 0x0000000800000000)
  eden space 238080K, 0% used [0x00000007aaa80000,0x00000007aaa80000,0x00000007b9300000)
  from space 34304K, 53% used [0x00000007b9300000,0x00000007ba4ca1d8,0x00000007bb480000)
  to   space 48128K, 0% used [0x00000007c4d80000,0x00000007c4d80000,0x00000007c7c80000)
 ParOldGen       total 146944K, used 81819K [0x0000000700000000, 0x0000000708f80000, 0x00000007aaa80000)
  object space 146944K, 55% used [0x0000000700000000,0x0000000704fe6f40,0x0000000708f80000)
 PSPermGen       total 21504K, used 6059K [0x00000006f5a00000, 0x00000006f6f00000, 0x0000000700000000)
  object space 21504K, 28% used [0x00000006f5a00000,0x00000006f5feadd8,0x00000006f6f00000)
}
Event: 11,755 GC heap before
{Heap before GC invocations=11 (full 1):
 PSYoungGen      total 272384K, used 256296K [0x00000007aaa80000, 0x00000007c7c80000, 0x0000000800000000)
  eden space 238080K, 100% used [0x00000007aaa80000,0x00000007b9300000,0x00000007b9300000)
  from space 34304K, 53% used [0x00000007b9300000,0x00000007ba4ca1d8,0x00000007bb480000)
  to   space 48128K, 0% used [0x00000007c4d80000,0x00000007c4d80000,0x00000007c7c80000)
 ParOldGen       total 146944K, used 81819K [0x0000000700000000, 0x0000000708f80000, 0x00000007aaa80000)
  object space 146944K, 55% used [0x0000000700000000,0x0000000704fe6f40,0x0000000708f80000)
 PSPermGen       total 21504K, used 6073K [0x00000006f5a00000, 0x00000006f6f00000, 0x0000000700000000)
  object space 21504K, 28% used [0x00000006f5a00000,0x00000006f5fee728,0x00000006f6f00000)
Event: 11,955 GC heap after
Heap after GC invocations=11 (full 1):
 PSYoungGen      total 363520K, used 48109K [0x00000007aaa80000, 0x00000007c7c80000, 0x0000000800000000)
  eden space 315392K, 0% used [0x00000007aaa80000,0x00000007aaa80000,0x00000007bde80000)
  from space 48128K, 99% used [0x00000007c4d80000,0x00000007c7c7b5a0,0x00000007c7c80000)
  to   space 58880K, 0% used [0x00000007c0980000,0x00000007c0980000,0x00000007c4300000)
 ParOldGen       total 146944K, used 90975K [0x0000000700000000, 0x0000000708f80000, 0x00000007aaa80000)
  object space 146944K, 61% used [0x0000000700000000,0x00000007058d7cc8,0x0000000708f80000)
 PSPermGen       total 21504K, used 6073K [0x00000006f5a00000, 0x00000006f6f00000, 0x0000000700000000)
  object space 21504K, 28% used [0x00000006f5a00000,0x00000006f5fee728,0x00000006f6f00000)
}
Event: 14,345 GC heap before
{Heap before GC invocations=12 (full 1):
 PSYoungGen      total 363520K, used 363501K [0x00000007aaa80000, 0x00000007c7c80000, 0x0000000800000000)
  eden space 315392K, 100% used [0x00000007aaa80000,0x00000007bde80000,0x00000007bde80000)
  from space 48128K, 99% used [0x00000007c4d80000,0x00000007c7c7b5a0,0x00000007c7c80000)
  to   space 58880K, 0% used [0x00000007c0980000,0x00000007c0980000,0x00000007c4300000)
 ParOldGen       total 146944K, used 90975K [0x0000000700000000, 0x0000000708f80000, 0x00000007aaa80000)
  object space 146944K, 61% used [0x0000000700000000,0x00000007058d7cc8,0x0000000708f80000)
 PSPermGen       total 21504K, used 6122K [0x00000006f5a00000, 0x00000006f6f00000, 0x0000000700000000)
  object space 21504K, 28% used [0x00000006f5a00000,0x00000006f5ffa9d8,0x00000006f6f00000)

Deoptimization events (10 events):
Event: 12,973 Thread 0x00007f6e0000a800 Uncommon trap: reason=class_check action=maybe_recompile pc=0x00007f6dfd1281c0 method=com.android.dx.cf.code.BaseMachine.localArg(Lcom/android/dx/cf/code/Frame;I)V @ 14
Event: 12,974 Thread 0x00007f6e0000a800 Uncommon trap: reason=bimorphic action=maybe_recompile pc=0x00007f6dfd2993a8 method=com.android.dx.cf.code.OneLocalsArray.set(ILcom/android/dx/rop/type/TypeBearer;)V @ 85
Event: 13,080 Thread 0x00007f6e0000a800 Uncommon trap: reason=class_check action=maybe_recompile pc=0x00007f6dfd2d91c8 method=com.android.dx.cf.code.OneLocalsArray.merge(Lcom/android/dx/cf/code/LocalsArray;)Lcom/android/dx/cf/code/LocalsArray; @ 1
Event: 13,095 Thread 0x00007f6e0000a800 Uncommon trap: reason=class_check action=maybe_recompile pc=0x00007f6dfd2d91c8 method=com.android.dx.cf.code.OneLocalsArray.merge(Lcom/android/dx/cf/code/LocalsArray;)Lcom/android/dx/cf/code/LocalsArray; @ 1
Event: 13,125 Thread 0x00007f6e0000a800 Uncommon trap: reason=class_check action=maybe_recompile pc=0x00007f6dfd2d91c8 method=com.android.dx.cf.code.OneLocalsArray.merge(Lcom/android/dx/cf/code/LocalsArray;)Lcom/android/dx/cf/code/LocalsArray; @ 1
Event: 13,397 Thread 0x00007f6e0000a800 Uncommon trap: reason=class_check action=maybe_recompile pc=0x00007f6dfd1d8ca8 method=com.android.dx.ssa.SCCP.replaceConstants()V @ 127
Event: 13,399 Thread 0x00007f6e0000a800 Uncommon trap: reason=class_check action=maybe_recompile pc=0x00007f6dfd1d8ca8 method=com.android.dx.ssa.SCCP.replaceConstants()V @ 127
Event: 13,962 Thread 0x00007f6e0000a800 Uncommon trap: reason=bimorphic action=maybe_recompile pc=0x00007f6dfd3b0b08 method=com.android.dx.cf.code.BytecodeArray.parseInstruction(ILcom/android/dx/cf/code/BytecodeArray$Visitor;)I @ 1387
Event: 13,964 Thread 0x00007f6e0000a800 Uncommon trap: reason=bimorphic action=maybe_recompile pc=0x00007f6dfd3b0b08 method=com.android.dx.cf.code.BytecodeArray.parseInstruction(ILcom/android/dx/cf/code/BytecodeArray$Visitor;)I @ 1387
Event: 14,342 Thread 0x00007f6e0000a800 Uncommon trap: reason=range_check action=make_not_entrant pc=0x00007f6dfd2e1074 method=java.util.DualPivotQuicksort.sort([IIIZ)V @ 56

Internal exceptions (10 events):
Event: 12,093 Thread 0x00007f6e0000a800 Implicit null exception at 0x00007f6dfd271369 to 0x00007f6dfd27242d
Event: 12,093 Thread 0x00007f6e0000a800 Implicit null exception at 0x00007f6dfd0b0527 to 0x00007f6dfd0b096d
Event: 12,093 Thread 0x00007f6e0000a800 Implicit null exception at 0x00007f6dfd0f8561 to 0x00007f6dfd0f8745
Event: 12,094 Thread 0x00007f6e0000a800 Implicit null exception at 0x00007f6dfd10aeb2 to 0x00007f6dfd10bdfd
Event: 12,094 Thread 0x00007f6e0000a800 Implicit null exception at 0x00007f6dfd197999 to 0x00007f6dfd197b31
Event: 12,720 Thread 0x00007f6e0000a800 Threw 0x00000007b26c0ea8 at /build/buildd/openjdk-7-7u79-2.5.5/build/openjdk/hotspot/src/share/vm/prims/jvm.cpp:1284
Event: 12,723 Thread 0x00007f6e0000a800 Threw 0x00000007b26cc578 at /build/buildd/openjdk-7-7u79-2.5.5/build/openjdk/hotspot/src/share/vm/prims/jvm.cpp:1284
Event: 12,723 Thread 0x00007f6e0000a800 Threw 0x00000007b26cfaf8 at /build/buildd/openjdk-7-7u79-2.5.5/build/openjdk/hotspot/src/share/vm/prims/jvm.cpp:1284
Event: 12,725 Thread 0x00007f6e0000a800 Threw 0x00000007b26d6a70 at /build/buildd/openjdk-7-7u79-2.5.5/build/openjdk/hotspot/src/share/vm/prims/jvm.cpp:1284
Event: 13,722 Thread 0x00007f6e0000a800 Threw 0x00000007b9bb8b48 at /build/buildd/openjdk-7-7u79-2.5.5/build/openjdk/hotspot/src/share/vm/prims/jvm.cpp:1284

Events (10 events):
Event: 13,962 Thread 0x00007f6e0000a800 DEOPT UNPACKING pc=0x00007f6dfd039445 sp=0x00007f6e0862ce20 mode 2
Event: 13,964 Thread 0x00007f6e0000a800 Uncommon trap: trap_request=0xffffffc6 fr.pc=0x00007f6dfd3b0b08
Event: 13,964 Thread 0x00007f6e0000a800 DEOPT PACKING pc=0x00007f6dfd3b0b08 sp=0x00007f6e0862cd10
Event: 13,964 Thread 0x00007f6e0000a800 DEOPT UNPACKING pc=0x00007f6dfd039445 sp=0x00007f6e0862ccd0 mode 2
Event: 14,267 Thread 0x00007f6e000ad800 flushing nmethod 0x00007f6dfd1a9310
Event: 14,267 Thread 0x00007f6e000ad800 flushing nmethod 0x00007f6dfd1bf650
Event: 14,342 Thread 0x00007f6e0000a800 Uncommon trap: trap_request=0xffffffe4 fr.pc=0x00007f6dfd2e1074
Event: 14,342 Thread 0x00007f6e0000a800 DEOPT PACKING pc=0x00007f6dfd2e1074 sp=0x00007f6e0862cd20
Event: 14,342 Thread 0x00007f6e0000a800 DEOPT UNPACKING pc=0x00007f6dfd039445 sp=0x00007f6e0862cc88 mode 2
Event: 14,345 Executing VM operation: ParallelGCFailedAllocation


Dynamic libraries:
00400000-00401000 r-xp 00000000 08:01 1701417                            /usr/lib/jvm/java-7-openjdk-amd64/jre/bin/java
00600000-00601000 r--p 00000000 08:01 1701417                            /usr/lib/jvm/java-7-openjdk-amd64/jre/bin/java
00601000-00602000 rw-p 00001000 08:01 1701417                            /usr/lib/jvm/java-7-openjdk-amd64/jre/bin/java
01e4d000-01e6e000 rw-p 00000000 00:00 0                                  [heap]
6f5a00000-6f6f00000 rw-p 00000000 00:00 0 
6f6f00000-700000000 rw-p 00000000 00:00 0 
700000000-708f80000 rw-p 00000000 00:00 0 
708f80000-7aaa80000 rw-p 00000000 00:00 0 
7aaa80000-7c7c80000 rw-p 00000000 00:00 0 
7cc980000-800000000 rw-p 00000000 00:00 0 
7f6db8000000-7f6db8021000 rw-p 00000000 00:00 0 
7f6db8021000-7f6dbc000000 ---p 00000000 00:00 0 
7f6dc0000000-7f6dc1870000 rw-p 00000000 00:00 0 
7f6dc1870000-7f6dc4000000 ---p 00000000 00:00 0 
7f6dc4000000-7f6dc4021000 rw-p 00000000 00:00 0 
7f6dc4021000-7f6dc8000000 ---p 00000000 00:00 0 
7f6dc8000000-7f6dc8021000 rw-p 00000000 00:00 0 
7f6dc8021000-7f6dcc000000 ---p 00000000 00:00 0 
7f6dcc000000-7f6dcd844000 rw-p 00000000 00:00 0 
7f6dcd844000-7f6dd0000000 ---p 00000000 00:00 0 
7f6dd0000000-7f6dd0021000 rw-p 00000000 00:00 0 
7f6dd0021000-7f6dd4000000 ---p 00000000 00:00 0 
7f6dd4000000-7f6dd4021000 rw-p 00000000 00:00 0 
7f6dd4021000-7f6dd8000000 ---p 00000000 00:00 0 
7f6dd8000000-7f6dd8241000 rw-p 00000000 00:00 0 
7f6dd8241000-7f6ddc000000 ---p 00000000 00:00 0 
7f6ddfad0000-7f6de8000000 rw-p 00000000 00:00 0 
7f6de8000000-7f6de8021000 rw-p 00000000 00:00 0 
7f6de8021000-7f6dec000000 ---p 00000000 00:00 0 
7f6decb20000-7f6decb51000 rw-p 00000000 00:00 0 
7f6decb51000-7f6decb8e000 r-xp 00000000 08:01 527559                     /lib/x86_64-linux-gnu/libpcre.so.3.13.1
7f6decb8e000-7f6decd8d000 ---p 0003d000 08:01 527559                     /lib/x86_64-linux-gnu/libpcre.so.3.13.1
7f6decd8d000-7f6decd8e000 r--p 0003c000 08:01 527559                     /lib/x86_64-linux-gnu/libpcre.so.3.13.1
7f6decd8e000-7f6decd8f000 rw-p 0003d000 08:01 527559                     /lib/x86_64-linux-gnu/libpcre.so.3.13.1
7f6decd8f000-7f6decd96000 r-xp 00000000 08:01 794882                     /usr/lib/x86_64-linux-gnu/libffi.so.6.0.1
7f6decd96000-7f6decf95000 ---p 00007000 08:01 794882                     /usr/lib/x86_64-linux-gnu/libffi.so.6.0.1
7f6decf95000-7f6decf96000 r--p 00006000 08:01 794882                     /usr/lib/x86_64-linux-gnu/libffi.so.6.0.1
7f6decf96000-7f6decf97000 rw-p 00007000 08:01 794882                     /usr/lib/x86_64-linux-gnu/libffi.so.6.0.1
7f6decf97000-7f6decfae000 r-xp 00000000 08:01 527335                     /lib/x86_64-linux-gnu/libresolv-2.19.so
7f6decfae000-7f6ded1ae000 ---p 00017000 08:01 527335                     /lib/x86_64-linux-gnu/libresolv-2.19.so
7f6ded1ae000-7f6ded1af000 r--p 00017000 08:01 527335                     /lib/x86_64-linux-gnu/libresolv-2.19.so
7f6ded1af000-7f6ded1b0000 rw-p 00018000 08:01 527335                     /lib/x86_64-linux-gnu/libresolv-2.19.so
7f6ded1b0000-7f6ded1b2000 rw-p 00000000 00:00 0 
7f6ded1b2000-7f6ded1d2000 r-xp 00000000 08:01 527586                     /lib/x86_64-linux-gnu/libselinux.so.1
7f6ded1d2000-7f6ded3d1000 ---p 00020000 08:01 527586                     /lib/x86_64-linux-gnu/libselinux.so.1
7f6ded3d1000-7f6ded3d2000 r--p 0001f000 08:01 527586                     /lib/x86_64-linux-gnu/libselinux.so.1
7f6ded3d2000-7f6ded3d3000 rw-p 00020000 08:01 527586                     /lib/x86_64-linux-gnu/libselinux.so.1
7f6ded3d3000-7f6ded3d5000 rw-p 00000000 00:00 0 
7f6ded3d5000-7f6ded3d8000 r-xp 00000000 08:01 787578                     /usr/lib/x86_64-linux-gnu/libgmodule-2.0.so.0.4002.0
7f6ded3d8000-7f6ded5d7000 ---p 00003000 08:01 787578                     /usr/lib/x86_64-linux-gnu/libgmodule-2.0.so.0.4002.0
7f6ded5d7000-7f6ded5d8000 r--p 00002000 08:01 787578                     /usr/lib/x86_64-linux-gnu/libgmodule-2.0.so.0.4002.0
7f6ded5d8000-7f6ded5d9000 rw-p 00003000 08:01 787578                     /usr/lib/x86_64-linux-gnu/libgmodule-2.0.so.0.4002.0
7f6ded5d9000-7f6ded6df000 r-xp 00000000 08:01 527396                     /lib/x86_64-linux-gnu/libglib-2.0.so.0.4002.0
7f6ded6df000-7f6ded8de000 ---p 00106000 08:01 527396                     /lib/x86_64-linux-gnu/libglib-2.0.so.0.4002.0
7f6ded8de000-7f6ded8df000 r--p 00105000 08:01 527396                     /lib/x86_64-linux-gnu/libglib-2.0.so.0.4002.0
7f6ded8df000-7f6ded8e0000 rw-p 00106000 08:01 527396                     /lib/x86_64-linux-gnu/libglib-2.0.so.0.4002.0
7f6ded8e0000-7f6ded8e1000 rw-p 00000000 00:00 0 
7f6ded8e1000-7f6ded930000 r-xp 00000000 08:01 787580                     /usr/lib/x86_64-linux-gnu/libgobject-2.0.so.0.4002.0
7f6ded930000-7f6dedb30000 ---p 0004f000 08:01 787580                     /usr/lib/x86_64-linux-gnu/libgobject-2.0.so.0.4002.0
7f6dedb30000-7f6dedb31000 r--p 0004f000 08:01 787580                     /usr/lib/x86_64-linux-gnu/libgobject-2.0.so.0.4002.0
7f6dedb31000-7f6dedb32000 rw-p 00050000 08:01 787580                     /usr/lib/x86_64-linux-gnu/libgobject-2.0.so.0.4002.0
7f6dedb32000-7f6dedc9e000 r-xp 00000000 08:01 787582                     /usr/lib/x86_64-linux-gnu/libgio-2.0.so.0.4002.0
7f6dedc9e000-7f6dede9d000 ---p 0016c000 08:01 787582                     /usr/lib/x86_64-linux-gnu/libgio-2.0.so.0.4002.0
7f6dede9d000-7f6dedea1000 r--p 0016b000 08:01 787582                     /usr/lib/x86_64-linux-gnu/libgio-2.0.so.0.4002.0
7f6dedea1000-7f6dedea3000 rw-p 0016f000 08:01 787582                     /usr/lib/x86_64-linux-gnu/libgio-2.0.so.0.4002.0
7f6dedea3000-7f6dedea5000 rw-p 00000000 00:00 0 
7f6dedea5000-7f6dedebc000 r-xp 00000000 08:01 1701521                    /usr/lib/jvm/java-7-openjdk-amd64/jre/lib/amd64/libnet.so
7f6dedebc000-7f6dee0bb000 ---p 00017000 08:01 1701521                    /usr/lib/jvm/java-7-openjdk-amd64/jre/lib/amd64/libnet.so
7f6dee0bb000-7f6dee0bc000 r--p 00016000 08:01 1701521                    /usr/lib/jvm/java-7-openjdk-amd64/jre/lib/amd64/libnet.so
7f6dee0bc000-7f6dee0bd000 rw-p 00017000 08:01 1701521                    /usr/lib/jvm/java-7-openjdk-amd64/jre/lib/amd64/libnet.so
7f6dee0bd000-7f6dee0cd000 r-xp 00000000 08:01 1701495                    /usr/lib/jvm/java-7-openjdk-amd64/jre/lib/amd64/libnio.so
7f6dee0cd000-7f6dee2cd000 ---p 00010000 08:01 1701495                    /usr/lib/jvm/java-7-openjdk-amd64/jre/lib/amd64/libnio.so
7f6dee2cd000-7f6dee2ce000 r--p 00010000 08:01 1701495                    /usr/lib/jvm/java-7-openjdk-amd64/jre/lib/amd64/libnio.so
7f6dee2ce000-7f6dee2cf000 rw-p 00011000 08:01 1701495                    /usr/lib/jvm/java-7-openjdk-amd64/jre/lib/amd64/libnio.so
7f6dee2cf000-7f6dee39a000 r--s 00c43000 00:1b 2901077                    /home/frabu/AndroidStudioProjects/DataMarketClean/app/build/intermediates/multi-dex/debug/allclasses.jar
7f6dee39a000-7f6dee39b000 ---p 00000000 00:00 0 
7f6dee39b000-7f6dee49b000 rw-p 00000000 00:00 0                          [stack:28605]
7f6dee49b000-7f6dee49e000 ---p 00000000 00:00 0 
7f6dee49e000-7f6dee59c000 rw-p 00000000 00:00 0                          [stack:28604]
7f6dee59c000-7f6dee59f000 ---p 00000000 00:00 0 
7f6dee59f000-7f6dee69d000 rw-p 00000000 00:00 0                          [stack:28603]
7f6dee69d000-7f6dee6a0000 ---p 00000000 00:00 0 
7f6dee6a0000-7f6dee79e000 rw-p 00000000 00:00 0                          [stack:28602]
7f6dee79e000-7f6dee7a1000 ---p 00000000 00:00 0 
7f6dee7a1000-7f6dee89f000 rw-p 00000000 00:00 0                          [stack:28601]
7f6dee89f000-7f6def0f1000 r--p 00000000 08:01 793106                     /usr/lib/locale/locale-archive
7f6def0f1000-7f6def0f4000 ---p 00000000 00:00 0 
7f6def0f4000-7f6def1f2000 rw-p 00000000 00:00 0                          [stack:28600]
7f6def1f2000-7f6def1f5000 ---p 00000000 00:00 0 
7f6def1f5000-7f6def2f3000 rw-p 00000000 00:00 0                          [stack:28599]
7f6def2f3000-7f6def2f4000 ---p 00000000 00:00 0 
7f6def2f4000-7f6df0000000 rw-p 00000000 00:00 0                          [stack:28598]
7f6df0000000-7f6df0021000 rw-p 00000000 00:00 0 
7f6df0021000-7f6df4000000 ---p 00000000 00:00 0 
7f6df4000000-7f6df4021000 rw-p 00000000 00:00 0 
7f6df4021000-7f6df8000000 ---p 00000000 00:00 0 
7f6df8000000-7f6df8021000 rw-p 00000000 00:00 0 
7f6df8021000-7f6dfc000000 ---p 00000000 00:00 0 
7f6dfc032000-7f6dfc402000 rw-p 00000000 00:00 0 
7f6dfc402000-7f6dfc5b3000 r--s 01d27000 08:01 1576683                    /usr/lib/jvm/java-7-openjdk-amd64/jre/lib/rt.jar
7f6dfc5b3000-7f6dfceff000 rw-p 00000000 00:00 0 
7f6dfceff000-7f6dfcf00000 ---p 00000000 00:00 0 
7f6dfcf00000-7f6dfd000000 rw-p 00000000 00:00 0                          [stack:28597]
7f6dfd000000-7f6dfd410000 rwxp 00000000 00:00 0 
7f6dfd410000-7f6e0028b000 rw-p 00000000 00:00 0 
7f6e0028b000-7f6e04000000 ---p 00000000 00:00 0 
7f6e04006000-7f6e0407b000 rw-p 00000000 00:00 0 
7f6e0407b000-7f6e0407c000 ---p 00000000 00:00 0 
7f6e0407c000-7f6e0417c000 rw-p 00000000 00:00 0                          [stack:28596]
7f6e0417c000-7f6e0417d000 ---p 00000000 00:00 0 
7f6e0417d000-7f6e0427d000 rw-p 00000000 00:00 0                          [stack:28595]
7f6e0427d000-7f6e0427e000 ---p 00000000 00:00 0 
7f6e0427e000-7f6e04389000 rw-p 00000000 00:00 0                          [stack:28594]
7f6e04389000-7f6e043d1000 rw-p 00000000 00:00 0 
7f6e043d1000-7f6e04419000 rw-p 00000000 00:00 0 
7f6e04419000-7f6e04927000 rw-p 00000000 00:00 0 
7f6e04927000-7f6e04932000 rw-p 00000000 00:00 0 
7f6e04932000-7f6e0497a000 rw-p 00000000 00:00 0 
7f6e0497a000-7f6e049c2000 rw-p 00000000 00:00 0 
7f6e049c2000-7f6e04ecf000 rw-p 00000000 00:00 0 
7f6e04ecf000-7f6e04fb9000 rw-p 00000000 00:00 0 
7f6e04fb9000-7f6e0517a000 rw-p 00000000 00:00 0 
7f6e0517a000-7f6e0517b000 rw-p 00000000 00:00 0 
7f6e0517b000-7f6e05183000 r-xp 00000000 08:01 1701487                    /usr/lib/jvm/java-7-openjdk-amd64/jre/lib/amd64/libzip.so
7f6e05183000-7f6e05382000 ---p 00008000 08:01 1701487                    /usr/lib/jvm/java-7-openjdk-amd64/jre/lib/amd64/libzip.so
7f6e05382000-7f6e05383000 r--p 00007000 08:01 1701487                    /usr/lib/jvm/java-7-openjdk-amd64/jre/lib/amd64/libzip.so
7f6e05383000-7f6e05384000 rw-p 00008000 08:01 1701487                    /usr/lib/jvm/java-7-openjdk-amd64/jre/lib/amd64/libzip.so
7f6e05384000-7f6e0538f000 r-xp 00000000 08:01 527433                     /lib/x86_64-linux-gnu/libnss_files-2.19.so
7f6e0538f000-7f6e0558e000 ---p 0000b000 08:01 527433                     /lib/x86_64-linux-gnu/libnss_files-2.19.so
7f6e0558e000-7f6e0558f000 r--p 0000a000 08:01 527433                     /lib/x86_64-linux-gnu/libnss_files-2.19.so
7f6e0558f000-7f6e05590000 rw-p 0000b000 08:01 527433                     /lib/x86_64-linux-gnu/libnss_files-2.19.so
7f6e05590000-7f6e0559b000 r-xp 00000000 08:01 538164                     /lib/x86_64-linux-gnu/libnss_nis-2.19.so
7f6e0559b000-7f6e0579a000 ---p 0000b000 08:01 538164                     /lib/x86_64-linux-gnu/libnss_nis-2.19.so
7f6e0579a000-7f6e0579b000 r--p 0000a000 08:01 538164                     /lib/x86_64-linux-gnu/libnss_nis-2.19.so
7f6e0579b000-7f6e0579c000 rw-p 0000b000 08:01 538164                     /lib/x86_64-linux-gnu/libnss_nis-2.19.so
7f6e0579c000-7f6e057b3000 r-xp 00000000 08:01 527761                     /lib/x86_64-linux-gnu/libnsl-2.19.so
7f6e057b3000-7f6e059b2000 ---p 00017000 08:01 527761                     /lib/x86_64-linux-gnu/libnsl-2.19.so
7f6e059b2000-7f6e059b3000 r--p 00016000 08:01 527761                     /lib/x86_64-linux-gnu/libnsl-2.19.so
7f6e059b3000-7f6e059b4000 rw-p 00017000 08:01 527761                     /lib/x86_64-linux-gnu/libnsl-2.19.so
7f6e059b4000-7f6e059b6000 rw-p 00000000 00:00 0 
7f6e059b6000-7f6e059bf000 r-xp 00000000 08:01 527757                     /lib/x86_64-linux-gnu/libnss_compat-2.19.so
7f6e059bf000-7f6e05bbe000 ---p 00009000 08:01 527757                     /lib/x86_64-linux-gnu/libnss_compat-2.19.so
7f6e05bbe000-7f6e05bbf000 r--p 00008000 08:01 527757                     /lib/x86_64-linux-gnu/libnss_compat-2.19.so
7f6e05bbf000-7f6e05bc0000 rw-p 00009000 08:01 527757                     /lib/x86_64-linux-gnu/libnss_compat-2.19.so
7f6e05bc0000-7f6e05beb000 r-xp 00000000 08:01 1701519                    /usr/lib/jvm/java-7-openjdk-amd64/jre/lib/amd64/libjava.so
7f6e05beb000-7f6e05deb000 ---p 0002b000 08:01 1701519                    /usr/lib/jvm/java-7-openjdk-amd64/jre/lib/amd64/libjava.so
7f6e05deb000-7f6e05dec000 r--p 0002b000 08:01 1701519                    /usr/lib/jvm/java-7-openjdk-amd64/jre/lib/amd64/libjava.so
7f6e05dec000-7f6e05dee000 rw-p 0002c000 08:01 1701519                    /usr/lib/jvm/java-7-openjdk-amd64/jre/lib/amd64/libjava.so
7f6e05dee000-7f6e05dfe000 r-xp 00000000 08:01 1701513                    /usr/lib/jvm/java-7-openjdk-amd64/jre/lib/amd64/libverify.so
7f6e05dfe000-7f6e05ffd000 ---p 00010000 08:01 1701513                    /usr/lib/jvm/java-7-openjdk-amd64/jre/lib/amd64/libverify.so
7f6e05ffd000-7f6e05fff000 r--p 0000f000 08:01 1701513                    /usr/lib/jvm/java-7-openjdk-amd64/jre/lib/amd64/libverify.so
7f6e05fff000-7f6e06000000 rw-p 00011000 08:01 1701513                    /usr/lib/jvm/java-7-openjdk-amd64/jre/lib/amd64/libverify.so
7f6e06000000-7f6e06007000 r-xp 00000000 08:01 538153                     /lib/x86_64-linux-gnu/librt-2.19.so
7f6e06007000-7f6e06206000 ---p 00007000 08:01 538153                     /lib/x86_64-linux-gnu/librt-2.19.so
7f6e06206000-7f6e06207000 r--p 00006000 08:01 538153                     /lib/x86_64-linux-gnu/librt-2.19.so
7f6e06207000-7f6e06208000 rw-p 00007000 08:01 538153                     /lib/x86_64-linux-gnu/librt-2.19.so
7f6e06208000-7f6e0621e000 r-xp 00000000 08:01 523279                     /lib/x86_64-linux-gnu/libgcc_s.so.1
7f6e0621e000-7f6e0641d000 ---p 00016000 08:01 523279                     /lib/x86_64-linux-gnu/libgcc_s.so.1
7f6e0641d000-7f6e0641e000 rw-p 00015000 08:01 523279                     /lib/x86_64-linux-gnu/libgcc_s.so.1
7f6e0641e000-7f6e06523000 r-xp 00000000 08:01 527386                     /lib/x86_64-linux-gnu/libm-2.19.so
7f6e06523000-7f6e06722000 ---p 00105000 08:01 527386                     /lib/x86_64-linux-gnu/libm-2.19.so
7f6e06722000-7f6e06723000 r--p 00104000 08:01 527386                     /lib/x86_64-linux-gnu/libm-2.19.so
7f6e06723000-7f6e06724000 rw-p 00105000 08:01 527386                     /lib/x86_64-linux-gnu/libm-2.19.so
7f6e06724000-7f6e0680a000 r-xp 00000000 08:01 799499                     /usr/lib/x86_64-linux-gnu/libstdc++.so.6.0.19
7f6e0680a000-7f6e06a09000 ---p 000e6000 08:01 799499                     /usr/lib/x86_64-linux-gnu/libstdc++.so.6.0.19
7f6e06a09000-7f6e06a11000 r--p 000e5000 08:01 799499                     /usr/lib/x86_64-linux-gnu/libstdc++.so.6.0.19
7f6e06a11000-7f6e06a13000 rw-p 000ed000 08:01 799499                     /usr/lib/x86_64-linux-gnu/libstdc++.so.6.0.19
7f6e06a13000-7f6e06a28000 rw-p 00000000 00:00 0 
7f6e06a28000-7f6e07540000 r-xp 00000000 08:01 1701529                    /usr/lib/jvm/java-7-openjdk-amd64/jre/lib/amd64/server/libjvm.so
7f6e07540000-7f6e07740000 ---p 00b18000 08:01 1701529                    /usr/lib/jvm/java-7-openjdk-amd64/jre/lib/amd64/server/libjvm.so
7f6e07740000-7f6e077da000 r--p 00b18000 08:01 1701529                    /usr/lib/jvm/java-7-openjdk-amd64/jre/lib/amd64/server/libjvm.so
7f6e077da000-7f6e077fd000 rw-p 00bb2000 08:01 1701529                    /usr/lib/jvm/java-7-openjdk-amd64/jre/lib/amd64/server/libjvm.so
7f6e077fd000-7f6e0782b000 rw-p 00000000 00:00 0 
7f6e0782b000-7f6e07843000 r-xp 00000000 08:01 527619                     /lib/x86_64-linux-gnu/libz.so.1.2.8
7f6e07843000-7f6e07a42000 ---p 00018000 08:01 527619                     /lib/x86_64-linux-gnu/libz.so.1.2.8
7f6e07a42000-7f6e07a43000 r--p 00017000 08:01 527619                     /lib/x86_64-linux-gnu/libz.so.1.2.8
7f6e07a43000-7f6e07a44000 rw-p 00018000 08:01 527619                     /lib/x86_64-linux-gnu/libz.so.1.2.8
7f6e07a44000-7f6e07a5d000 r-xp 00000000 08:01 538149                     /lib/x86_64-linux-gnu/libpthread-2.19.so
7f6e07a5d000-7f6e07c5c000 ---p 00019000 08:01 538149                     /lib/x86_64-linux-gnu/libpthread-2.19.so
7f6e07c5c000-7f6e07c5d000 r--p 00018000 08:01 538149                     /lib/x86_64-linux-gnu/libpthread-2.19.so
7f6e07c5d000-7f6e07c5e000 rw-p 00019000 08:01 538149                     /lib/x86_64-linux-gnu/libpthread-2.19.so
7f6e07c5e000-7f6e07c62000 rw-p 00000000 00:00 0 
7f6e07c62000-7f6e07c65000 r-xp 00000000 08:01 527508                     /lib/x86_64-linux-gnu/libdl-2.19.so
7f6e07c65000-7f6e07e64000 ---p 00003000 08:01 527508                     /lib/x86_64-linux-gnu/libdl-2.19.so
7f6e07e64000-7f6e07e65000 r--p 00002000 08:01 527508                     /lib/x86_64-linux-gnu/libdl-2.19.so
7f6e07e65000-7f6e07e66000 rw-p 00003000 08:01 527508                     /lib/x86_64-linux-gnu/libdl-2.19.so
7f6e07e66000-7f6e08021000 r-xp 00000000 08:01 527787                     /lib/x86_64-linux-gnu/libc-2.19.so
7f6e08021000-7f6e08220000 ---p 001bb000 08:01 527787                     /lib/x86_64-linux-gnu/libc-2.19.so
7f6e08220000-7f6e08224000 r--p 001ba000 08:01 527787                     /lib/x86_64-linux-gnu/libc-2.19.so
7f6e08224000-7f6e08226000 rw-p 001be000 08:01 527787                     /lib/x86_64-linux-gnu/libc-2.19.so
7f6e08226000-7f6e0822b000 rw-p 00000000 00:00 0 
7f6e0822b000-7f6e08238000 r-xp 00000000 08:01 1701471                    /usr/lib/jvm/java-7-openjdk-amd64/jre/lib/amd64/jli/libjli.so
7f6e08238000-7f6e08437000 ---p 0000d000 08:01 1701471                    /usr/lib/jvm/java-7-openjdk-amd64/jre/lib/amd64/jli/libjli.so
7f6e08437000-7f6e08438000 r--p 0000c000 08:01 1701471                    /usr/lib/jvm/java-7-openjdk-amd64/jre/lib/amd64/jli/libjli.so
7f6e08438000-7f6e08439000 rw-p 0000d000 08:01 1701471                    /usr/lib/jvm/java-7-openjdk-amd64/jre/lib/amd64/jli/libjli.so
7f6e08439000-7f6e0845c000 r-xp 00000000 08:01 527769                     /lib/x86_64-linux-gnu/ld-2.19.so
7f6e0845f000-7f6e0846e000 r--s 000dd000 00:1b 3018635                    /home/frabu/Android/Sdk/build-tools/21.1.2/lib/dx.jar
7f6e0846e000-7f6e0847f000 rw-p 00000000 00:00 0 
7f6e0847f000-7f6e0852e000 rw-p 00000000 00:00 0 
7f6e0852e000-7f6e08531000 ---p 00000000 00:00 0 
7f6e08531000-7f6e08634000 rw-p 00000000 00:00 0                          [stack:28593]
7f6e0863b000-7f6e0863c000 rw-p 00000000 00:00 0 
7f6e0863c000-7f6e0863f000 r--s 00086000 08:01 1701539                    /usr/lib/jvm/java-7-openjdk-amd64/jre/lib/ext/localedata.jar
7f6e0863f000-7f6e08641000 r--s 00006000 08:01 1185101                    /usr/share/java/java-atk-wrapper.jar
7f6e08641000-7f6e08644000 r--s 0000f000 08:01 1701533                    /usr/lib/jvm/java-7-openjdk-amd64/jre/lib/ext/icedtea-sound.jar
7f6e08644000-7f6e08648000 r--s 0003c000 08:01 1701537                    /usr/lib/jvm/java-7-openjdk-amd64/jre/lib/ext/sunpkcs11.jar
7f6e08648000-7f6e0864c000 r--s 00034000 08:01 1701541                    /usr/lib/jvm/java-7-openjdk-amd64/jre/lib/ext/sunjce_provider.jar
7f6e0864c000-7f6e0864e000 r--s 00012000 08:01 1701543                    /usr/lib/jvm/java-7-openjdk-amd64/jre/lib/ext/zipfs.jar
7f6e0864e000-7f6e0864f000 r--s 00002000 08:01 1701535                    /usr/lib/jvm/java-7-openjdk-amd64/jre/lib/ext/dnsns.jar
7f6e0864f000-7f6e08657000 rw-s 00000000 08:01 1050938                    /tmp/hsperfdata_frabu/28589
7f6e08657000-7f6e08658000 rw-p 00000000 00:00 0 
7f6e08658000-7f6e08659000 ---p 00000000 00:00 0 
7f6e08659000-7f6e0865b000 rw-p 00000000 00:00 0 
7f6e0865b000-7f6e0865c000 r--p 00022000 08:01 527769                     /lib/x86_64-linux-gnu/ld-2.19.so
7f6e0865c000-7f6e0865d000 rw-p 00023000 08:01 527769                     /lib/x86_64-linux-gnu/ld-2.19.so
7f6e0865d000-7f6e0865e000 rw-p 00000000 00:00 0 
7ffc2f415000-7ffc2f437000 rw-p 00000000 00:00 0                          [stack]
7ffc2f44b000-7ffc2f44d000 r-xp 00000000 00:00 0                          [vdso]
ffffffffff600000-ffffffffff601000 r-xp 00000000 00:00 0                  [vsyscall]

VM Arguments:
jvm_args: -Xmx4g -Dfile.encoding=UTF-8 -Duser.country=US -Duser.language=en -Duser.variant 
java_command: com.android.dx.command.Main --dex --multi-dex --main-dex-list /home/frabu/AndroidStudioProjects/DataMarketClean/app/build/intermediates/multi-dex/debug/maindexlist.txt --output /home/frabu/AndroidStudioProjects/DataMarketClean/app/build/intermediates/dex/debug /home/frabu/AndroidStudioProjects/DataMarketClean/app/build/intermediates/multi-dex/debug/allclasses.jar
Launcher Type: SUN_STANDARD

Environment Variables:
PATH=/usr/local/heroku/bin:/usr/games:/usr/local/sbin:/usr/local/bin:/usr/sbin:/usr/bin:/sbin:/bin:/usr/games:/usr/local/games:/home/frabu/.rvm/bin:/home/frabu/.rvm/bin:/home/frabu/android-studio/bin
LD_LIBRARY_PATH=/home/frabu/android-studio/bin:
SHELL=/bin/bash
DISPLAY=:0.0

Signal Handlers:
SIGSEGV: [libjvm.so+0x94b9a0], sa_mask[0]=0x7ffbfeff, sa_flags=0x10000004
SIGBUS: [libjvm.so+0x94b9a0], sa_mask[0]=0x7ffbfeff, sa_flags=0x10000004
SIGFPE: [libjvm.so+0x7c3880], sa_mask[0]=0x7ffbfeff, sa_flags=0x10000004
SIGPIPE: [libjvm.so+0x7c3880], sa_mask[0]=0x7ffbfeff, sa_flags=0x10000004
SIGXFSZ: [libjvm.so+0x7c3880], sa_mask[0]=0x7ffbfeff, sa_flags=0x10000004
SIGILL: [libjvm.so+0x7c3880], sa_mask[0]=0x7ffbfeff, sa_flags=0x10000004
SIGUSR1: SIG_DFL, sa_mask[0]=0x00000000, sa_flags=0x00000000
SIGUSR2: [libjvm.so+0x7c3720], sa_mask[0]=0x00000004, sa_flags=0x10000004
SIGHUP: [libjvm.so+0x7c3900], sa_mask[0]=0x7ffbfeff, sa_flags=0x10000004
SIGINT: [libjvm.so+0x7c3900], sa_mask[0]=0x7ffbfeff, sa_flags=0x10000004
SIGTERM: [libjvm.so+0x7c3900], sa_mask[0]=0x7ffbfeff, sa_flags=0x10000004
SIGQUIT: [libjvm.so+0x7c3900], sa_mask[0]=0x7ffbfeff, sa_flags=0x10000004
SIGTRAP: SIG_DFL, sa_mask[0]=0x00000000, sa_flags=0x00000000


---------------  S Y S T E M  ---------------

OS:Ubuntu 14.04 (trusty)
uname:Linux 3.13.0-57-generic #95-Ubuntu SMP Fri Jun 19 09:28:15 UTC 2015 x86_64
libc:glibc 2.19 NPTL 2.19 
rlimit: STACK 8192k, CORE 0k, NPROC 61279, NOFILE 4096, AS infinity
load average:6,49 2,31 1,53

/proc/meminfo:
MemTotal:        7873200 kB
MemFree:         1197556 kB
Buffers:            1260 kB
Cached:           864552 kB
SwapCached:            0 kB
Active:          5546408 kB
Inactive:         849824 kB
Active(anon):    5545408 kB
Inactive(anon):   781884 kB
Active(file):       1000 kB
Inactive(file):    67940 kB
Unevictable:          80 kB
Mlocked:              80 kB
SwapTotal:             0 kB
SwapFree:              0 kB
Dirty:               108 kB
Writeback:             0 kB
AnonPages:       5530668 kB
Mapped:           485116 kB
Shmem:            796144 kB
Slab:             128068 kB
SReclaimable:      56040 kB
SUnreclaim:        72028 kB
KernelStack:        7424 kB
PageTables:        61412 kB
NFS_Unstable:          0 kB
Bounce:                0 kB
WritebackTmp:          0 kB
CommitLimit:     3936600 kB
Committed_AS:   13492972 kB
VmallocTotal:   34359738367 kB
VmallocUsed:      359004 kB
VmallocChunk:   34359358440 kB
HardwareCorrupted:     0 kB
AnonHugePages:   1882112 kB
HugePages_Total:       0
HugePages_Free:        0
HugePages_Rsvd:        0
HugePages_Surp:        0
Hugepagesize:       2048 kB
DirectMap4k:       83892 kB
DirectMap2M:     7999488 kB


CPU:total 4 (2 cores per cpu, 2 threads per core) family 6 model 58 stepping 9, cmov, cx8, fxsr, mmx, sse, sse2, sse3, ssse3, sse4.1, sse4.2, popcnt, avx, aes, erms, ht, tsc, tscinvbit, tscinv

/proc/cpuinfo:
processor	: 0
vendor_id	: GenuineIntel
cpu family	: 6
model		: 58
model name	: Intel(R) Core(TM) i5-3317U CPU @ 1.70GHz
stepping	: 9
microcode	: 0x12
cpu MHz		: 1701.000
cache size	: 3072 KB
physical id	: 0
siblings	: 4
core id		: 0
cpu cores	: 2
apicid		: 0
initial apicid	: 0
fpu		: yes
fpu_exception	: yes
cpuid level	: 13
wp		: yes
flags		: fpu vme de pse tsc msr pae mce cx8 apic sep mtrr pge mca cmov pat pse36 clflush dts acpi mmx fxsr sse sse2 ss ht tm pbe syscall nx rdtscp lm constant_tsc arch_perfmon pebs bts rep_good nopl xtopology nonstop_tsc aperfmperf eagerfpu pni pclmulqdq dtes64 monitor ds_cpl vmx est tm2 ssse3 cx16 xtpr pdcm pcid sse4_1 sse4_2 x2apic popcnt tsc_deadline_timer aes xsave avx f16c rdrand lahf_lm ida arat epb xsaveopt pln pts dtherm tpr_shadow vnmi flexpriority ept vpid fsgsbase smep erms
bogomips	: 3392.39
clflush size	: 64
cache_alignment	: 64
address sizes	: 36 bits physical, 48 bits virtual
power management:

processor	: 1
vendor_id	: GenuineIntel
cpu family	: 6
model		: 58
model name	: Intel(R) Core(TM) i5-3317U CPU @ 1.70GHz
stepping	: 9
microcode	: 0x12
cpu MHz		: 1701.000
cache size	: 3072 KB
physical id	: 0
siblings	: 4
core id		: 0
cpu cores	: 2
apicid		: 1
initial apicid	: 1
fpu		: yes
fpu_exception	: yes
cpuid level	: 13
wp		: yes
flags		: fpu vme de pse tsc msr pae mce cx8 apic sep mtrr pge mca cmov pat pse36 clflush dts acpi mmx fxsr sse sse2 ss ht tm pbe syscall nx rdtscp lm constant_tsc arch_perfmon pebs bts rep_good nopl xtopology nonstop_tsc aperfmperf eagerfpu pni pclmulqdq dtes64 monitor ds_cpl vmx est tm2 ssse3 cx16 xtpr pdcm pcid sse4_1 sse4_2 x2apic popcnt tsc_deadline_timer aes xsave avx f16c rdrand lahf_lm ida arat epb xsaveopt pln pts dtherm tpr_shadow vnmi flexpriority ept vpid fsgsbase smep erms
bogomips	: 3392.39
clflush size	: 64
cache_alignment	: 64
address sizes	: 36 bits physical, 48 bits virtual
power management:

processor	: 2
vendor_id	: GenuineIntel
cpu family	: 6
model		: 58
model name	: Intel(R) Core(TM) i5-3317U CPU @ 1.70GHz
stepping	: 9
microcode	: 0x12
cpu MHz		: 1701.000
cache size	: 3072 KB
physical id	: 0
siblings	: 4
core id		: 1
cpu cores	: 2
apicid		: 2
initial apicid	: 2
fpu		: yes
fpu_exception	: yes
cpuid level	: 13
wp		: yes
flags		: fpu vme de pse tsc msr pae mce cx8 apic sep mtrr pge mca cmov pat pse36 clflush dts acpi mmx fxsr sse sse2 ss ht tm pbe syscall nx rdtscp lm constant_tsc arch_perfmon pebs bts rep_good nopl xtopology nonstop_tsc aperfmperf eagerfpu pni pclmulqdq dtes64 monitor ds_cpl vmx est tm2 ssse3 cx16 xtpr pdcm pcid sse4_1 sse4_2 x2apic popcnt tsc_deadline_timer aes xsave avx f16c rdrand lahf_lm ida arat epb xsaveopt pln pts dtherm tpr_shadow vnmi flexpriority ept vpid fsgsbase smep erms
bogomips	: 3392.39
clflush size	: 64
cache_alignment	: 64
address sizes	: 36 bits physical, 48 bits virtual
power management:

processor	: 3
vendor_id	: GenuineIntel
cpu family	: 6
model		: 58
model name	: Intel(R) Core(TM) i5-3317U CPU @ 1.70GHz
stepping	: 9
microcode	: 0x12
cpu MHz		: 1701.000
cache size	: 3072 KB
physical id	: 0
siblings	: 4
core id		: 1
cpu cores	: 2
apicid		: 3
initial apicid	: 3
fpu		: yes
fpu_exception	: yes
cpuid level	: 13
wp		: yes
flags		: fpu vme de pse tsc msr pae mce cx8 apic sep mtrr pge mca cmov pat pse36 clflush dts acpi mmx fxsr sse sse2 ss ht tm pbe syscall nx rdtscp lm constant_tsc arch_perfmon pebs bts rep_good nopl xtopology nonstop_tsc aperfmperf eagerfpu pni pclmulqdq dtes64 monitor ds_cpl vmx est tm2 ssse3 cx16 xtpr pdcm pcid sse4_1 sse4_2 x2apic popcnt tsc_deadline_timer aes xsave avx f16c rdrand lahf_lm ida arat epb xsaveopt pln pts dtherm tpr_shadow vnmi flexpriority ept vpid fsgsbase smep erms
bogomips	: 3392.39
clflush size	: 64
cache_alignment	: 64
address sizes	: 36 bits physical, 48 bits virtual
power management:



Memory: 4k page, physical 7873200k(1216200k free), swap 0k(0k free)

vm_info: OpenJDK 64-Bit Server VM (24.79-b02) for linux-amd64 JRE (1.7.0_79-b14), built on Apr 16 2015 08:21:58 by "buildd" with gcc 4.8.2

time: Mon Jul 20 13:27:09 2015
elapsed time: 17 seconds

