#
# There is insufficient memory for the Java Runtime Environment to continue.
# Native memory allocation (malloc) failed to allocate 85458944 bytes for committing reserved memory.
# Possible reasons:
#   The system is out of physical RAM or swap space
#   In 32 bit mode, the process size limit was hit
# Possible solutions:
#   Reduce memory load on the system
#   Increase physical memory or swap space
#   Check if swap backing store is full
#   Use 64 bit Java on a 64 bit OS
#   Decrease Java heap size (-Xmx/-Xms)
#   Decrease number of Java threads
#   Decrease Java thread stack sizes (-Xss)
#   Set larger code cache with -XX:ReservedCodeCacheSize=
# This output file may be truncated or incomplete.
#
#  Out of Memory Error (os_linux.cpp:2809), pid=2073, tid=140109832767232
#
# JRE version: OpenJDK Runtime Environment (7.0_79-b14) (build 1.7.0_79-b14)
# Java VM: OpenJDK 64-Bit Server VM (24.79-b02 mixed mode linux-amd64 compressed oops)
# Derivative: IcedTea 2.5.5
# Distribution: Ubuntu 14.04 LTS, package 7u79-2.5.5-0ubuntu0.14.04.2
# Failed to write core dump. Core dumps have been disabled. To enable core dumping, try "ulimit -c unlimited" before starting Java again
#

---------------  T H R E A D  ---------------

Current thread (0x00007f6de0075800):  VMThread [stack: 0x00007f6ddcbfc000,0x00007f6ddccfd000] [id=2117]

Stack: [0x00007f6ddcbfc000,0x00007f6ddccfd000],  sp=0x00007f6ddccfb490,  free space=1021k
Native frames: (J=compiled Java code, j=interpreted, Vv=VM code, C=native code)
V  [libjvm.so+0x94aec5]  VMError::report_and_die()+0x175
V  [libjvm.so+0x48b9c4]  report_vm_out_of_memory(char const*, int, unsigned long, char const*)+0x74
V  [libjvm.so+0x7c806b]  os::pd_commit_memory(char*, unsigned long, unsigned long, bool)+0xeb
V  [libjvm.so+0x7c2b0f]  os::commit_memory(char*, unsigned long, unsigned long, bool)+0x1f
V  [libjvm.so+0x83500b]  PSVirtualSpace::expand_by(unsigned long)+0x5b
V  [libjvm.so+0x824d5b]  PSOldGen::expand_by(unsigned long) [clone .part.80]+0x1b
V  [libjvm.so+0x824f1b]  PSOldGen::expand(unsigned long) [clone .part.81]+0xdb
V  [libjvm.so+0x825e48]  PSOldGen::resize(unsigned long)+0x188
V  [libjvm.so+0x82cf14]  PSParallelCompact::invoke_no_policy(bool)+0x9c4
V  [libjvm.so+0x83314d]  PSScavenge::invoke()+0x17d
V  [libjvm.so+0x7e96f3]  ParallelScavengeHeap::failed_mem_allocate(unsigned long)+0x63
V  [libjvm.so+0x94c8c4]  VM_ParallelGCFailedAllocation::doit()+0x84
V  [libjvm.so+0x950dc7]  VM_Operation::evaluate()+0x47
V  [libjvm.so+0x94f738]  VMThread::evaluate_operation(VM_Operation*)+0x318
V  [libjvm.so+0x94fb99]  VMThread::loop()+0x219
V  [libjvm.so+0x94ffe2]  VMThread::run()+0x72
V  [libjvm.so+0x7c4f32]  java_start(Thread*)+0xf2

VM_Operation (0x00007f6de8ed6d00): ParallelGCFailedAllocation, mode: safepoint, requested by thread 0x00007f6de000a800


---------------  P R O C E S S  ---------------

Java Threads: ( => current thread )
  0x00007f6de00b1800 JavaThread "Service Thread" daemon [_thread_blocked, id=2136, stack(0x00007f6dd57cd000,0x00007f6dd58ce000)]
  0x00007f6de00af800 JavaThread "C2 CompilerThread1" daemon [_thread_blocked, id=2135, stack(0x00007f6dd58ce000,0x00007f6dd59cf000)]
  0x00007f6de00ac800 JavaThread "C2 CompilerThread0" daemon [_thread_blocked, id=2133, stack(0x00007f6dd59cf000,0x00007f6dd5ad0000)]
  0x00007f6de00aa000 JavaThread "Signal Dispatcher" daemon [_thread_blocked, id=2128, stack(0x00007f6ddc0a7000,0x00007f6ddc1a8000)]
  0x00007f6de007c000 JavaThread "Finalizer" daemon [_thread_blocked, id=2124, stack(0x00007f6ddc9fa000,0x00007f6ddcafb000)]
  0x00007f6de007a000 JavaThread "Reference Handler" daemon [_thread_blocked, id=2123, stack(0x00007f6ddcafb000,0x00007f6ddcbfc000)]
  0x00007f6de000a800 JavaThread "main" [_thread_blocked, id=2098, stack(0x00007f6de8dd8000,0x00007f6de8ed9000)]

Other Threads:
=>0x00007f6de0075800 VMThread [stack: 0x00007f6ddcbfc000,0x00007f6ddccfd000] [id=2117]
  0x00007f6de00bc000 WatcherThread [stack: 0x00007f6dd56cc000,0x00007f6dd57cd000] [id=2137]

VM state:at safepoint (normal execution)

VM Mutex/Monitor currently owned by a thread:  ([mutex/lock_event])
[0x00007f6de00062b0] ExpandHeap_lock - owner thread: 0x00007f6de0075800
[0x00007f6de0006930] Threads_lock - owner thread: 0x00007f6de0075800
[0x00007f6de0006e30] Heap_lock - owner thread: 0x00007f6de000a800

Heap
 PSYoungGen      total 273408K, used 29393K [0x00000000eaa80000, 0x0000000100000000, 0x0000000100000000)
  eden space 236032K, 0% used [0x00000000eaa80000,0x00000000eaa80000,0x00000000f9100000)
  from space 37376K, 78% used [0x00000000f9100000,0x00000000fadb4748,0x00000000fb580000)
  to   space 66048K, 0% used [0x00000000fbf80000,0x00000000fbf80000,0x0000000100000000)
 ParOldGen       total 108544K, used 108119K [0x00000000c0000000, 0x00000000c6a00000, 0x00000000eaa80000)
  object space 108544K, 99% used [0x00000000c0000000,0x00000000c6995cf0,0x00000000c6a00000)
 PSPermGen       total 21504K, used 6025K [0x00000000b5a00000, 0x00000000b6f00000, 0x00000000c0000000)
  object space 21504K, 28% used [0x00000000b5a00000,0x00000000b5fe2690,0x00000000b6f00000)

Card table byte_map: [0x00007f6de57d1000,0x00007f6de5a25000] byte_map_base: 0x00007f6de5224000

Polling page: 0x00007f6de8f02000

Code Cache  [0x00007f6ddd000000, 0x00007f6ddd2f0000, 0x00007f6de0000000)
 total_blobs=974 nmethods=746 adapters=181 free_code_cache=46443Kb largest_free_block=47280064

Compilation events (10 events):
Event: 29,074 Thread 0x00007f6de00af800 nmethod 785% 0x00007f6ddd17e590 code [0x00007f6ddd17e720, 0x00007f6ddd17ecd8]
Event: 29,140 Thread 0x00007f6de00ac800 nmethod 784 0x00007f6ddd1708d0 code [0x00007f6ddd170b20, 0x00007f6ddd171910]
Event: 29,213 Thread 0x00007f6de00af800  786             com.android.dx.util.BitIntSet::merge (148 bytes)
Event: 29,226 Thread 0x00007f6de00af800 nmethod 786 0x00007f6ddd17be10 code [0x00007f6ddd17bfa0, 0x00007f6ddd17c4f8]
Event: 29,227 Thread 0x00007f6de00ac800  787 %           com.android.dx.ssa.back.FirstFitLocalCombiningAllocator::handleUnassociatedParameters @ 10 (60 bytes)
Event: 29,248 Thread 0x00007f6de00ac800 nmethod 787% 0x00007f6ddd17d2d0 code [0x00007f6ddd17d4c0, 0x00007f6ddd17dce8]
Event: 29,248 Thread 0x00007f6de00ac800  788             com.android.dx.ssa.InterferenceRegisterMapper::addInterfence (62 bytes)
Event: 29,260 Thread 0x00007f6de00af800  789             com.android.dx.ssa.back.InterferenceGraph::mergeInterferenceSet (29 bytes)
Event: 29,262 Thread 0x00007f6de00af800 nmethod 789 0x00007f6ddd17ce10 code [0x00007f6ddd17cf80, 0x00007f6ddd17d0e8]
Event: 29,278 Thread 0x00007f6de00ac800 nmethod 788 0x00007f6ddd178ed0 code [0x00007f6ddd1790c0, 0x00007f6ddd1797c0]

GC Heap History (10 events):
Event: 15,554 GC heap after
Heap after GC invocations=5 (full 0):
 PSYoungGen      total 67584K, used 5120K [0x00000000eaa80000, 0x00000000f4280000, 0x0000000100000000)
  eden space 62464K, 0% used [0x00000000eaa80000,0x00000000eaa80000,0x00000000ee780000)
  from space 5120K, 100% used [0x00000000ee780000,0x00000000eec80000,0x00000000eec80000)
  to   space 15360K, 0% used [0x00000000f3380000,0x00000000f3380000,0x00000000f4280000)
 ParOldGen       total 81920K, used 25598K [0x00000000c0000000, 0x00000000c5000000, 0x00000000eaa80000)
  object space 81920K, 31% used [0x00000000c0000000,0x00000000c18ffad0,0x00000000c5000000)
 PSPermGen       total 21504K, used 5894K [0x00000000b5a00000, 0x00000000b6f00000, 0x00000000c0000000)
  object space 21504K, 27% used [0x00000000b5a00000,0x00000000b5fc1898,0x00000000b6f00000)
}
Event: 17,815 GC heap before
{Heap before GC invocations=6 (full 0):
 PSYoungGen      total 67584K, used 67584K [0x00000000eaa80000, 0x00000000f4280000, 0x0000000100000000)
  eden space 62464K, 100% used [0x00000000eaa80000,0x00000000ee780000,0x00000000ee780000)
  from space 5120K, 100% used [0x00000000ee780000,0x00000000eec80000,0x00000000eec80000)
  to   space 15360K, 0% used [0x00000000f3380000,0x00000000f3380000,0x00000000f4280000)
 ParOldGen       total 81920K, used 25598K [0x00000000c0000000, 0x00000000c5000000, 0x00000000eaa80000)
  object space 81920K, 31% used [0x00000000c0000000,0x00000000c18ffad0,0x00000000c5000000)
 PSPermGen       total 21504K, used 5915K [0x00000000b5a00000, 0x00000000b6f00000, 0x00000000c0000000)
  object space 21504K, 27% used [0x00000000b5a00000,0x00000000b5fc6c38,0x00000000b6f00000)
Event: 17,917 GC heap after
Heap after GC invocations=6 (full 0):
 PSYoungGen      total 137728K, used 15342K [0x00000000eaa80000, 0x00000000f4780000, 0x0000000100000000)
  eden space 122368K, 0% used [0x00000000eaa80000,0x00000000eaa80000,0x00000000f2200000)
  from space 15360K, 99% used [0x00000000f3380000,0x00000000f427b8a0,0x00000000f4280000)
  to   space 17920K, 0% used [0x00000000f2200000,0x00000000f2200000,0x00000000f3380000)
 ParOldGen       total 81920K, used 25839K [0x00000000c0000000, 0x00000000c5000000, 0x00000000eaa80000)
  object space 81920K, 31% used [0x00000000c0000000,0x00000000c193bf58,0x00000000c5000000)
 PSPermGen       total 21504K, used 5915K [0x00000000b5a00000, 0x00000000b6f00000, 0x00000000c0000000)
  object space 21504K, 27% used [0x00000000b5a00000,0x00000000b5fc6c38,0x00000000b6f00000)
}
Event: 21,139 GC heap before
{Heap before GC invocations=7 (full 0):
 PSYoungGen      total 137728K, used 137710K [0x00000000eaa80000, 0x00000000f4780000, 0x0000000100000000)
  eden space 122368K, 100% used [0x00000000eaa80000,0x00000000f2200000,0x00000000f2200000)
  from space 15360K, 99% used [0x00000000f3380000,0x00000000f427b8a0,0x00000000f4280000)
  to   space 17920K, 0% used [0x00000000f2200000,0x00000000f2200000,0x00000000f3380000)
 ParOldGen       total 81920K, used 25839K [0x00000000c0000000, 0x00000000c5000000, 0x00000000eaa80000)
  object space 81920K, 31% used [0x00000000c0000000,0x00000000c193bf58,0x00000000c5000000)
 PSPermGen       total 21504K, used 5986K [0x00000000b5a00000, 0x00000000b6f00000, 0x00000000c0000000)
  object space 21504K, 27% used [0x00000000b5a00000,0x00000000b5fd8b68,0x00000000b6f00000)
Event: 21,426 GC heap after
Heap after GC invocations=7 (full 0):
 PSYoungGen      total 140288K, used 17914K [0x00000000eaa80000, 0x00000000fd180000, 0x0000000100000000)
  eden space 122368K, 0% used [0x00000000eaa80000,0x00000000eaa80000,0x00000000f2200000)
  from space 17920K, 99% used [0x00000000f2200000,0x00000000f337eb98,0x00000000f3380000)
  to   space 28672K, 0% used [0x00000000fb580000,0x00000000fb580000,0x00000000fd180000)
 ParOldGen       total 81920K, used 42057K [0x00000000c0000000, 0x00000000c5000000, 0x00000000eaa80000)
  object space 81920K, 51% used [0x00000000c0000000,0x00000000c29125d8,0x00000000c5000000)
 PSPermGen       total 21504K, used 5986K [0x00000000b5a00000, 0x00000000b6f00000, 0x00000000c0000000)
  object space 21504K, 27% used [0x00000000b5a00000,0x00000000b5fd8b68,0x00000000b6f00000)
}
Event: 24,471 GC heap before
{Heap before GC invocations=8 (full 0):
 PSYoungGen      total 140288K, used 140282K [0x00000000eaa80000, 0x00000000fd180000, 0x0000000100000000)
  eden space 122368K, 100% used [0x00000000eaa80000,0x00000000f2200000,0x00000000f2200000)
  from space 17920K, 99% used [0x00000000f2200000,0x00000000f337eb98,0x00000000f3380000)
  to   space 28672K, 0% used [0x00000000fb580000,0x00000000fb580000,0x00000000fd180000)
 ParOldGen       total 81920K, used 42057K [0x00000000c0000000, 0x00000000c5000000, 0x00000000eaa80000)
  object space 81920K, 51% used [0x00000000c0000000,0x00000000c29125d8,0x00000000c5000000)
 PSPermGen       total 21504K, used 6008K [0x00000000b5a00000, 0x00000000b6f00000, 0x00000000c0000000)
  object space 21504K, 27% used [0x00000000b5a00000,0x00000000b5fde160,0x00000000b6f00000)
Event: 24,769 GC heap after
Heap after GC invocations=8 (full 0):
 PSYoungGen      total 264704K, used 28653K [0x00000000eaa80000, 0x00000000fe280000, 0x0000000100000000)
  eden space 236032K, 0% used [0x00000000eaa80000,0x00000000eaa80000,0x00000000f9100000)
  from space 28672K, 99% used [0x00000000fb580000,0x00000000fd17b700,0x00000000fd180000)
  to   space 37376K, 0% used [0x00000000f9100000,0x00000000f9100000,0x00000000fb580000)
 ParOldGen       total 81920K, used 51601K [0x00000000c0000000, 0x00000000c5000000, 0x00000000eaa80000)
  object space 81920K, 62% used [0x00000000c0000000,0x00000000c3264458,0x00000000c5000000)
 PSPermGen       total 21504K, used 6008K [0x00000000b5a00000, 0x00000000b6f00000, 0x00000000c0000000)
  object space 21504K, 27% used [0x00000000b5a00000,0x00000000b5fde160,0x00000000b6f00000)
}
Event: 29,289 GC heap before
{Heap before GC invocations=9 (full 0):
 PSYoungGen      total 264704K, used 264685K [0x00000000eaa80000, 0x00000000fe280000, 0x0000000100000000)
  eden space 236032K, 100% used [0x00000000eaa80000,0x00000000f9100000,0x00000000f9100000)
  from space 28672K, 99% used [0x00000000fb580000,0x00000000fd17b700,0x00000000fd180000)
  to   space 37376K, 0% used [0x00000000f9100000,0x00000000f9100000,0x00000000fb580000)
 ParOldGen       total 81920K, used 51601K [0x00000000c0000000, 0x00000000c5000000, 0x00000000eaa80000)
  object space 81920K, 62% used [0x00000000c0000000,0x00000000c3264458,0x00000000c5000000)
 PSPermGen       total 21504K, used 6029K [0x00000000b5a00000, 0x00000000b6f00000, 0x00000000c0000000)
  object space 21504K, 28% used [0x00000000b5a00000,0x00000000b5fe3778,0x00000000b6f00000)
Event: 29,985 GC heap after
Heap after GC invocations=9 (full 0):
 PSYoungGen      total 273408K, used 37362K [0x00000000eaa80000, 0x0000000100000000, 0x0000000100000000)
  eden space 236032K, 0% used [0x00000000eaa80000,0x00000000eaa80000,0x00000000f9100000)
  from space 37376K, 99% used [0x00000000f9100000,0x00000000fb57c920,0x00000000fb580000)
  to   space 66048K, 0% used [0x00000000fbf80000,0x00000000fbf80000,0x0000000100000000)
 ParOldGen       total 108544K, used 108347K [0x00000000c0000000, 0x00000000c6a00000, 0x00000000eaa80000)
  object space 108544K, 99% used [0x00000000c0000000,0x00000000c69cee00,0x00000000c6a00000)
 PSPermGen       total 21504K, used 6029K [0x00000000b5a00000, 0x00000000b6f00000, 0x00000000c0000000)
  object space 21504K, 28% used [0x00000000b5a00000,0x00000000b5fe3778,0x00000000b6f00000)
}
Event: 29,985 GC heap before
{Heap before GC invocations=10 (full 1):
 PSYoungGen      total 273408K, used 37362K [0x00000000eaa80000, 0x0000000100000000, 0x0000000100000000)
  eden space 236032K, 0% used [0x00000000eaa80000,0x00000000eaa80000,0x00000000f9100000)
  from space 37376K, 99% used [0x00000000f9100000,0x00000000fb57c920,0x00000000fb580000)
  to   space 66048K, 0% used [0x00000000fbf80000,0x00000000fbf80000,0x0000000100000000)
 ParOldGen       total 108544K, used 108347K [0x00000000c0000000, 0x00000000c6a00000, 0x00000000eaa80000)
  object space 108544K, 99% used [0x00000000c0000000,0x00000000c69cee00,0x00000000c6a00000)
 PSPermGen       total 21504K, used 6029K [0x00000000b5a00000, 0x00000000b6f00000, 0x00000000c0000000)
  object space 21504K, 28% used [0x00000000b5a00000,0x00000000b5fe3778,0x00000000b6f00000)

Deoptimization events (10 events):
Event: 28,876 Thread 0x00007f6de000a800 Uncommon trap: reason=unloaded action=reinterpret pc=0x00007f6ddd07f378 method=com.android.dx.ssa.SetFactory.makeLivenessSet(I)Lcom/android/dx/util/IntSet; @ 18
Event: 28,890 Thread 0x00007f6de000a800 Uncommon trap: reason=class_check action=maybe_recompile pc=0x00007f6ddd121440 method=com.android.dx.ssa.back.InterferenceGraph.add(II)V @ 19
Event: 28,890 Thread 0x00007f6de000a800 Uncommon trap: reason=class_check action=maybe_recompile pc=0x00007f6ddd121440 method=com.android.dx.ssa.back.InterferenceGraph.add(II)V @ 19
Event: 28,890 Thread 0x00007f6de000a800 Uncommon trap: reason=class_check action=maybe_recompile pc=0x00007f6ddd121440 method=com.android.dx.ssa.back.InterferenceGraph.add(II)V @ 19
Event: 28,890 Thread 0x00007f6de000a800 Uncommon trap: reason=class_check action=maybe_recompile pc=0x00007f6ddd121440 method=com.android.dx.ssa.back.InterferenceGraph.add(II)V @ 19
Event: 29,212 Thread 0x00007f6de000a800 Uncommon trap: reason=class_check action=maybe_recompile pc=0x00007f6ddd1a09f4 method=com.android.dx.ssa.back.InterferenceGraph.mergeInterferenceSet(ILcom/android/dx/util/IntSet;)V @ 20
Event: 29,213 Thread 0x00007f6de000a800 Uncommon trap: reason=class_check action=maybe_recompile pc=0x00007f6ddd1d06cc method=com.android.dx.ssa.back.InterferenceGraph.mergeInterferenceSet(ILcom/android/dx/util/IntSet;)V @ 20
Event: 29,226 Thread 0x00007f6de000a800 Uncommon trap: reason=class_check action=maybe_recompile pc=0x00007f6ddd1d06cc method=com.android.dx.ssa.back.InterferenceGraph.mergeInterferenceSet(ILcom/android/dx/util/IntSet;)V @ 20
Event: 29,246 Thread 0x00007f6de000a800 Uncommon trap: reason=class_check action=maybe_recompile pc=0x00007f6ddd1d06cc method=com.android.dx.ssa.back.InterferenceGraph.mergeInterferenceSet(ILcom/android/dx/util/IntSet;)V @ 20
Event: 29,246 Thread 0x00007f6de000a800 Uncommon trap: reason=class_check action=maybe_recompile pc=0x00007f6ddd1f3d80 method=com.android.dx.ssa.back.InterferenceGraph.mergeInterferenceSet(ILcom/android/dx/util/IntSet;)V @ 20

Internal exceptions (10 events):
Event: 11,042 Thread 0x00007f6de000a800 Implicit null exception at 0x00007f6ddd15a6ca to 0x00007f6ddd15a889
Event: 11,674 Thread 0x00007f6de000a800 Threw 0x00000000eac9f0b0 at /build/buildd/openjdk-7-7u79-2.5.5/build/openjdk/hotspot/src/share/vm/prims/jvm.cpp:1284
Event: 16,033 Thread 0x00007f6de000a800 Implicit null exception at 0x00007f6ddd2313e5 to 0x00007f6ddd232f45
Event: 19,985 Thread 0x00007f6de000a800 Threw 0x00000000effee450 at /build/buildd/openjdk-7-7u79-2.5.5/build/openjdk/hotspot/src/share/vm/prims/jvm.cpp:1284
Event: 19,991 Thread 0x00007f6de000a800 Threw 0x00000000efff4b00 at /build/buildd/openjdk-7-7u79-2.5.5/build/openjdk/hotspot/src/share/vm/prims/jvm.cpp:1284
Event: 19,992 Thread 0x00007f6de000a800 Threw 0x00000000efff7d90 at /build/buildd/openjdk-7-7u79-2.5.5/build/openjdk/hotspot/src/share/vm/prims/jvm.cpp:1284
Event: 19,993 Thread 0x00007f6de000a800 Threw 0x00000000efffe3d8 at /build/buildd/openjdk-7-7u79-2.5.5/build/openjdk/hotspot/src/share/vm/prims/jvm.cpp:1284
Event: 20,668 Thread 0x00007f6de000a800 Threw 0x00000000f121ee20 at /build/buildd/openjdk-7-7u79-2.5.5/build/openjdk/hotspot/src/share/vm/prims/jvm.cpp:1284
Event: 28,398 Thread 0x00007f6de000a800 Threw 0x00000000f7397bd8 at /build/buildd/openjdk-7-7u79-2.5.5/build/openjdk/hotspot/src/share/vm/prims/jvm.cpp:1284
Event: 28,455 Thread 0x00007f6de000a800 Threw 0x00000000f74774d0 at /build/buildd/openjdk-7-7u79-2.5.5/build/openjdk/hotspot/src/share/vm/prims/jvm.cpp:1284

Events (10 events):
Event: 29,226 Thread 0x00007f6de000a800 Uncommon trap: trap_request=0xffffffde fr.pc=0x00007f6ddd1d06cc
Event: 29,226 Thread 0x00007f6de000a800 DEOPT PACKING pc=0x00007f6ddd1d06cc sp=0x00007f6de8ed6de0
Event: 29,226 Thread 0x00007f6de000a800 DEOPT UNPACKING pc=0x00007f6ddd039445 sp=0x00007f6de8ed6d50 mode 2
Event: 29,246 Thread 0x00007f6de000a800 Uncommon trap: trap_request=0xffffffde fr.pc=0x00007f6ddd1d06cc
Event: 29,246 Thread 0x00007f6de000a800 DEOPT PACKING pc=0x00007f6ddd1d06cc sp=0x00007f6de8ed6e60
Event: 29,246 Thread 0x00007f6de000a800 DEOPT UNPACKING pc=0x00007f6ddd039445 sp=0x00007f6de8ed6dd0 mode 2
Event: 29,246 Thread 0x00007f6de000a800 Uncommon trap: trap_request=0xffffffde fr.pc=0x00007f6ddd1f3d80
Event: 29,246 Thread 0x00007f6de000a800 DEOPT PACKING pc=0x00007f6ddd1f3d80 sp=0x00007f6de8ed6df0
Event: 29,246 Thread 0x00007f6de000a800 DEOPT UNPACKING pc=0x00007f6ddd039445 sp=0x00007f6de8ed6dc0 mode 2
Event: 29,288 Executing VM operation: ParallelGCFailedAllocation


Dynamic libraries:
00400000-00401000 r-xp 00000000 08:01 1701417                            /usr/lib/jvm/java-7-openjdk-amd64/jre/bin/java
00600000-00601000 r--p 00000000 08:01 1701417                            /usr/lib/jvm/java-7-openjdk-amd64/jre/bin/java
00601000-00602000 rw-p 00001000 08:01 1701417                            /usr/lib/jvm/java-7-openjdk-amd64/jre/bin/java
009d6000-009f7000 rw-p 00000000 00:00 0                                  [heap]
b5a00000-b6f00000 rw-p 00000000 00:00 0 
b6f00000-c0000000 rw-p 00000000 00:00 0 
c0000000-c6a00000 rw-p 00000000 00:00 0 
cbb80000-eaa80000 rw-p 00000000 00:00 0 
eaa80000-100000000 rw-p 00000000 00:00 0 
7f6da0000000-7f6da0021000 rw-p 00000000 00:00 0 
7f6da0021000-7f6da4000000 ---p 00000000 00:00 0 
7f6da8000000-7f6da90e8000 rw-p 00000000 00:00 0 
7f6da90e8000-7f6dac000000 ---p 00000000 00:00 0 
7f6dac000000-7f6dac021000 rw-p 00000000 00:00 0 
7f6dac021000-7f6db0000000 ---p 00000000 00:00 0 
7f6db0000000-7f6db0021000 rw-p 00000000 00:00 0 
7f6db0021000-7f6db4000000 ---p 00000000 00:00 0 
7f6db4000000-7f6db4f53000 rw-p 00000000 00:00 0 
7f6db4f53000-7f6db8000000 ---p 00000000 00:00 0 
7f6db8000000-7f6db8021000 rw-p 00000000 00:00 0 
7f6db8021000-7f6dbc000000 ---p 00000000 00:00 0 
7f6dbc000000-7f6dbc021000 rw-p 00000000 00:00 0 
7f6dbc021000-7f6dc0000000 ---p 00000000 00:00 0 
7f6dc0000000-7f6dc0021000 rw-p 00000000 00:00 0 
7f6dc0021000-7f6dc4000000 ---p 00000000 00:00 0 
7f6dc4000000-7f6dc4241000 rw-p 00000000 00:00 0 
7f6dc4241000-7f6dc8000000 ---p 00000000 00:00 0 
7f6dc8000000-7f6dc8021000 rw-p 00000000 00:00 0 
7f6dc8021000-7f6dcc000000 ---p 00000000 00:00 0 
7f6dcfdc2000-7f6dcfdff000 r-xp 00000000 08:01 527559                     /lib/x86_64-linux-gnu/libpcre.so.3.13.1
7f6dcfdff000-7f6dcfffe000 ---p 0003d000 08:01 527559                     /lib/x86_64-linux-gnu/libpcre.so.3.13.1
7f6dcfffe000-7f6dcffff000 r--p 0003c000 08:01 527559                     /lib/x86_64-linux-gnu/libpcre.so.3.13.1
7f6dcffff000-7f6dd0000000 rw-p 0003d000 08:01 527559                     /lib/x86_64-linux-gnu/libpcre.so.3.13.1
7f6dd0000000-7f6dd0021000 rw-p 00000000 00:00 0 
7f6dd0021000-7f6dd4000000 ---p 00000000 00:00 0 
7f6dd418c000-7f6dd4193000 r-xp 00000000 08:01 794882                     /usr/lib/x86_64-linux-gnu/libffi.so.6.0.1
7f6dd4193000-7f6dd4392000 ---p 00007000 08:01 794882                     /usr/lib/x86_64-linux-gnu/libffi.so.6.0.1
7f6dd4392000-7f6dd4393000 r--p 00006000 08:01 794882                     /usr/lib/x86_64-linux-gnu/libffi.so.6.0.1
7f6dd4393000-7f6dd4394000 rw-p 00007000 08:01 794882                     /usr/lib/x86_64-linux-gnu/libffi.so.6.0.1
7f6dd4394000-7f6dd43ab000 r-xp 00000000 08:01 527335                     /lib/x86_64-linux-gnu/libresolv-2.19.so
7f6dd43ab000-7f6dd45ab000 ---p 00017000 08:01 527335                     /lib/x86_64-linux-gnu/libresolv-2.19.so
7f6dd45ab000-7f6dd45ac000 r--p 00017000 08:01 527335                     /lib/x86_64-linux-gnu/libresolv-2.19.so
7f6dd45ac000-7f6dd45ad000 rw-p 00018000 08:01 527335                     /lib/x86_64-linux-gnu/libresolv-2.19.so
7f6dd45ad000-7f6dd45af000 rw-p 00000000 00:00 0 
7f6dd45af000-7f6dd45cf000 r-xp 00000000 08:01 527586                     /lib/x86_64-linux-gnu/libselinux.so.1
7f6dd45cf000-7f6dd47ce000 ---p 00020000 08:01 527586                     /lib/x86_64-linux-gnu/libselinux.so.1
7f6dd47ce000-7f6dd47cf000 r--p 0001f000 08:01 527586                     /lib/x86_64-linux-gnu/libselinux.so.1
7f6dd47cf000-7f6dd47d0000 rw-p 00020000 08:01 527586                     /lib/x86_64-linux-gnu/libselinux.so.1
7f6dd47d0000-7f6dd47d2000 rw-p 00000000 00:00 0 
7f6dd47d2000-7f6dd47d5000 r-xp 00000000 08:01 787578                     /usr/lib/x86_64-linux-gnu/libgmodule-2.0.so.0.4002.0
7f6dd47d5000-7f6dd49d4000 ---p 00003000 08:01 787578                     /usr/lib/x86_64-linux-gnu/libgmodule-2.0.so.0.4002.0
7f6dd49d4000-7f6dd49d5000 r--p 00002000 08:01 787578                     /usr/lib/x86_64-linux-gnu/libgmodule-2.0.so.0.4002.0
7f6dd49d5000-7f6dd49d6000 rw-p 00003000 08:01 787578                     /usr/lib/x86_64-linux-gnu/libgmodule-2.0.so.0.4002.0
7f6dd49d6000-7f6dd4adc000 r-xp 00000000 08:01 527396                     /lib/x86_64-linux-gnu/libglib-2.0.so.0.4002.0
7f6dd4adc000-7f6dd4cdb000 ---p 00106000 08:01 527396                     /lib/x86_64-linux-gnu/libglib-2.0.so.0.4002.0
7f6dd4cdb000-7f6dd4cdc000 r--p 00105000 08:01 527396                     /lib/x86_64-linux-gnu/libglib-2.0.so.0.4002.0
7f6dd4cdc000-7f6dd4cdd000 rw-p 00106000 08:01 527396                     /lib/x86_64-linux-gnu/libglib-2.0.so.0.4002.0
7f6dd4cdd000-7f6dd4cde000 rw-p 00000000 00:00 0 
7f6dd4cde000-7f6dd4d2d000 r-xp 00000000 08:01 787580                     /usr/lib/x86_64-linux-gnu/libgobject-2.0.so.0.4002.0
7f6dd4d2d000-7f6dd4f2d000 ---p 0004f000 08:01 787580                     /usr/lib/x86_64-linux-gnu/libgobject-2.0.so.0.4002.0
7f6dd4f2d000-7f6dd4f2e000 r--p 0004f000 08:01 787580                     /usr/lib/x86_64-linux-gnu/libgobject-2.0.so.0.4002.0
7f6dd4f2e000-7f6dd4f2f000 rw-p 00050000 08:01 787580                     /usr/lib/x86_64-linux-gnu/libgobject-2.0.so.0.4002.0
7f6dd4f2f000-7f6dd509b000 r-xp 00000000 08:01 787582                     /usr/lib/x86_64-linux-gnu/libgio-2.0.so.0.4002.0
7f6dd509b000-7f6dd529a000 ---p 0016c000 08:01 787582                     /usr/lib/x86_64-linux-gnu/libgio-2.0.so.0.4002.0
7f6dd529a000-7f6dd529e000 r--p 0016b000 08:01 787582                     /usr/lib/x86_64-linux-gnu/libgio-2.0.so.0.4002.0
7f6dd529e000-7f6dd52a0000 rw-p 0016f000 08:01 787582                     /usr/lib/x86_64-linux-gnu/libgio-2.0.so.0.4002.0
7f6dd52a0000-7f6dd52a2000 rw-p 00000000 00:00 0 
7f6dd52a2000-7f6dd52b9000 r-xp 00000000 08:01 1701521                    /usr/lib/jvm/java-7-openjdk-amd64/jre/lib/amd64/libnet.so
7f6dd52b9000-7f6dd54b8000 ---p 00017000 08:01 1701521                    /usr/lib/jvm/java-7-openjdk-amd64/jre/lib/amd64/libnet.so
7f6dd54b8000-7f6dd54b9000 r--p 00016000 08:01 1701521                    /usr/lib/jvm/java-7-openjdk-amd64/jre/lib/amd64/libnet.so
7f6dd54b9000-7f6dd54ba000 rw-p 00017000 08:01 1701521                    /usr/lib/jvm/java-7-openjdk-amd64/jre/lib/amd64/libnet.so
7f6dd54ba000-7f6dd54ca000 r-xp 00000000 08:01 1701495                    /usr/lib/jvm/java-7-openjdk-amd64/jre/lib/amd64/libnio.so
7f6dd54ca000-7f6dd56ca000 ---p 00010000 08:01 1701495                    /usr/lib/jvm/java-7-openjdk-amd64/jre/lib/amd64/libnio.so
7f6dd56ca000-7f6dd56cb000 r--p 00010000 08:01 1701495                    /usr/lib/jvm/java-7-openjdk-amd64/jre/lib/amd64/libnio.so
7f6dd56cb000-7f6dd56cc000 rw-p 00011000 08:01 1701495                    /usr/lib/jvm/java-7-openjdk-amd64/jre/lib/amd64/libnio.so
7f6dd56cc000-7f6dd56cd000 ---p 00000000 00:00 0 
7f6dd56cd000-7f6dd57cd000 rw-p 00000000 00:00 0                          [stack:2137]
7f6dd57cd000-7f6dd57d0000 ---p 00000000 00:00 0 
7f6dd57d0000-7f6dd58ce000 rw-p 00000000 00:00 0                          [stack:2136]
7f6dd58ce000-7f6dd58d1000 ---p 00000000 00:00 0 
7f6dd58d1000-7f6dd59cf000 rw-p 00000000 00:00 0                          [stack:2135]
7f6dd59cf000-7f6dd59d2000 ---p 00000000 00:00 0 
7f6dd59d2000-7f6dd8000000 rw-p 00000000 00:00 0                          [stack:2133]
7f6dd8000000-7f6dd8021000 rw-p 00000000 00:00 0 
7f6dd8021000-7f6ddc000000 ---p 00000000 00:00 0 
7f6ddc051000-7f6ddc082000 rw-p 00000000 00:00 0 
7f6ddc0a7000-7f6ddc0aa000 ---p 00000000 00:00 0 
7f6ddc0aa000-7f6ddc1a8000 rw-p 00000000 00:00 0                          [stack:2128]
7f6ddc1a8000-7f6ddc9fa000 r--p 00000000 08:01 793106                     /usr/lib/locale/locale-archive
7f6ddc9fa000-7f6ddc9fd000 ---p 00000000 00:00 0 
7f6ddc9fd000-7f6ddcafb000 rw-p 00000000 00:00 0                          [stack:2124]
7f6ddcafb000-7f6ddcafe000 ---p 00000000 00:00 0 
7f6ddcafe000-7f6ddcbfc000 rw-p 00000000 00:00 0                          [stack:2123]
7f6ddcbfc000-7f6ddcbfd000 ---p 00000000 00:00 0 
7f6ddcbfd000-7f6ddd000000 rw-p 00000000 00:00 0                          [stack:2117]
7f6ddd000000-7f6ddd2f0000 rwxp 00000000 00:00 0 
7f6ddd2f0000-7f6de0203000 rw-p 00000000 00:00 0 
7f6de0203000-7f6de4000000 ---p 00000000 00:00 0 
7f6de4000000-7f6de401e000 r--s 0011c000 00:1b 2888591                    /home/frabu/AndroidStudioProjects/DataMarket/app/build/intermediates/exploded-aar/com.google.android.gms/play-services/4.1.32/classes.jar
7f6de401e000-7f6de402d000 r--s 000dd000 00:1b 3018635                    /home/frabu/Android/Sdk/build-tools/21.1.2/lib/dx.jar
7f6de402d000-7f6de4d27000 rw-p 00000000 00:00 0 
7f6de4d27000-7f6de4ed8000 r--s 01d27000 08:01 1576683                    /usr/lib/jvm/java-7-openjdk-amd64/jre/lib/rt.jar
7f6de4ed8000-7f6de5224000 rw-p 00000000 00:00 0 
7f6de5224000-7f6de5225000 ---p 00000000 00:00 0 
7f6de5225000-7f6de5325000 rw-p 00000000 00:00 0                          [stack:2114]
7f6de5325000-7f6de5326000 ---p 00000000 00:00 0 
7f6de5326000-7f6de5426000 rw-p 00000000 00:00 0                          [stack:2112]
7f6de5426000-7f6de5427000 ---p 00000000 00:00 0 
7f6de5427000-7f6de5527000 rw-p 00000000 00:00 0                          [stack:2110]
7f6de5527000-7f6de5528000 ---p 00000000 00:00 0 
7f6de5528000-7f6de5633000 rw-p 00000000 00:00 0                          [stack:2099]
7f6de5633000-7f6de567b000 rw-p 00000000 00:00 0 
7f6de567b000-7f6de56b0000 rw-p 00000000 00:00 0 
7f6de56b0000-7f6de57d1000 rw-p 00000000 00:00 0 
7f6de57d1000-7f6de57dc000 rw-p 00000000 00:00 0 
7f6de57dc000-7f6de5824000 rw-p 00000000 00:00 0 
7f6de5824000-7f6de5859000 rw-p 00000000 00:00 0 
7f6de5859000-7f6de5979000 rw-p 00000000 00:00 0 
7f6de5979000-7f6de5a24000 rw-p 00000000 00:00 0 
7f6de5a24000-7f6de5a25000 rw-p 00000000 00:00 0 
7f6de5a25000-7f6de5a2d000 r-xp 00000000 08:01 1701487                    /usr/lib/jvm/java-7-openjdk-amd64/jre/lib/amd64/libzip.so
7f6de5a2d000-7f6de5c2c000 ---p 00008000 08:01 1701487                    /usr/lib/jvm/java-7-openjdk-amd64/jre/lib/amd64/libzip.so
7f6de5c2c000-7f6de5c2d000 r--p 00007000 08:01 1701487                    /usr/lib/jvm/java-7-openjdk-amd64/jre/lib/amd64/libzip.so
7f6de5c2d000-7f6de5c2e000 rw-p 00008000 08:01 1701487                    /usr/lib/jvm/java-7-openjdk-amd64/jre/lib/amd64/libzip.so
7f6de5c2e000-7f6de5c39000 r-xp 00000000 08:01 527433                     /lib/x86_64-linux-gnu/libnss_files-2.19.so
7f6de5c39000-7f6de5e38000 ---p 0000b000 08:01 527433                     /lib/x86_64-linux-gnu/libnss_files-2.19.so
7f6de5e38000-7f6de5e39000 r--p 0000a000 08:01 527433                     /lib/x86_64-linux-gnu/libnss_files-2.19.so
7f6de5e39000-7f6de5e3a000 rw-p 0000b000 08:01 527433                     /lib/x86_64-linux-gnu/libnss_files-2.19.so
7f6de5e3a000-7f6de5e45000 r-xp 00000000 08:01 538164                     /lib/x86_64-linux-gnu/libnss_nis-2.19.so
7f6de5e45000-7f6de6044000 ---p 0000b000 08:01 538164                     /lib/x86_64-linux-gnu/libnss_nis-2.19.so
7f6de6044000-7f6de6045000 r--p 0000a000 08:01 538164                     /lib/x86_64-linux-gnu/libnss_nis-2.19.so
7f6de6045000-7f6de6046000 rw-p 0000b000 08:01 538164                     /lib/x86_64-linux-gnu/libnss_nis-2.19.so
7f6de6046000-7f6de605d000 r-xp 00000000 08:01 527761                     /lib/x86_64-linux-gnu/libnsl-2.19.so
7f6de605d000-7f6de625c000 ---p 00017000 08:01 527761                     /lib/x86_64-linux-gnu/libnsl-2.19.so
7f6de625c000-7f6de625d000 r--p 00016000 08:01 527761                     /lib/x86_64-linux-gnu/libnsl-2.19.so
7f6de625d000-7f6de625e000 rw-p 00017000 08:01 527761                     /lib/x86_64-linux-gnu/libnsl-2.19.so
7f6de625e000-7f6de6260000 rw-p 00000000 00:00 0 
7f6de6260000-7f6de6269000 r-xp 00000000 08:01 527757                     /lib/x86_64-linux-gnu/libnss_compat-2.19.so
7f6de6269000-7f6de6468000 ---p 00009000 08:01 527757                     /lib/x86_64-linux-gnu/libnss_compat-2.19.so
7f6de6468000-7f6de6469000 r--p 00008000 08:01 527757                     /lib/x86_64-linux-gnu/libnss_compat-2.19.so
7f6de6469000-7f6de646a000 rw-p 00009000 08:01 527757                     /lib/x86_64-linux-gnu/libnss_compat-2.19.so
7f6de646a000-7f6de6495000 r-xp 00000000 08:01 1701519                    /usr/lib/jvm/java-7-openjdk-amd64/jre/lib/amd64/libjava.so
7f6de6495000-7f6de6695000 ---p 0002b000 08:01 1701519                    /usr/lib/jvm/java-7-openjdk-amd64/jre/lib/amd64/libjava.so
7f6de6695000-7f6de6696000 r--p 0002b000 08:01 1701519                    /usr/lib/jvm/java-7-openjdk-amd64/jre/lib/amd64/libjava.so
7f6de6696000-7f6de6698000 rw-p 0002c000 08:01 1701519                    /usr/lib/jvm/java-7-openjdk-amd64/jre/lib/amd64/libjava.so
7f6de6698000-7f6de66a8000 r-xp 00000000 08:01 1701513                    /usr/lib/jvm/java-7-openjdk-amd64/jre/lib/amd64/libverify.so
7f6de66a8000-7f6de68a7000 ---p 00010000 08:01 1701513                    /usr/lib/jvm/java-7-openjdk-amd64/jre/lib/amd64/libverify.so
7f6de68a7000-7f6de68a9000 r--p 0000f000 08:01 1701513                    /usr/lib/jvm/java-7-openjdk-amd64/jre/lib/amd64/libverify.so
7f6de68a9000-7f6de68aa000 rw-p 00011000 08:01 1701513                    /usr/lib/jvm/java-7-openjdk-amd64/jre/lib/amd64/libverify.so
7f6de68aa000-7f6de68b1000 r-xp 00000000 08:01 538153                     /lib/x86_64-linux-gnu/librt-2.19.so
7f6de68b1000-7f6de6ab0000 ---p 00007000 08:01 538153                     /lib/x86_64-linux-gnu/librt-2.19.so
7f6de6ab0000-7f6de6ab1000 r--p 00006000 08:01 538153                     /lib/x86_64-linux-gnu/librt-2.19.so
7f6de6ab1000-7f6de6ab2000 rw-p 00007000 08:01 538153                     /lib/x86_64-linux-gnu/librt-2.19.so
7f6de6ab2000-7f6de6ac8000 r-xp 00000000 08:01 523279                     /lib/x86_64-linux-gnu/libgcc_s.so.1
7f6de6ac8000-7f6de6cc7000 ---p 00016000 08:01 523279                     /lib/x86_64-linux-gnu/libgcc_s.so.1
7f6de6cc7000-7f6de6cc8000 rw-p 00015000 08:01 523279                     /lib/x86_64-linux-gnu/libgcc_s.so.1
7f6de6cc8000-7f6de6dcd000 r-xp 00000000 08:01 527386                     /lib/x86_64-linux-gnu/libm-2.19.so
7f6de6dcd000-7f6de6fcc000 ---p 00105000 08:01 527386                     /lib/x86_64-linux-gnu/libm-2.19.so
7f6de6fcc000-7f6de6fcd000 r--p 00104000 08:01 527386                     /lib/x86_64-linux-gnu/libm-2.19.so
7f6de6fcd000-7f6de6fce000 rw-p 00105000 08:01 527386                     /lib/x86_64-linux-gnu/libm-2.19.so
7f6de6fce000-7f6de70b4000 r-xp 00000000 08:01 799499                     /usr/lib/x86_64-linux-gnu/libstdc++.so.6.0.19
7f6de70b4000-7f6de72b3000 ---p 000e6000 08:01 799499                     /usr/lib/x86_64-linux-gnu/libstdc++.so.6.0.19
7f6de72b3000-7f6de72bb000 r--p 000e5000 08:01 799499                     /usr/lib/x86_64-linux-gnu/libstdc++.so.6.0.19
7f6de72bb000-7f6de72bd000 rw-p 000ed000 08:01 799499                     /usr/lib/x86_64-linux-gnu/libstdc++.so.6.0.19
7f6de72bd000-7f6de72d2000 rw-p 00000000 00:00 0 
7f6de72d2000-7f6de7dea000 r-xp 00000000 08:01 1701529                    /usr/lib/jvm/java-7-openjdk-amd64/jre/lib/amd64/server/libjvm.so
7f6de7dea000-7f6de7fea000 ---p 00b18000 08:01 1701529                    /usr/lib/jvm/java-7-openjdk-amd64/jre/lib/amd64/server/libjvm.so
7f6de7fea000-7f6de8084000 r--p 00b18000 08:01 1701529                    /usr/lib/jvm/java-7-openjdk-amd64/jre/lib/amd64/server/libjvm.so
7f6de8084000-7f6de80a7000 rw-p 00bb2000 08:01 1701529                    /usr/lib/jvm/java-7-openjdk-amd64/jre/lib/amd64/server/libjvm.so
7f6de80a7000-7f6de80d5000 rw-p 00000000 00:00 0 
7f6de80d5000-7f6de80ed000 r-xp 00000000 08:01 527619                     /lib/x86_64-linux-gnu/libz.so.1.2.8
7f6de80ed000-7f6de82ec000 ---p 00018000 08:01 527619                     /lib/x86_64-linux-gnu/libz.so.1.2.8
7f6de82ec000-7f6de82ed000 r--p 00017000 08:01 527619                     /lib/x86_64-linux-gnu/libz.so.1.2.8
7f6de82ed000-7f6de82ee000 rw-p 00018000 08:01 527619                     /lib/x86_64-linux-gnu/libz.so.1.2.8
7f6de82ee000-7f6de8307000 r-xp 00000000 08:01 538149                     /lib/x86_64-linux-gnu/libpthread-2.19.so
7f6de8307000-7f6de8506000 ---p 00019000 08:01 538149                     /lib/x86_64-linux-gnu/libpthread-2.19.so
7f6de8506000-7f6de8507000 r--p 00018000 08:01 538149                     /lib/x86_64-linux-gnu/libpthread-2.19.so
7f6de8507000-7f6de8508000 rw-p 00019000 08:01 538149                     /lib/x86_64-linux-gnu/libpthread-2.19.so
7f6de8508000-7f6de850c000 rw-p 00000000 00:00 0 
7f6de850c000-7f6de850f000 r-xp 00000000 08:01 527508                     /lib/x86_64-linux-gnu/libdl-2.19.so
7f6de850f000-7f6de870e000 ---p 00003000 08:01 527508                     /lib/x86_64-linux-gnu/libdl-2.19.so
7f6de870e000-7f6de870f000 r--p 00002000 08:01 527508                     /lib/x86_64-linux-gnu/libdl-2.19.so
7f6de870f000-7f6de8710000 rw-p 00003000 08:01 527508                     /lib/x86_64-linux-gnu/libdl-2.19.so
7f6de8710000-7f6de88cb000 r-xp 00000000 08:01 527787                     /lib/x86_64-linux-gnu/libc-2.19.so
7f6de88cb000-7f6de8aca000 ---p 001bb000 08:01 527787                     /lib/x86_64-linux-gnu/libc-2.19.so
7f6de8aca000-7f6de8ace000 r--p 001ba000 08:01 527787                     /lib/x86_64-linux-gnu/libc-2.19.so
7f6de8ace000-7f6de8ad0000 rw-p 001be000 08:01 527787                     /lib/x86_64-linux-gnu/libc-2.19.so
7f6de8ad0000-7f6de8ad5000 rw-p 00000000 00:00 0 
7f6de8ad5000-7f6de8ae2000 r-xp 00000000 08:01 1701471                    /usr/lib/jvm/java-7-openjdk-amd64/jre/lib/amd64/jli/libjli.so
7f6de8ae2000-7f6de8ce1000 ---p 0000d000 08:01 1701471                    /usr/lib/jvm/java-7-openjdk-amd64/jre/lib/amd64/jli/libjli.so
7f6de8ce1000-7f6de8ce2000 r--p 0000c000 08:01 1701471                    /usr/lib/jvm/java-7-openjdk-amd64/jre/lib/amd64/jli/libjli.so
7f6de8ce2000-7f6de8ce3000 rw-p 0000d000 08:01 1701471                    /usr/lib/jvm/java-7-openjdk-amd64/jre/lib/amd64/jli/libjli.so
7f6de8ce3000-7f6de8d06000 r-xp 00000000 08:01 527769                     /lib/x86_64-linux-gnu/ld-2.19.so
7f6de8d07000-7f6de8d08000 rw-p 00000000 00:00 0 
7f6de8d08000-7f6de8d0b000 r--s 00086000 08:01 1701539                    /usr/lib/jvm/java-7-openjdk-amd64/jre/lib/ext/localedata.jar
7f6de8d0b000-7f6de8d0d000 r--s 00006000 08:01 1185101                    /usr/share/java/java-atk-wrapper.jar
7f6de8d0d000-7f6de8d10000 r--s 0000f000 08:01 1701533                    /usr/lib/jvm/java-7-openjdk-amd64/jre/lib/ext/icedtea-sound.jar
7f6de8d10000-7f6de8d14000 r--s 0003c000 08:01 1701537                    /usr/lib/jvm/java-7-openjdk-amd64/jre/lib/ext/sunpkcs11.jar
7f6de8d14000-7f6de8d18000 r--s 00034000 08:01 1701541                    /usr/lib/jvm/java-7-openjdk-amd64/jre/lib/ext/sunjce_provider.jar
7f6de8d18000-7f6de8d24000 rw-p 00000000 00:00 0 
7f6de8d24000-7f6de8dd8000 rw-p 00000000 00:00 0 
7f6de8dd8000-7f6de8ddb000 ---p 00000000 00:00 0 
7f6de8ddb000-7f6de8ede000 rw-p 00000000 00:00 0                          [stack:2098]
7f6de8ede000-7f6de8ee0000 r--s 00012000 08:01 1701543                    /usr/lib/jvm/java-7-openjdk-amd64/jre/lib/ext/zipfs.jar
7f6de8ee0000-7f6de8ee1000 r--s 00002000 08:01 1701535                    /usr/lib/jvm/java-7-openjdk-amd64/jre/lib/ext/dnsns.jar
7f6de8ee1000-7f6de8ef9000 rw-p 00000000 00:00 0 
7f6de8ef9000-7f6de8f01000 rw-s 00000000 08:01 1064734                    /tmp/hsperfdata_frabu/2073
7f6de8f01000-7f6de8f02000 rw-p 00000000 00:00 0 
7f6de8f02000-7f6de8f03000 ---p 00000000 00:00 0 
7f6de8f03000-7f6de8f05000 rw-p 00000000 00:00 0 
7f6de8f05000-7f6de8f06000 r--p 00022000 08:01 527769                     /lib/x86_64-linux-gnu/ld-2.19.so
7f6de8f06000-7f6de8f07000 rw-p 00023000 08:01 527769                     /lib/x86_64-linux-gnu/ld-2.19.so
7f6de8f07000-7f6de8f08000 rw-p 00000000 00:00 0 
7ffe11a97000-7ffe11ab9000 rw-p 00000000 00:00 0                          [stack]
7ffe11ba3000-7ffe11ba5000 r-xp 00000000 00:00 0                          [vdso]
ffffffffff600000-ffffffffff601000 r-xp 00000000 00:00 0                  [vsyscall]

VM Arguments:
jvm_args: -Xmx1024M -Dfile.encoding=UTF-8 -Duser.country=US -Duser.language=en -Duser.variant 
java_command: com.android.dx.command.Main --dex --output /home/frabu/AndroidStudioProjects/DataMarket/app/build/intermediates/pre-dexed/debug/classes-3d6e093718c833cec9d6d7193dfad5f4b92c102a.jar /home/frabu/AndroidStudioProjects/DataMarket/app/build/intermediates/exploded-aar/com.google.android.gms/play-services/4.1.32/classes.jar
Launcher Type: SUN_STANDARD

Environment Variables:
PATH=/usr/local/heroku/bin:/usr/games:/usr/local/sbin:/usr/local/bin:/usr/sbin:/usr/bin:/sbin:/bin:/usr/games:/usr/local/games:/home/frabu/.rvm/bin:/home/frabu/.rvm/bin:/home/frabu/android-studio/bin
LD_LIBRARY_PATH=/home/frabu/android-studio/bin:
SHELL=/bin/bash
DISPLAY=:0.0

Signal Handlers:
SIGSEGV: [libjvm.so+0x94b9a0], sa_mask[0]=0x7ffbfeff, sa_flags=0x10000004
SIGBUS: [libjvm.so+0x94b9a0], sa_mask[0]=0x7ffbfeff, sa_flags=0x10000004
SIGFPE: [libjvm.so+0x7c3880], sa_mask[0]=0x7ffbfeff, sa_flags=0x10000004
SIGPIPE: [libjvm.so+0x7c3880], sa_mask[0]=0x7ffbfeff, sa_flags=0x10000004
SIGXFSZ: [libjvm.so+0x7c3880], sa_mask[0]=0x7ffbfeff, sa_flags=0x10000004
SIGILL: [libjvm.so+0x7c3880], sa_mask[0]=0x7ffbfeff, sa_flags=0x10000004
SIGUSR1: SIG_DFL, sa_mask[0]=0x00000000, sa_flags=0x00000000
SIGUSR2: [libjvm.so+0x7c3720], sa_mask[0]=0x00000004, sa_flags=0x10000004
SIGHUP: [libjvm.so+0x7c3900], sa_mask[0]=0x7ffbfeff, sa_flags=0x10000004
SIGINT: [libjvm.so+0x7c3900], sa_mask[0]=0x7ffbfeff, sa_flags=0x10000004
SIGTERM: [libjvm.so+0x7c3900], sa_mask[0]=0x7ffbfeff, sa_flags=0x10000004
SIGQUIT: [libjvm.so+0x7c3900], sa_mask[0]=0x7ffbfeff, sa_flags=0x10000004
SIGTRAP: SIG_DFL, sa_mask[0]=0x00000000, sa_flags=0x00000000


---------------  S Y S T E M  ---------------

OS:Ubuntu 14.04 (trusty)
uname:Linux 3.13.0-57-generic #95-Ubuntu SMP Fri Jun 19 09:28:15 UTC 2015 x86_64
libc:glibc 2.19 NPTL 2.19 
rlimit: STACK 8192k, CORE 0k, NPROC 61279, NOFILE 4096, AS infinity
load average:7,20 2,75 1,70

/proc/meminfo:
MemTotal:        7873200 kB
MemFree:          118700 kB
Buffers:             272 kB
Cached:           817300 kB
SwapCached:            0 kB
Active:          6673508 kB
Inactive:         810936 kB
Active(anon):    6672052 kB
Inactive(anon):   798140 kB
Active(file):       1456 kB
Inactive(file):    12796 kB
Unevictable:          48 kB
Mlocked:              48 kB
SwapTotal:             0 kB
SwapFree:              0 kB
Dirty:               136 kB
Writeback:             0 kB
AnonPages:       6667200 kB
Mapped:           591268 kB
Shmem:            803040 kB
Slab:             114540 kB
SReclaimable:      47992 kB
SUnreclaim:        66548 kB
KernelStack:        7752 kB
PageTables:        64168 kB
NFS_Unstable:          0 kB
Bounce:                0 kB
WritebackTmp:          0 kB
CommitLimit:     3936600 kB
Committed_AS:   14711196 kB
VmallocTotal:   34359738367 kB
VmallocUsed:      359004 kB
VmallocChunk:   34359363156 kB
HardwareCorrupted:     0 kB
AnonHugePages:   2160640 kB
HugePages_Total:       0
HugePages_Free:        0
HugePages_Rsvd:        0
HugePages_Surp:        0
Hugepagesize:       2048 kB
DirectMap4k:       81844 kB
DirectMap2M:     8001536 kB


CPU:total 4 (2 cores per cpu, 2 threads per core) family 6 model 58 stepping 9, cmov, cx8, fxsr, mmx, sse, sse2, sse3, ssse3, sse4.1, sse4.2, popcnt, avx, aes, erms, ht, tsc, tscinvbit, tscinv

/proc/cpuinfo:
processor	: 0
vendor_id	: GenuineIntel
cpu family	: 6
model		: 58
model name	: Intel(R) Core(TM) i5-3317U CPU @ 1.70GHz
stepping	: 9
microcode	: 0x12
cpu MHz		: 1701.000
cache size	: 3072 KB
physical id	: 0
siblings	: 4
core id		: 0
cpu cores	: 2
apicid		: 0
initial apicid	: 0
fpu		: yes
fpu_exception	: yes
cpuid level	: 13
wp		: yes
flags		: fpu vme de pse tsc msr pae mce cx8 apic sep mtrr pge mca cmov pat pse36 clflush dts acpi mmx fxsr sse sse2 ss ht tm pbe syscall nx rdtscp lm constant_tsc arch_perfmon pebs bts rep_good nopl xtopology nonstop_tsc aperfmperf eagerfpu pni pclmulqdq dtes64 monitor ds_cpl vmx est tm2 ssse3 cx16 xtpr pdcm pcid sse4_1 sse4_2 x2apic popcnt tsc_deadline_timer aes xsave avx f16c rdrand lahf_lm ida arat epb xsaveopt pln pts dtherm tpr_shadow vnmi flexpriority ept vpid fsgsbase smep erms
bogomips	: 3392.19
clflush size	: 64
cache_alignment	: 64
address sizes	: 36 bits physical, 48 bits virtual
power management:

processor	: 1
vendor_id	: GenuineIntel
cpu family	: 6
model		: 58
model name	: Intel(R) Core(TM) i5-3317U CPU @ 1.70GHz
stepping	: 9
microcode	: 0x12
cpu MHz		: 1701.000
cache size	: 3072 KB
physical id	: 0
siblings	: 4
core id		: 0
cpu cores	: 2
apicid		: 1
initial apicid	: 1
fpu		: yes
fpu_exception	: yes
cpuid level	: 13
wp		: yes
flags		: fpu vme de pse tsc msr pae mce cx8 apic sep mtrr pge mca cmov pat pse36 clflush dts acpi mmx fxsr sse sse2 ss ht tm pbe syscall nx rdtscp lm constant_tsc arch_perfmon pebs bts rep_good nopl xtopology nonstop_tsc aperfmperf eagerfpu pni pclmulqdq dtes64 monitor ds_cpl vmx est tm2 ssse3 cx16 xtpr pdcm pcid sse4_1 sse4_2 x2apic popcnt tsc_deadline_timer aes xsave avx f16c rdrand lahf_lm ida arat epb xsaveopt pln pts dtherm tpr_shadow vnmi flexpriority ept vpid fsgsbase smep erms
bogomips	: 3392.19
clflush size	: 64
cache_alignment	: 64
address sizes	: 36 bits physical, 48 bits virtual
power management:

processor	: 2
vendor_id	: GenuineIntel
cpu family	: 6
model		: 58
model name	: Intel(R) Core(TM) i5-3317U CPU @ 1.70GHz
stepping	: 9
microcode	: 0x12
cpu MHz		: 1701.000
cache size	: 3072 KB
physical id	: 0
siblings	: 4
core id		: 1
cpu cores	: 2
apicid		: 2
initial apicid	: 2
fpu		: yes
fpu_exception	: yes
cpuid level	: 13
wp		: yes
flags		: fpu vme de pse tsc msr pae mce cx8 apic sep mtrr pge mca cmov pat pse36 clflush dts acpi mmx fxsr sse sse2 ss ht tm pbe syscall nx rdtscp lm constant_tsc arch_perfmon pebs bts rep_good nopl xtopology nonstop_tsc aperfmperf eagerfpu pni pclmulqdq dtes64 monitor ds_cpl vmx est tm2 ssse3 cx16 xtpr pdcm pcid sse4_1 sse4_2 x2apic popcnt tsc_deadline_timer aes xsave avx f16c rdrand lahf_lm ida arat epb xsaveopt pln pts dtherm tpr_shadow vnmi flexpriority ept vpid fsgsbase smep erms
bogomips	: 3392.19
clflush size	: 64
cache_alignment	: 64
address sizes	: 36 bits physical, 48 bits virtual
power management:

processor	: 3
vendor_id	: GenuineIntel
cpu family	: 6
model		: 58
model name	: Intel(R) Core(TM) i5-3317U CPU @ 1.70GHz
stepping	: 9
microcode	: 0x12
cpu MHz		: 1701.000
cache size	: 3072 KB
physical id	: 0
siblings	: 4
core id		: 1
cpu cores	: 2
apicid		: 3
initial apicid	: 3
fpu		: yes
fpu_exception	: yes
cpuid level	: 13
wp		: yes
flags		: fpu vme de pse tsc msr pae mce cx8 apic sep mtrr pge mca cmov pat pse36 clflush dts acpi mmx fxsr sse sse2 ss ht tm pbe syscall nx rdtscp lm constant_tsc arch_perfmon pebs bts rep_good nopl xtopology nonstop_tsc aperfmperf eagerfpu pni pclmulqdq dtes64 monitor ds_cpl vmx est tm2 ssse3 cx16 xtpr pdcm pcid sse4_1 sse4_2 x2apic popcnt tsc_deadline_timer aes xsave avx f16c rdrand lahf_lm ida arat epb xsaveopt pln pts dtherm tpr_shadow vnmi flexpriority ept vpid fsgsbase smep erms
bogomips	: 3392.19
clflush size	: 64
cache_alignment	: 64
address sizes	: 36 bits physical, 48 bits virtual
power management:



Memory: 4k page, physical 7873200k(118700k free), swap 0k(0k free)

vm_info: OpenJDK 64-Bit Server VM (24.79-b02) for linux-amd64 JRE (1.7.0_79-b14), built on Apr 16 2015 08:21:58 by "buildd" with gcc 4.8.2

time: Sat Jul 11 15:58:02 2015
elapsed time: 35 seconds

